 FRESCO - FRES 2.3: Coupled Reaction Channels
 Assuming NAMELIST input.

 Xu 2018 Global Fit                                                              

   0.050  30.000   0.500   0.000   0.000   0.000   0.000   0.000   0.000   0.000

 Centre-of-mass Range is    602 * 0.0500 fm., Maximum at  30.00 fm., Interpolating NL forms every  0.50 fm.
 Non - locality width is      4 * 0.0500 fm., Maximum of   0.15 fm., Centred at  0.00 fm.
 2-Nucleon Separation of      0 * 0.5000 fm., Maximum of   0.00 fm., Minimum at  0.00 fm.
 Maximum single particle bins of 30.0000 fm.
               M,Mint =  601 601


 Range of total J is     0.0 <= J <=    60.0 and Absorbtion =>     0.0100 mb.
 Dry Run = F, CC set limits =  0  0, Relativistic kinematics =  , Both/Far/Near Analyses =  1

 Cross Sections (and up to T0 for 0=projectile) for Theta from   0.0 to 180.0 in steps of  1.0 degrees.  Coordinates = 0 (Mads)

 Lower Radial Cutoff = maximum of -1.60*L*h &       0.0 fm.,  Lower Cutoff for Couplings =   0.0  fm.


 Iterate Couplings between   0 and   0 times, to  0.000 % if sooner.                                          
  Block solved exactly =   0 chs., with Pade = 0 & Isocen =  =0, NOSOL = F
  NL quadrature with   18 Gaussian points, Calculate multipoles up to    66 from   0
  M-transfers for lp+lt greater than or equal to  6, Angular Integration Cutoff below  2.7778 %


 Trace switches are :  CHANS =  1, LISTCC =  0, TRENEG =  0, CDETR =  0, SMATS =  2, XSTABL =  1, NLPL =  0

                       WAVES =  0, LAMPL =  0, VEFF =  0, KFUS =  0, WDISK =  0, BPM =  0, MELFIL =  0

                       CDCC =  0, NFUS =  0

 Using unit mass = 1.000000 amu and 1/fine-structure constant = 137.03599 ( 1.000000 * true ) with hc = 197.32705 MeV.fm,
  thus 2*amu/hbar^2 = 0.0478450 = 1/20.9008 and Coulomb constant = 0.1574855 so e^2 = 1.43997, and nuclear magneton= 0.1261183

 Now pre-scan input and save to file 3

Allocating FORMF(  602       3) in   0.000 GB


 *********** PARTITION NUMBER  1 ******************************************************************************************

   PROJ=6Li        MASS=  6.0150 Z=   3.0,        # STATES=  1T, TARG=19F      MASS= 18.9980 Z=   9.0,     Q-VALUE =   0.0000 MEV.

  1:  J= 1.0+ (B# 1), E=  0.0000, K= 0.0              Potl#  1       J= 0.5+ (B# 1), E=  0.0000, K= 0.5    


 ************************************************************************************************************************************

 The following POTENTIALS are defined :

  KP#       TYPE      IT    SHAPE      at     V1        r1        a1        V2        r2        a2        A-in     A-used


                                            A#1       A#2        r0c       ac                                                h @ 1
    1    0=Coulomb       0=CHARGE (WS)  1    18.998     0.000    1.6740    0.0000    0.0000    0.0000     0.000    18.998   0.05000

    1    1=Volume        0=Woods-Saxon  2  278.8245    1.1200    0.8140   13.4709    1.5370    0.7260     0.000    18.998

    1    2=Surface       0=Woods-Saxon  3   30.1171    1.3110    0.9390    0.0000    0.0000    0.0000     0.000    18.998
0Incoming partition  1 in excitation state # 1,   Laboratory Energy given for partition  1 Nucleus 1 in Excitation pair 1

0Lab. ENERGY ranges :

   from    20.0000     to   0.00000     in     0 intervals
   from    0.00000     to   0.00000     in     0 intervals
   from    0.00000     to   0.00000     in     0 intervals

 Largest real,imaginary parts of any form factor at R=   29.45 are   4.89E-02  9.24E-15 MeV
 Finished all Couplings @  0.

 Symmetric Hamiltonian
1***********************************************************************************************************************************
************************************************************************************************************************************

        INCOMING 6Li      ;    LABORATORY 6Li      ENERGY =   20.000     MeV.

 ***********************************************************************************************************************************
 ***********************************************************************************************************************************


  NOTE: Coulomb excitation cut off below   4.417 deg by JTMAX, and below   4.888 deg by Rmax

 Allocate arrays for  2  channels, of which  2  need wfs.

 ######################################################################################################################
 #                                                                                                                    #
 # Total SPIN and PARITY =     0.5 +,  2 channels,  0 in 1st block.  Rmin & Coul turning =    0.0    2.6 fm.  #
 #                                                                                                                    #
 ######################################################################################################################



   C Projectl Target   # EX.   (L  Proj) J  + Targ = Jtotal     E-cm      Re K     Re Eta     RM*K            CH
   1 6Li      19F      # 1 : I   0 1.0    1.0  0.5     0.5    15.19050   1.82219   2.33188   54.6657  -0.09109   0.50309 1 1 1 1
   2 6Li      19F      # 1 : I   2 1.0    1.0  0.5     0.5    15.19050   1.82219   2.33188   54.6657   0.39389   0.32640 1 1 1 1
   S-matrix    1 =   -0.10852  -0.07335 for L=    0, J=    1.0 channel on core I =   0.5 from L=    0,  Acc. loss =  0.0 D.
 Elastic phase shift   1 =  -72.972  58.231 deg. for the L =    0, J =    1.0 channel.
       0.5 -0.10852438 -0.07335410i: elastic S-matrix  @@      0.00  0   0 F  0
 Reaction Xsec     0.5+/ 0 @ 1 =   3.100 , Out:   0.000#

   S-matrix    2 =    0.07501  -0.10677 for L=    2, J=    1.0 channel on core I =   0.5 from L=    2,  Acc. loss =  0.0 D.
 Elastic phase shift   2 =  -27.455  58.340 deg. for the L =    2, J =    1.0 channel.
       0.5  0.07501468 -0.10677315i: elastic S-matrix  @@      0.00  0   0 F  0
 Reaction Xsec     0.5+/ 2 @ 2 =   3.100 , Out:   0.000#


 Total SPIN, PARITY =     0.5 -,   2 chs,   0 cc.  Rmin & Coul turning =    0.0    2.6
   S-matrix    1 =    0.04686   0.12095 for L=    1, J=    0.0 channel on core I =   0.5 from L=    1,  Acc. loss =  0.0 D.
 Elastic phase shift   1 =   34.412  58.511 deg. for the L =    1, J =    0.0 channel.
       0.5  0.04685918  0.12095462i: elastic S-matrix  @@      0.00  0   0 F  0
 Reaction Xsec     0.5-/ 1 @ 1 =   3.101 , Out:   0.000#

   S-matrix    2 =    0.04686   0.12095 for L=    1, J=    1.0 channel on core I =   0.5 from L=    1,  Acc. loss =  0.0 D.
 Elastic phase shift   2 =   34.412  58.511 deg. for the L =    1, J =    1.0 channel.
       0.5  0.04685918  0.12095462i: elastic S-matrix  @@      0.00  0   0 F  0
 Reaction Xsec     0.5-/ 1 @ 2 =   3.101 , Out:   0.000#

 Allocate arrays for  3  channels, of which  3  need wfs.

 Total SPIN, PARITY =     1.5 +,   3 chs,   0 cc.  Rmin & Coul turning =    0.1    2.8
   S-matrix    1 =   -0.10852  -0.07335 for L=    0, J=    1.0 channel on core I =   0.5 from L=    0,  Acc. loss =  0.0 D.
 Elastic phase shift   1 =  -72.972  58.231 deg. for the L =    0, J =    1.0 channel.
       1.5 -0.10852438 -0.07335410i: elastic S-matrix  @@      0.00  0   0 F  0
 Reaction Xsec     1.5+/ 0 @ 1 =   6.199 , Out:   0.000#

   S-matrix    2 =    0.07501  -0.10677 for L=    2, J=    1.0 channel on core I =   0.5 from L=    2,  Acc. loss =  0.0 D.
 Elastic phase shift   2 =  -27.455  58.340 deg. for the L =    2, J =    1.0 channel.
       1.5  0.07501468 -0.10677315i: elastic S-matrix  @@      0.00  0   0 F  0
 Reaction Xsec     1.5+/ 2 @ 2 =   6.200 , Out:   0.000#

   S-matrix    3 =    0.07501  -0.10677 for L=    2, J=    2.0 channel on core I =   0.5 from L=    2,  Acc. loss =  0.0 D.
 Elastic phase shift   3 =  -27.455  58.340 deg. for the L =    2, J =    2.0 channel.
       1.5  0.07501468 -0.10677315i: elastic S-matrix  @@      0.00  0   0 F  0
 Reaction Xsec     1.5+/ 2 @ 3 =   6.200 , Out:   0.000#


 Total SPIN, PARITY =     1.5 -,   3 chs,   0 cc.  Rmin & Coul turning =    0.1    2.8
   S-matrix    1 =    0.04686   0.12095 for L=    1, J=    1.0 channel on core I =   0.5 from L=    1,  Acc. loss =  0.0 D.
 Elastic phase shift   1 =   34.412  58.511 deg. for the L =    1, J =    1.0 channel.
       1.5  0.04685918  0.12095462i: elastic S-matrix  @@      0.00  0   0 F  0
 Reaction Xsec     1.5-/ 1 @ 1 =   6.202 , Out:   0.000#

   S-matrix    2 =    0.04686   0.12095 for L=    1, J=    2.0 channel on core I =   0.5 from L=    1,  Acc. loss =  0.0 D.
 Elastic phase shift   2 =   34.412  58.511 deg. for the L =    1, J =    2.0 channel.
       1.5  0.04685918  0.12095462i: elastic S-matrix  @@      0.00  0   0 F  0
 Reaction Xsec     1.5-/ 1 @ 2 =   6.202 , Out:   0.000#

   S-matrix    3 =   -0.12433  -0.03068 for L=    3, J=    2.0 channel on core I =   0.5 from L=    3,  Acc. loss =  0.0 D.
 Elastic phase shift   3 =  -83.070  58.880 deg. for the L =    3, J =    2.0 channel.
       1.5 -0.12432633 -0.03067654i: elastic S-matrix  @@      0.00  0   0 F  0
 Reaction Xsec     1.5-/ 3 @ 3 =   6.204 , Out:   0.000#


 Total SPIN, PARITY =     2.5 +,   3 chs,   0 cc.  Rmin & Coul turning =    0.2    3.1
   S-matrix    1 =    0.07501  -0.10677 for L=    2, J=    2.0 channel on core I =   0.5 from L=    2,  Acc. loss =  0.0 D.
 Elastic phase shift   1 =  -27.455  58.340 deg. for the L =    2, J =    2.0 channel.
       2.5  0.07501468 -0.10677315i: elastic S-matrix  @@      0.00  0   0 F  0
 Reaction Xsec     2.5+/ 2 @ 1 =   9.300 , Out:   0.000#

   S-matrix    2 =    0.07501  -0.10677 for L=    2, J=    3.0 channel on core I =   0.5 from L=    2,  Acc. loss =  0.0 D.
 Elastic phase shift   2 =  -27.455  58.340 deg. for the L =    2, J =    3.0 channel.
       2.5  0.07501468 -0.10677315i: elastic S-matrix  @@      0.00  0   0 F  0
 Reaction Xsec     2.5+/ 2 @ 2 =   9.300 , Out:   0.000#

   S-matrix    3 =    0.01346   0.12842 for L=    4, J=    3.0 channel on core I =   0.5 from L=    4,  Acc. loss =  0.0 D.
 Elastic phase shift   3 =   42.009  58.641 deg. for the L =    4, J =    3.0 channel.
       2.5  0.01345817  0.12842277i: elastic S-matrix  @@      0.00  0   0 F  0
 Reaction Xsec     2.5+/ 4 @ 3 =   9.304 , Out:   0.000#


 Total SPIN, PARITY =     2.5 -,   3 chs,   0 cc.  Rmin & Coul turning =    0.2    3.1
   S-matrix    1 =    0.04686   0.12095 for L=    1, J=    2.0 channel on core I =   0.5 from L=    1,  Acc. loss =  0.0 D.
 Elastic phase shift   1 =   34.412  58.511 deg. for the L =    1, J =    2.0 channel.
       2.5  0.04685918  0.12095462i: elastic S-matrix  @@      0.00  0   0 F  0
 Reaction Xsec     2.5-/ 1 @ 1 =   9.302 , Out:   0.000#

   S-matrix    2 =   -0.12433  -0.03068 for L=    3, J=    2.0 channel on core I =   0.5 from L=    3,  Acc. loss =  0.0 D.
 Elastic phase shift   2 =  -83.070  58.880 deg. for the L =    3, J =    2.0 channel.
       2.5 -0.12432633 -0.03067654i: elastic S-matrix  @@      0.00  0   0 F  0
 Reaction Xsec     2.5-/ 3 @ 2 =   9.306 , Out:   0.000#

   S-matrix    3 =   -0.12433  -0.03068 for L=    3, J=    3.0 channel on core I =   0.5 from L=    3,  Acc. loss =  0.0 D.
 Elastic phase shift   3 =  -83.070  58.880 deg. for the L =    3, J =    3.0 channel.
       2.5 -0.12432633 -0.03067654i: elastic S-matrix  @@      0.00  0   0 F  0
 Reaction Xsec     2.5-/ 3 @ 3 =   9.306 , Out:   0.000#


 Total SPIN, PARITY =     3.5 +,   3 chs,   0 cc.  Rmin & Coul turning =    0.2    3.6
   S-matrix    1 =    0.07501  -0.10677 for L=    2, J=    3.0 channel on core I =   0.5 from L=    2,  Acc. loss =  0.0 D.
 Elastic phase shift   1 =  -27.455  58.340 deg. for the L =    2, J =    3.0 channel.
       3.5  0.07501468 -0.10677315i: elastic S-matrix  @@      0.00  0   0 F  0
 Reaction Xsec     3.5+/ 2 @ 1 =  12.401 , Out:   0.000#

   S-matrix    2 =    0.01346   0.12842 for L=    4, J=    3.0 channel on core I =   0.5 from L=    4,  Acc. loss =  0.0 D.
 Elastic phase shift   2 =   42.009  58.641 deg. for the L =    4, J =    3.0 channel.
       3.5  0.01345817  0.12842277i: elastic S-matrix  @@      0.00  0   0 F  0
 Reaction Xsec     3.5+/ 4 @ 2 =  12.405 , Out:   0.000#

   S-matrix    3 =    0.01346   0.12842 for L=    4, J=    4.0 channel on core I =   0.5 from L=    4,  Acc. loss =  0.0 D.
 Elastic phase shift   3 =   42.009  58.641 deg. for the L =    4, J =    4.0 channel.
       3.5  0.01345817  0.12842277i: elastic S-matrix  @@      0.00  0   0 F  0
 Reaction Xsec     3.5+/ 4 @ 3 =  12.405 , Out:   0.000#


 Total SPIN, PARITY =     3.5 -,   3 chs,   0 cc.  Rmin & Coul turning =    0.2    3.6
   S-matrix    1 =   -0.12433  -0.03068 for L=    3, J=    3.0 channel on core I =   0.5 from L=    3,  Acc. loss =  0.0 D.
 Elastic phase shift   1 =  -83.070  58.880 deg. for the L =    3, J =    3.0 channel.
       3.5 -0.12432633 -0.03067654i: elastic S-matrix  @@      0.00  0   0 F  0
 Reaction Xsec     3.5-/ 3 @ 1 =  12.409 , Out:   0.000#

   S-matrix    2 =   -0.12433  -0.03068 for L=    3, J=    4.0 channel on core I =   0.5 from L=    3,  Acc. loss =  0.0 D.
 Elastic phase shift   2 =  -83.070  58.880 deg. for the L =    3, J =    4.0 channel.
       3.5 -0.12432633 -0.03067654i: elastic S-matrix  @@      0.00  0   0 F  0
 Reaction Xsec     3.5-/ 3 @ 2 =  12.409 , Out:   0.000#

   S-matrix    3 =    0.10949  -0.05849 for L=    5, J=    4.0 channel on core I =   0.5 from L=    5,  Acc. loss =  0.0 D.
 Elastic phase shift   3 =  -14.056  59.772 deg. for the L =    5, J =    4.0 channel.
       3.5  0.10948589 -0.05848754i: elastic S-matrix  @@      0.00  0   0 F  0
 Reaction Xsec     3.5-/ 5 @ 3 =  12.421 , Out:   0.000#


 Total SPIN, PARITY =     4.5 +,   3 chs,   0 cc.  Rmin & Coul turning =    0.3    4.0
   S-matrix    1 =    0.01346   0.12842 for L=    4, J=    4.0 channel on core I =   0.5 from L=    4,  Acc. loss =  0.0 D.
 Elastic phase shift   1 =   42.009  58.641 deg. for the L =    4, J =    4.0 channel.
       4.5  0.01345817  0.12842277i: elastic S-matrix  @@      0.00  0   0 F  0
 Reaction Xsec     4.5+/ 4 @ 1 =  15.506 , Out:   0.000#

   S-matrix    2 =    0.01346   0.12842 for L=    4, J=    5.0 channel on core I =   0.5 from L=    4,  Acc. loss =  0.0 D.
 Elastic phase shift   2 =   42.009  58.641 deg. for the L =    4, J =    5.0 channel.
       4.5  0.01345817  0.12842277i: elastic S-matrix  @@      0.00  0   0 F  0
 Reaction Xsec     4.5+/ 4 @ 2 =  15.506 , Out:   0.000#

   S-matrix    3 =   -0.10758  -0.06933 for L=    6, J=    5.0 channel on core I =   0.5 from L=    6,  Acc. loss =  0.0 D.
 Elastic phase shift   3 =  -73.600  58.895 deg. for the L =    6, J =    5.0 channel.
       4.5 -0.10758195 -0.06932994i: elastic S-matrix  @@      0.00  0   0 F  0
 Reaction Xsec     4.5+/ 6 @ 3 =  15.511 , Out:   0.000#


 Total SPIN, PARITY =     4.5 -,   3 chs,   0 cc.  Rmin & Coul turning =    0.3    4.0
   S-matrix    1 =   -0.12433  -0.03068 for L=    3, J=    4.0 channel on core I =   0.5 from L=    3,  Acc. loss =  0.0 D.
 Elastic phase shift   1 =  -83.070  58.880 deg. for the L =    3, J =    4.0 channel.
       4.5 -0.12432633 -0.03067654i: elastic S-matrix  @@      0.00  0   0 F  0
 Reaction Xsec     4.5-/ 3 @ 1 =  15.511 , Out:   0.000#

   S-matrix    2 =    0.10949  -0.05849 for L=    5, J=    4.0 channel on core I =   0.5 from L=    5,  Acc. loss =  0.0 D.
 Elastic phase shift   2 =  -14.056  59.772 deg. for the L =    5, J =    4.0 channel.
       4.5  0.10948589 -0.05848754i: elastic S-matrix  @@      0.00  0   0 F  0
 Reaction Xsec     4.5-/ 5 @ 2 =  15.526 , Out:   0.000#

   S-matrix    3 =    0.10949  -0.05849 for L=    5, J=    5.0 channel on core I =   0.5 from L=    5,  Acc. loss =  0.0 D.
 Elastic phase shift   3 =  -14.056  59.772 deg. for the L =    5, J =    5.0 channel.
       4.5  0.10948589 -0.05848754i: elastic S-matrix  @@      0.00  0   0 F  0
 Reaction Xsec     4.5-/ 5 @ 3 =  15.526 , Out:   0.000#


 Total SPIN, PARITY =     5.5 +,   3 chs,   0 cc.  Rmin & Coul turning =    0.4    4.5
   S-matrix    1 =    0.01346   0.12842 for L=    4, J=    5.0 channel on core I =   0.5 from L=    4,  Acc. loss =  0.0 D.
 Elastic phase shift   1 =   42.009  58.641 deg. for the L =    4, J =    5.0 channel.
       5.5  0.01345817  0.12842277i: elastic S-matrix  @@      0.00  0   0 F  0
 Reaction Xsec     5.5+/ 4 @ 1 =  18.608 , Out:   0.000#

   S-matrix    2 =   -0.10758  -0.06933 for L=    6, J=    5.0 channel on core I =   0.5 from L=    6,  Acc. loss =  0.0 D.
 Elastic phase shift   2 =  -73.600  58.895 deg. for the L =    6, J =    5.0 channel.
       5.5 -0.10758195 -0.06932994i: elastic S-matrix  @@      0.00  0   0 F  0
 Reaction Xsec     5.5+/ 6 @ 2 =  18.613 , Out:   0.000#

   S-matrix    3 =   -0.10758  -0.06933 for L=    6, J=    6.0 channel on core I =   0.5 from L=    6,  Acc. loss =  0.0 D.
 Elastic phase shift   3 =  -73.600  58.895 deg. for the L =    6, J =    6.0 channel.
       5.5 -0.10758195 -0.06932994i: elastic S-matrix  @@      0.00  0   0 F  0
 Reaction Xsec     5.5+/ 6 @ 3 =  18.613 , Out:   0.000#


 Total SPIN, PARITY =     5.5 -,   3 chs,   0 cc.  Rmin & Coul turning =    0.4    4.5
   S-matrix    1 =    0.10949  -0.05849 for L=    5, J=    5.0 channel on core I =   0.5 from L=    5,  Acc. loss =  0.0 D.
 Elastic phase shift   1 =  -14.056  59.772 deg. for the L =    5, J =    5.0 channel.
       5.5  0.10948589 -0.05848754i: elastic S-matrix  @@      0.00  0   0 F  0
 Reaction Xsec     5.5-/ 5 @ 1 =  18.632 , Out:   0.000#

   S-matrix    2 =    0.10949  -0.05849 for L=    5, J=    6.0 channel on core I =   0.5 from L=    5,  Acc. loss =  0.0 D.
 Elastic phase shift   2 =  -14.056  59.772 deg. for the L =    5, J =    6.0 channel.
       5.5  0.10948589 -0.05848754i: elastic S-matrix  @@      0.00  0   0 F  0
 Reaction Xsec     5.5-/ 5 @ 2 =  18.632 , Out:   0.000#

   S-matrix    3 =    0.01656   0.11314 for L=    7, J=    6.0 channel on core I =   0.5 from L=    7,  Acc. loss =  0.0 D.
 Elastic phase shift   3 =   40.838  62.123 deg. for the L =    7, J =    6.0 channel.
       5.5  0.01655555  0.11314377i: elastic S-matrix  @@      0.00  0   0 F  0
 Reaction Xsec     5.5-/ 7 @ 3 =  18.676 , Out:   0.000#


 Total SPIN, PARITY =     6.5 +,   3 chs,   0 cc.  Rmin & Coul turning =    0.5    5.1
   S-matrix    1 =   -0.10758  -0.06933 for L=    6, J=    6.0 channel on core I =   0.5 from L=    6,  Acc. loss =  0.0 D.
 Elastic phase shift   1 =  -73.600  58.895 deg. for the L =    6, J =    6.0 channel.
       6.5 -0.10758195 -0.06932994i: elastic S-matrix  @@      0.00  0   0 F  0
 Reaction Xsec     6.5+/ 6 @ 1 =  21.715 , Out:   0.000#

   S-matrix    2 =   -0.10758  -0.06933 for L=    6, J=    7.0 channel on core I =   0.5 from L=    6,  Acc. loss =  0.0 D.
 Elastic phase shift   2 =  -73.600  58.895 deg. for the L =    6, J =    7.0 channel.
       6.5 -0.10758195 -0.06932994i: elastic S-matrix  @@      0.00  0   0 F  0
 Reaction Xsec     6.5+/ 6 @ 2 =  21.715 , Out:   0.000#

   S-matrix    3 =    0.07411  -0.10776 for L=    8, J=    7.0 channel on core I =   0.5 from L=    8,  Acc. loss =  0.0 D.
 Elastic phase shift   3 =  -27.740  58.276 deg. for the L =    8, J =    7.0 channel.
       6.5  0.07411444 -0.10775628i: elastic S-matrix  @@      0.00  0   0 F  0
 Reaction Xsec     6.5+/ 8 @ 3 =  21.699 , Out:   0.000#


 Total SPIN, PARITY =     6.5 -,   3 chs,   0 cc.  Rmin & Coul turning =    0.5    5.1
   S-matrix    1 =    0.10949  -0.05849 for L=    5, J=    6.0 channel on core I =   0.5 from L=    5,  Acc. loss =  0.0 D.
 Elastic phase shift   1 =  -14.056  59.772 deg. for the L =    5, J =    6.0 channel.
       6.5  0.10948589 -0.05848754i: elastic S-matrix  @@      0.00  0   0 F  0
 Reaction Xsec     6.5-/ 5 @ 1 =  21.737 , Out:   0.000#

   S-matrix    2 =    0.01656   0.11314 for L=    7, J=    6.0 channel on core I =   0.5 from L=    7,  Acc. loss =  0.0 D.
 Elastic phase shift   2 =   40.838  62.123 deg. for the L =    7, J =    6.0 channel.
       6.5  0.01655555  0.11314377i: elastic S-matrix  @@      0.00  0   0 F  0
 Reaction Xsec     6.5-/ 7 @ 2 =  21.788 , Out:   0.000#

   S-matrix    3 =    0.01656   0.11314 for L=    7, J=    7.0 channel on core I =   0.5 from L=    7,  Acc. loss =  0.0 D.
 Elastic phase shift   3 =   40.838  62.123 deg. for the L =    7, J =    7.0 channel.
       6.5  0.01655555  0.11314377i: elastic S-matrix  @@      0.00  0   0 F  0
 Reaction Xsec     6.5-/ 7 @ 3 =  21.788 , Out:   0.000#


 Total SPIN, PARITY =     7.5 +,   3 chs,   0 cc.  Rmin & Coul turning =    0.6    5.6
   S-matrix    1 =   -0.10758  -0.06933 for L=    6, J=    7.0 channel on core I =   0.5 from L=    6,  Acc. loss =  0.0 D.
 Elastic phase shift   1 =  -73.600  58.895 deg. for the L =    6, J =    7.0 channel.
       7.5 -0.10758195 -0.06932994i: elastic S-matrix  @@      0.00  0   0 F  0
 Reaction Xsec     7.5+/ 6 @ 1 =  24.818 , Out:   0.000#

   S-matrix    2 =    0.07411  -0.10776 for L=    8, J=    7.0 channel on core I =   0.5 from L=    8,  Acc. loss =  0.0 D.
 Elastic phase shift   2 =  -27.740  58.276 deg. for the L =    8, J =    7.0 channel.
       7.5  0.07411444 -0.10775628i: elastic S-matrix  @@      0.00  0   0 F  0
 Reaction Xsec     7.5+/ 8 @ 2 =  24.799 , Out:   0.000#

   S-matrix    3 =    0.07411  -0.10776 for L=    8, J=    8.0 channel on core I =   0.5 from L=    8,  Acc. loss =  0.0 D.
 Elastic phase shift   3 =  -27.740  58.276 deg. for the L =    8, J =    8.0 channel.
       7.5  0.07411444 -0.10775628i: elastic S-matrix  @@      0.00  0   0 F  0
 Reaction Xsec     7.5+/ 8 @ 3 =  24.799 , Out:   0.000#


 Total SPIN, PARITY =     7.5 -,   3 chs,   0 cc.  Rmin & Coul turning =    0.6    5.6
   S-matrix    1 =    0.01656   0.11314 for L=    7, J=    7.0 channel on core I =   0.5 from L=    7,  Acc. loss =  0.0 D.
 Elastic phase shift   1 =   40.838  62.123 deg. for the L =    7, J =    7.0 channel.
       7.5  0.01655555  0.11314377i: elastic S-matrix  @@      0.00  0   0 F  0
 Reaction Xsec     7.5-/ 7 @ 1 =  24.901 , Out:   0.000#

   S-matrix    2 =    0.01656   0.11314 for L=    7, J=    8.0 channel on core I =   0.5 from L=    7,  Acc. loss =  0.0 D.
 Elastic phase shift   2 =   40.838  62.123 deg. for the L =    7, J =    8.0 channel.
       7.5  0.01655555  0.11314377i: elastic S-matrix  @@      0.00  0   0 F  0
 Reaction Xsec     7.5-/ 7 @ 2 =  24.901 , Out:   0.000#

   S-matrix    3 =   -0.04782   0.09468 for L=    9, J=    8.0 channel on core I =   0.5 from L=    9,  Acc. loss =  0.0 D.
 Elastic phase shift   3 =   58.399  64.277 deg. for the L =    9, J =    8.0 channel.
       7.5 -0.04781804  0.09467548i: elastic S-matrix  @@      0.00  0   0 F  0
 Reaction Xsec     7.5-/ 9 @ 3 =  24.947 , Out:   0.000#


 Total SPIN, PARITY =     8.5 +,   3 chs,   0 cc.  Rmin & Coul turning =    0.6    6.1
   S-matrix    1 =    0.07411  -0.10776 for L=    8, J=    8.0 channel on core I =   0.5 from L=    8,  Acc. loss =  0.0 D.
 Elastic phase shift   1 =  -27.740  58.276 deg. for the L =    8, J =    8.0 channel.
       8.5  0.07411444 -0.10775628i: elastic S-matrix  @@      0.00  0   0 F  0
 Reaction Xsec     8.5+/ 8 @ 1 =  27.899 , Out:   0.000#

   S-matrix    2 =    0.07411  -0.10776 for L=    8, J=    9.0 channel on core I =   0.5 from L=    8,  Acc. loss =  0.0 D.
 Elastic phase shift   2 =  -27.740  58.276 deg. for the L =    8, J =    9.0 channel.
       8.5  0.07411444 -0.10775628i: elastic S-matrix  @@      0.00  0   0 F  0
 Reaction Xsec     8.5+/ 8 @ 2 =  27.899 , Out:   0.000#

   S-matrix    3 =    0.12596   0.01567 for L=   10, J=    9.0 channel on core I =   0.5 from L=   10,  Acc. loss =  0.0 D.
 Elastic phase shift   3 =    3.546  59.133 deg. for the L =   10, J =    9.0 channel.
       8.5  0.12595810  0.01566930i: elastic S-matrix  @@      0.00  0   0 F  0
 Reaction Xsec     8.5+/10 @ 3 =  27.927 , Out:   0.000#


 Total SPIN, PARITY =     8.5 -,   3 chs,   0 cc.  Rmin & Coul turning =    0.6    6.1
   S-matrix    1 =    0.01656   0.11314 for L=    7, J=    8.0 channel on core I =   0.5 from L=    7,  Acc. loss =  0.0 D.
 Elastic phase shift   1 =   40.838  62.123 deg. for the L =    7, J =    8.0 channel.
       8.5  0.01655555  0.11314377i: elastic S-matrix  @@      0.00  0   0 F  0
 Reaction Xsec     8.5-/ 7 @ 1 =  28.014 , Out:   0.000#

   S-matrix    2 =   -0.04782   0.09468 for L=    9, J=    8.0 channel on core I =   0.5 from L=    9,  Acc. loss =  0.0 D.
 Elastic phase shift   2 =   58.399  64.277 deg. for the L =    9, J =    8.0 channel.
       8.5 -0.04781804  0.09467548i: elastic S-matrix  @@      0.00  0   0 F  0
 Reaction Xsec     8.5-/ 9 @ 2 =  28.065 , Out:   0.000#

   S-matrix    3 =   -0.04782   0.09468 for L=    9, J=    9.0 channel on core I =   0.5 from L=    9,  Acc. loss =  0.0 D.
 Elastic phase shift   3 =   58.399  64.277 deg. for the L =    9, J =    9.0 channel.
       8.5 -0.04781804  0.09467548i: elastic S-matrix  @@      0.00  0   0 F  0
 Reaction Xsec     8.5-/ 9 @ 3 =  28.065 , Out:   0.000#


 Total SPIN, PARITY =     9.5 +,   3 chs,   0 cc.  Rmin & Coul turning =    0.7    6.6
   S-matrix    1 =    0.07411  -0.10776 for L=    8, J=    9.0 channel on core I =   0.5 from L=    8,  Acc. loss =  0.0 D.
 Elastic phase shift   1 =  -27.740  58.276 deg. for the L =    8, J =    9.0 channel.
       9.5  0.07411444 -0.10775628i: elastic S-matrix  @@      0.00  0   0 F  0
 Reaction Xsec     9.5+/ 8 @ 1 =  30.999 , Out:   0.000#

   S-matrix    2 =    0.12596   0.01567 for L=   10, J=    9.0 channel on core I =   0.5 from L=   10,  Acc. loss =  0.0 D.
 Elastic phase shift   2 =    3.546  59.133 deg. for the L =   10, J =    9.0 channel.
       9.5  0.12595810  0.01566930i: elastic S-matrix  @@      0.00  0   0 F  0
 Reaction Xsec     9.5+/10 @ 2 =  31.030 , Out:   0.000#

   S-matrix    3 =    0.12596   0.01567 for L=   10, J=   10.0 channel on core I =   0.5 from L=   10,  Acc. loss =  0.0 D.
 Elastic phase shift   3 =    3.546  59.133 deg. for the L =   10, J =   10.0 channel.
       9.5  0.12595810  0.01566930i: elastic S-matrix  @@      0.00  0   0 F  0
 Reaction Xsec     9.5+/10 @ 3 =  31.030 , Out:   0.000#


 Total SPIN, PARITY =     9.5 -,   3 chs,   0 cc.  Rmin & Coul turning =    0.7    6.6
   S-matrix    1 =   -0.04782   0.09468 for L=    9, J=    9.0 channel on core I =   0.5 from L=    9,  Acc. loss =  0.0 D.
 Elastic phase shift   1 =   58.399  64.277 deg. for the L =    9, J =    9.0 channel.
       9.5 -0.04781804  0.09467548i: elastic S-matrix  @@      0.00  0   0 F  0
 Reaction Xsec     9.5-/ 9 @ 1 =  31.184 , Out:   0.000#

   S-matrix    2 =   -0.04782   0.09468 for L=    9, J=   10.0 channel on core I =   0.5 from L=    9,  Acc. loss =  0.0 D.
 Elastic phase shift   2 =   58.399  64.277 deg. for the L =    9, J =   10.0 channel.
       9.5 -0.04781804  0.09467548i: elastic S-matrix  @@      0.00  0   0 F  0
 Reaction Xsec     9.5-/ 9 @ 2 =  31.184 , Out:   0.000#

   S-matrix    3 =    0.10882   0.37708 for L=   11, J=   10.0 channel on core I =   0.5 from L=   11,  Acc. loss =  0.0 D.
 Elastic phase shift   3 =   36.951  26.794 deg. for the L =   11, J =   10.0 channel.
       9.5  0.10882264  0.37708194i: elastic S-matrix  @@      0.00  0   0 F  0
 Reaction Xsec     9.5-/11 @ 3 =  26.681 , Out:   0.000#


 Total SPIN, PARITY =    10.5 +,   3 chs,   0 cc.  Rmin & Coul turning =    0.8    7.2
   S-matrix    1 =    0.12596   0.01567 for L=   10, J=   10.0 channel on core I =   0.5 from L=   10,  Acc. loss =  0.0 D.
 Elastic phase shift   1 =    3.546  59.133 deg. for the L =   10, J =   10.0 channel.
      10.5  0.12595810  0.01566930i: elastic S-matrix  @@      0.00  0   0 F  0
 Reaction Xsec    10.5+/10 @ 1 =  34.133 , Out:   0.000#

   S-matrix    2 =    0.12596   0.01567 for L=   10, J=   11.0 channel on core I =   0.5 from L=   10,  Acc. loss =  0.0 D.
 Elastic phase shift   2 =    3.546  59.133 deg. for the L =   10, J =   11.0 channel.
      10.5  0.12595810  0.01566930i: elastic S-matrix  @@      0.00  0   0 F  0
 Reaction Xsec    10.5+/10 @ 2 =  34.133 , Out:   0.000#

   S-matrix    3 =    0.40758   0.57790 for L=   12, J=   11.0 channel on core I =   0.5 from L=   12,  Acc. loss =  0.0 D.
 Elastic phase shift   3 =   27.403   9.926 deg. for the L =   12, J =   11.0 channel.
      10.5  0.40758032  0.57789970i: elastic S-matrix  @@      0.00  0   0 F  0
 Reaction Xsec    10.5+/12 @ 3 =  17.343 , Out:   0.000#


 Total SPIN, PARITY =    10.5 -,   3 chs,   0 cc.  Rmin & Coul turning =    0.8    7.2
   S-matrix    1 =   -0.04782   0.09468 for L=    9, J=   10.0 channel on core I =   0.5 from L=    9,  Acc. loss =  0.0 D.
 Elastic phase shift   1 =   58.399  64.277 deg. for the L =    9, J =   10.0 channel.
      10.5 -0.04781804  0.09467548i: elastic S-matrix  @@      0.00  0   0 F  0
 Reaction Xsec    10.5-/ 9 @ 1 =  34.302 , Out:   0.000#

   S-matrix    2 =    0.10882   0.37708 for L=   11, J=   10.0 channel on core I =   0.5 from L=   11,  Acc. loss =  0.0 D.
 Elastic phase shift   2 =   36.951  26.794 deg. for the L =   11, J =   10.0 channel.
      10.5  0.10882264  0.37708194i: elastic S-matrix  @@      0.00  0   0 F  0
 Reaction Xsec    10.5-/11 @ 2 =  29.349 , Out:   0.000#

   S-matrix    3 =    0.10882   0.37708 for L=   11, J=   11.0 channel on core I =   0.5 from L=   11,  Acc. loss =  0.0 D.
 Elastic phase shift   3 =   36.951  26.794 deg. for the L =   11, J =   11.0 channel.
      10.5  0.10882264  0.37708194i: elastic S-matrix  @@      0.00  0   0 F  0
 Reaction Xsec    10.5-/11 @ 3 =  29.349 , Out:   0.000#


 Total SPIN, PARITY =    11.5 +,   3 chs,   0 cc.  Rmin & Coul turning =    0.9    7.7
   S-matrix    1 =    0.12596   0.01567 for L=   10, J=   11.0 channel on core I =   0.5 from L=   10,  Acc. loss =  0.0 D.
 Elastic phase shift   1 =    3.546  59.133 deg. for the L =   10, J =   11.0 channel.
      11.5  0.12595810  0.01566930i: elastic S-matrix  @@      0.00  0   0 F  0
 Reaction Xsec    11.5+/10 @ 1 =  37.237 , Out:   0.000#

   S-matrix    2 =    0.40758   0.57790 for L=   12, J=   11.0 channel on core I =   0.5 from L=   12,  Acc. loss =  0.0 D.
 Elastic phase shift   2 =   27.403   9.926 deg. for the L =   12, J =   11.0 channel.
      11.5  0.40758032  0.57789970i: elastic S-matrix  @@      0.00  0   0 F  0
 Reaction Xsec    11.5+/12 @ 2 =  18.920 , Out:   0.000#

   S-matrix    3 =    0.40758   0.57790 for L=   12, J=   12.0 channel on core I =   0.5 from L=   12,  Acc. loss =  0.0 D.
 Elastic phase shift   3 =   27.403   9.926 deg. for the L =   12, J =   12.0 channel.
      11.5  0.40758032  0.57789970i: elastic S-matrix  @@      0.00  0   0 F  0
 Reaction Xsec    11.5+/12 @ 3 =  18.920 , Out:   0.000#


 Total SPIN, PARITY =    11.5 -,   3 chs,   0 cc.  Rmin & Coul turning =    0.9    7.7
   S-matrix    1 =    0.10882   0.37708 for L=   11, J=   11.0 channel on core I =   0.5 from L=   11,  Acc. loss =  0.0 D.
 Elastic phase shift   1 =   36.951  26.794 deg. for the L =   11, J =   11.0 channel.
      11.5  0.10882264  0.37708194i: elastic S-matrix  @@      0.00  0   0 F  0
 Reaction Xsec    11.5-/11 @ 1 =  32.017 , Out:   0.000#

   S-matrix    2 =    0.10882   0.37708 for L=   11, J=   12.0 channel on core I =   0.5 from L=   11,  Acc. loss =  0.0 D.
 Elastic phase shift   2 =   36.951  26.794 deg. for the L =   11, J =   12.0 channel.
      11.5  0.10882264  0.37708194i: elastic S-matrix  @@      0.00  0   0 F  0
 Reaction Xsec    11.5-/11 @ 2 =  32.017 , Out:   0.000#

   S-matrix    3 =    0.85564   0.41197 for L=   13, J=   12.0 channel on core I =   0.5 from L=   13,  Acc. loss =  0.0 D.
 Elastic phase shift   3 =   12.855   1.480 deg. for the L =   13, J =   12.0 channel.
      11.5  0.85564179  0.41197456i: elastic S-matrix  @@      0.00  0   0 F  0
 Reaction Xsec    11.5-/13 @ 3 =   3.715 , Out:   0.000#


 Total SPIN, PARITY =    12.5 +,   3 chs,   0 cc.  Rmin & Coul turning =    1.0    8.3
   S-matrix    1 =    0.40758   0.57790 for L=   12, J=   12.0 channel on core I =   0.5 from L=   12,  Acc. loss =  0.0 D.
 Elastic phase shift   1 =   27.403   9.926 deg. for the L =   12, J =   12.0 channel.
      12.5  0.40758032  0.57789970i: elastic S-matrix  @@      0.00  0   0 F  0
 Reaction Xsec    12.5+/12 @ 1 =  20.496 , Out:   0.000#

   S-matrix    2 =    0.40758   0.57790 for L=   12, J=   13.0 channel on core I =   0.5 from L=   12,  Acc. loss =  0.0 D.
 Elastic phase shift   2 =   27.403   9.926 deg. for the L =   12, J =   13.0 channel.
      12.5  0.40758032  0.57789970i: elastic S-matrix  @@      0.00  0   0 F  0
 Reaction Xsec    12.5+/12 @ 2 =  20.496 , Out:   0.000#

   S-matrix    3 =    0.96626   0.21827 for L=   14, J=   13.0 channel on core I =   0.5 from L=   14,  Acc. loss =  0.0 D.
 Elastic phase shift   3 =    6.364   0.271 deg. for the L =   14, J =   13.0 channel.
      12.5  0.96625663  0.21826769i: elastic S-matrix  @@      0.00  0   0 F  0
 Reaction Xsec    12.5+/14 @ 3 =   0.767 , Out:   0.000#


 Total SPIN, PARITY =    12.5 -,   3 chs,   0 cc.  Rmin & Coul turning =    1.0    8.3
   S-matrix    1 =    0.10882   0.37708 for L=   11, J=   12.0 channel on core I =   0.5 from L=   11,  Acc. loss =  0.0 D.
 Elastic phase shift   1 =   36.951  26.794 deg. for the L =   11, J =   12.0 channel.
      12.5  0.10882264  0.37708194i: elastic S-matrix  @@      0.00  0   0 F  0
 Reaction Xsec    12.5-/11 @ 1 =  34.685 , Out:   0.000#

   S-matrix    2 =    0.85564   0.41197 for L=   13, J=   12.0 channel on core I =   0.5 from L=   13,  Acc. loss =  0.0 D.
 Elastic phase shift   2 =   12.855   1.480 deg. for the L =   13, J =   12.0 channel.
      12.5  0.85564179  0.41197456i: elastic S-matrix  @@      0.00  0   0 F  0
 Reaction Xsec    12.5-/13 @ 2 =   4.024 , Out:   0.000#

   S-matrix    3 =    0.85564   0.41197 for L=   13, J=   13.0 channel on core I =   0.5 from L=   13,  Acc. loss =  0.0 D.
 Elastic phase shift   3 =   12.855   1.480 deg. for the L =   13, J =   13.0 channel.
      12.5  0.85564179  0.41197456i: elastic S-matrix  @@      0.00  0   0 F  0
 Reaction Xsec    12.5-/13 @ 3 =   4.024 , Out:   0.000#


 Total SPIN, PARITY =    13.5 +,   3 chs,   0 cc.  Rmin & Coul turning =    1.0    8.8
   S-matrix    1 =    0.40758   0.57790 for L=   12, J=   13.0 channel on core I =   0.5 from L=   12,  Acc. loss =  0.0 D.
 Elastic phase shift   1 =   27.403   9.926 deg. for the L =   12, J =   13.0 channel.
      13.5  0.40758032  0.57789970i: elastic S-matrix  @@      0.00  0   0 F  0
 Reaction Xsec    13.5+/12 @ 1 =  22.073 , Out:   0.000#

   S-matrix    2 =    0.96626   0.21827 for L=   14, J=   13.0 channel on core I =   0.5 from L=   14,  Acc. loss =  0.0 D.
 Elastic phase shift   2 =    6.364   0.271 deg. for the L =   14, J =   13.0 channel.
      13.5  0.96625663  0.21826769i: elastic S-matrix  @@      0.00  0   0 F  0
 Reaction Xsec    13.5+/14 @ 2 =   0.826 , Out:   0.000#

   S-matrix    3 =    0.96626   0.21827 for L=   14, J=   14.0 channel on core I =   0.5 from L=   14,  Acc. loss =  0.0 D.
 Elastic phase shift   3 =    6.364   0.271 deg. for the L =   14, J =   14.0 channel.
      13.5  0.96625663  0.21826769i: elastic S-matrix  @@      0.00  0   0 F  0
 Reaction Xsec    13.5+/14 @ 3 =   0.826 , Out:   0.000#


 Total SPIN, PARITY =    13.5 -,   3 chs,   0 cc.  Rmin & Coul turning =    1.0    8.8
   S-matrix    1 =    0.85564   0.41197 for L=   13, J=   13.0 channel on core I =   0.5 from L=   13,  Acc. loss =  0.0 D.
 Elastic phase shift   1 =   12.855   1.480 deg. for the L =   13, J =   13.0 channel.
      13.5  0.85564179  0.41197456i: elastic S-matrix  @@      0.00  0   0 F  0
 Reaction Xsec    13.5-/13 @ 1 =   4.334 , Out:   0.000#

   S-matrix    2 =    0.85564   0.41197 for L=   13, J=   14.0 channel on core I =   0.5 from L=   13,  Acc. loss =  0.0 D.
 Elastic phase shift   2 =   12.855   1.480 deg. for the L =   13, J =   14.0 channel.
      13.5  0.85564179  0.41197456i: elastic S-matrix  @@      0.00  0   0 F  0
 Reaction Xsec    13.5-/13 @ 2 =   4.334 , Out:   0.000#

   S-matrix    3 =    0.98982   0.11621 for L=   15, J=   14.0 channel on core I =   0.5 from L=   15,  Acc. loss =  0.0 D.
 Elastic phase shift   3 =    3.348   0.097 deg. for the L =   15, J =   14.0 channel.
      13.5  0.98982019  0.11620526i: elastic S-matrix  @@      0.00  0   0 F  0
 Reaction Xsec    13.5-/15 @ 3 =   0.298 , Out:   0.000#


 Total SPIN, PARITY =    14.5 +,   3 chs,   0 cc.  Rmin & Coul turning =    1.1    9.3
   S-matrix    1 =    0.96626   0.21827 for L=   14, J=   14.0 channel on core I =   0.5 from L=   14,  Acc. loss =  0.0 D.
 Elastic phase shift   1 =    6.364   0.271 deg. for the L =   14, J =   14.0 channel.
      14.5  0.96625663  0.21826769i: elastic S-matrix  @@      0.00  0   0 F  0
 Reaction Xsec    14.5+/14 @ 1 =   0.885 , Out:   0.000#

   S-matrix    2 =    0.96626   0.21827 for L=   14, J=   15.0 channel on core I =   0.5 from L=   14,  Acc. loss =  0.0 D.
 Elastic phase shift   2 =    6.364   0.271 deg. for the L =   14, J =   15.0 channel.
      14.5  0.96625663  0.21826769i: elastic S-matrix  @@      0.00  0   0 F  0
 Reaction Xsec    14.5+/14 @ 2 =   0.885 , Out:   0.000#

   S-matrix    3 =    0.99650   0.06344 for L=   16, J=   15.0 channel on core I =   0.5 from L=   16,  Acc. loss =  0.0 D.
 Elastic phase shift   3 =    1.821   0.042 deg. for the L =   16, J =   15.0 channel.
      14.5  0.99650458  0.06343611i: elastic S-matrix  @@      0.00  0   0 F  0
 Reaction Xsec    14.5+/16 @ 3 =   0.140 , Out:   0.000#


 Total SPIN, PARITY =    14.5 -,   3 chs,   0 cc.  Rmin & Coul turning =    1.1    9.3
   S-matrix    1 =    0.85564   0.41197 for L=   13, J=   14.0 channel on core I =   0.5 from L=   13,  Acc. loss =  0.0 D.
 Elastic phase shift   1 =   12.855   1.480 deg. for the L =   13, J =   14.0 channel.
      14.5  0.85564179  0.41197456i: elastic S-matrix  @@      0.00  0   0 F  0
 Reaction Xsec    14.5-/13 @ 1 =   4.643 , Out:   0.000#

   S-matrix    2 =    0.98982   0.11621 for L=   15, J=   14.0 channel on core I =   0.5 from L=   15,  Acc. loss =  0.0 D.
 Elastic phase shift   2 =    3.348   0.097 deg. for the L =   15, J =   14.0 channel.
      14.5  0.98982019  0.11620526i: elastic S-matrix  @@      0.00  0   0 F  0
 Reaction Xsec    14.5-/15 @ 2 =   0.319 , Out:   0.000#

   S-matrix    3 =    0.98982   0.11621 for L=   15, J=   15.0 channel on core I =   0.5 from L=   15,  Acc. loss =  0.0 D.
 Elastic phase shift   3 =    3.348   0.097 deg. for the L =   15, J =   15.0 channel.
      14.5  0.98982019  0.11620526i: elastic S-matrix  @@      0.00  0   0 F  0
 Reaction Xsec    14.5-/15 @ 3 =   0.319 , Out:   0.000#


 Total SPIN, PARITY =    15.5 +,   3 chs,   0 cc.  Rmin & Coul turning =    1.2    9.9
   S-matrix    1 =    0.96626   0.21827 for L=   14, J=   15.0 channel on core I =   0.5 from L=   14,  Acc. loss =  0.0 D.
 Elastic phase shift   1 =    6.364   0.271 deg. for the L =   14, J =   15.0 channel.
      15.5  0.96625663  0.21826769i: elastic S-matrix  @@      0.00  0   0 F  0
 Reaction Xsec    15.5+/14 @ 1 =   0.944 , Out:   0.000#

   S-matrix    2 =    0.99650   0.06344 for L=   16, J=   15.0 channel on core I =   0.5 from L=   16,  Acc. loss =  0.0 D.
 Elastic phase shift   2 =    1.821   0.042 deg. for the L =   16, J =   15.0 channel.
      15.5  0.99650458  0.06343611i: elastic S-matrix  @@      0.00  0   0 F  0
 Reaction Xsec    15.5+/16 @ 2 =   0.149 , Out:   0.000#

   S-matrix    3 =    0.99650   0.06344 for L=   16, J=   16.0 channel on core I =   0.5 from L=   16,  Acc. loss =  0.0 D.
 Elastic phase shift   3 =    1.821   0.042 deg. for the L =   16, J =   16.0 channel.
      15.5  0.99650458  0.06343611i: elastic S-matrix  @@      0.00  0   0 F  0
 Reaction Xsec    15.5+/16 @ 3 =   0.149 , Out:   0.000#


 Total SPIN, PARITY =    15.5 -,   3 chs,   0 cc.  Rmin & Coul turning =    1.2    9.9
   S-matrix    1 =    0.98982   0.11621 for L=   15, J=   15.0 channel on core I =   0.5 from L=   15,  Acc. loss =  0.0 D.
 Elastic phase shift   1 =    3.348   0.097 deg. for the L =   15, J =   15.0 channel.
      15.5  0.98982019  0.11620526i: elastic S-matrix  @@      0.00  0   0 F  0
 Reaction Xsec    15.5-/15 @ 1 =   0.341 , Out:   0.000#

   S-matrix    2 =    0.98982   0.11621 for L=   15, J=   16.0 channel on core I =   0.5 from L=   15,  Acc. loss =  0.0 D.
 Elastic phase shift   2 =    3.348   0.097 deg. for the L =   15, J =   16.0 channel.
      15.5  0.98982019  0.11620526i: elastic S-matrix  @@      0.00  0   0 F  0
 Reaction Xsec    15.5-/15 @ 2 =   0.341 , Out:   0.000#

   S-matrix    3 =    0.99870   0.03512 for L=   17, J=   16.0 channel on core I =   0.5 from L=   17,  Acc. loss =  0.0 D.
 Elastic phase shift   3 =    1.007   0.020 deg. for the L =   17, J =   16.0 channel.
      15.5  0.99869583  0.03511575i: elastic S-matrix  @@      0.00  0   0 F  0
 Reaction Xsec    15.5-/17 @ 3 =   0.069 , Out:   0.000#


 Total SPIN, PARITY =    16.5 +,   3 chs,   0 cc.  Rmin & Coul turning =    1.2   10.4
   S-matrix    1 =    0.99650   0.06344 for L=   16, J=   16.0 channel on core I =   0.5 from L=   16,  Acc. loss =  0.0 D.
 Elastic phase shift   1 =    1.821   0.042 deg. for the L =   16, J =   16.0 channel.
      16.5  0.99650458  0.06343611i: elastic S-matrix  @@      0.00  0   0 F  0
 Reaction Xsec    16.5+/16 @ 1 =   0.158 , Out:   0.000#

   S-matrix    2 =    0.99650   0.06344 for L=   16, J=   17.0 channel on core I =   0.5 from L=   16,  Acc. loss =  0.0 D.
 Elastic phase shift   2 =    1.821   0.042 deg. for the L =   16, J =   17.0 channel.
      16.5  0.99650458  0.06343611i: elastic S-matrix  @@      0.00  0   0 F  0
 Reaction Xsec    16.5+/16 @ 2 =   0.158 , Out:   0.000#

   S-matrix    3 =    0.99948   0.01959 for L=   18, J=   17.0 channel on core I =   0.5 from L=   18,  Acc. loss =  0.0 D.
 Elastic phase shift   3 =    0.561   0.009 deg. for the L =   18, J =   17.0 channel.
      16.5  0.99948111  0.01958675i: elastic S-matrix  @@      0.00  0   0 F  0
 Reaction Xsec    16.5+/18 @ 3 =   0.035 , Out:   0.000#


 Total SPIN, PARITY =    16.5 -,   3 chs,   0 cc.  Rmin & Coul turning =    1.2   10.4
   S-matrix    1 =    0.98982   0.11621 for L=   15, J=   16.0 channel on core I =   0.5 from L=   15,  Acc. loss =  0.0 D.
 Elastic phase shift   1 =    3.348   0.097 deg. for the L =   15, J =   16.0 channel.
      16.5  0.98982019  0.11620526i: elastic S-matrix  @@      0.00  0   0 F  0
 Reaction Xsec    16.5-/15 @ 1 =   0.362 , Out:   0.000#

   S-matrix    2 =    0.99870   0.03512 for L=   17, J=   16.0 channel on core I =   0.5 from L=   17,  Acc. loss =  0.0 D.
 Elastic phase shift   2 =    1.007   0.020 deg. for the L =   17, J =   16.0 channel.
      16.5  0.99869583  0.03511575i: elastic S-matrix  @@      0.00  0   0 F  0
 Reaction Xsec    16.5-/17 @ 2 =   0.074 , Out:   0.000#

   S-matrix    3 =    0.99870   0.03512 for L=   17, J=   17.0 channel on core I =   0.5 from L=   17,  Acc. loss =  0.0 D.
 Elastic phase shift   3 =    1.007   0.020 deg. for the L =   17, J =   17.0 channel.
      16.5  0.99869583  0.03511575i: elastic S-matrix  @@      0.00  0   0 F  0
 Reaction Xsec    16.5-/17 @ 3 =   0.074 , Out:   0.000#


 Total SPIN, PARITY =    17.5 +,   3 chs,   0 cc.  Rmin & Coul turning =    1.4   11.0
   S-matrix    1 =    0.99650   0.06344 for L=   16, J=   17.0 channel on core I =   0.5 from L=   16,  Acc. loss =  0.0 D.
 Elastic phase shift   1 =    1.821   0.042 deg. for the L =   16, J =   17.0 channel.
      17.5  0.99650458  0.06343611i: elastic S-matrix  @@      0.00  0   0 F  0
 Reaction Xsec    17.5+/16 @ 1 =   0.168 , Out:   0.000#

   S-matrix    2 =    0.99948   0.01959 for L=   18, J=   17.0 channel on core I =   0.5 from L=   18,  Acc. loss =  0.0 D.
 Elastic phase shift   2 =    0.561   0.009 deg. for the L =   18, J =   17.0 channel.
      17.5  0.99948111  0.01958675i: elastic S-matrix  @@      0.00  0   0 F  0
 Reaction Xsec    17.5+/18 @ 2 =   0.037 , Out:   0.000#

   S-matrix    3 =    0.99948   0.01959 for L=   18, J=   18.0 channel on core I =   0.5 from L=   18,  Acc. loss =  0.0 D.
 Elastic phase shift   3 =    0.561   0.009 deg. for the L =   18, J =   18.0 channel.
      17.5  0.99948111  0.01958675i: elastic S-matrix  @@      0.00  0   0 F  0
 Reaction Xsec    17.5+/18 @ 3 =   0.037 , Out:   0.000#


 Total SPIN, PARITY =    17.5 -,   3 chs,   0 cc.  Rmin & Coul turning =    1.4   11.0
   S-matrix    1 =    0.99870   0.03512 for L=   17, J=   17.0 channel on core I =   0.5 from L=   17,  Acc. loss =  0.0 D.
 Elastic phase shift   1 =    1.007   0.020 deg. for the L =   17, J =   17.0 channel.
      17.5  0.99869583  0.03511575i: elastic S-matrix  @@      0.00  0   0 F  0
 Reaction Xsec    17.5-/17 @ 1 =   0.078 , Out:   0.000#

   S-matrix    2 =    0.99870   0.03512 for L=   17, J=   18.0 channel on core I =   0.5 from L=   17,  Acc. loss =  0.0 D.
 Elastic phase shift   2 =    1.007   0.020 deg. for the L =   17, J =   18.0 channel.
      17.5  0.99869583  0.03511575i: elastic S-matrix  @@      0.00  0   0 F  0
 Reaction Xsec    17.5-/17 @ 2 =   0.078 , Out:   0.000#

   S-matrix    3 =    0.99978   0.01097 for L=   19, J=   18.0 channel on core I =   0.5 from L=   19,  Acc. loss =  0.0 D.
 Elastic phase shift   3 =    0.314   0.005 deg. for the L =   19, J =   18.0 channel.
      17.5  0.99978236  0.01097291i: elastic S-matrix  @@      0.00  0   0 F  0
 Reaction Xsec    17.5-/19 @ 3 =   0.018 , Out:   0.000#


 Total SPIN, PARITY =    18.5 +,   3 chs,   0 cc.  Rmin & Coul turning =    1.4   11.5
   S-matrix    1 =    0.99948   0.01959 for L=   18, J=   18.0 channel on core I =   0.5 from L=   18,  Acc. loss =  0.0 D.
 Elastic phase shift   1 =    0.561   0.009 deg. for the L =   18, J =   18.0 channel.
      18.5  0.99948111  0.01958675i: elastic S-matrix  @@      0.00  0   0 F  0
 Reaction Xsec    18.5+/18 @ 1 =   0.039 , Out:   0.000#

   S-matrix    2 =    0.99948   0.01959 for L=   18, J=   19.0 channel on core I =   0.5 from L=   18,  Acc. loss =  0.0 D.
 Elastic phase shift   2 =    0.561   0.009 deg. for the L =   18, J =   19.0 channel.
      18.5  0.99948111  0.01958675i: elastic S-matrix  @@      0.00  0   0 F  0
 Reaction Xsec    18.5+/18 @ 2 =   0.039 , Out:   0.000#

   S-matrix    3 =    0.99990   0.00616 for L=   20, J=   19.0 channel on core I =   0.5 from L=   20,  Acc. loss =  0.0 D.
 Elastic phase shift   3 =    0.177   0.002 deg. for the L =   20, J =   19.0 channel.
      18.5  0.99990476  0.00616344i: elastic S-matrix  @@      0.00  0   0 F  0
 Reaction Xsec    18.5+/20 @ 3 =   9.137/, Out:   0.000#


 Total SPIN, PARITY =    18.5 -,   3 chs,   0 cc.  Rmin & Coul turning =    1.4   11.5
   S-matrix    1 =    0.99870   0.03512 for L=   17, J=   18.0 channel on core I =   0.5 from L=   17,  Acc. loss =  0.0 D.
 Elastic phase shift   1 =    1.007   0.020 deg. for the L =   17, J =   18.0 channel.
      18.5  0.99869583  0.03511575i: elastic S-matrix  @@      0.00  0   0 F  0
 Reaction Xsec    18.5-/17 @ 1 =   0.082 , Out:   0.000#

   S-matrix    2 =    0.99978   0.01097 for L=   19, J=   18.0 channel on core I =   0.5 from L=   19,  Acc. loss =  0.0 D.
 Elastic phase shift   2 =    0.314   0.005 deg. for the L =   19, J =   18.0 channel.
      18.5  0.99978236  0.01097291i: elastic S-matrix  @@      0.00  0   0 F  0
 Reaction Xsec    18.5-/19 @ 2 =   0.019 , Out:   0.000#

   S-matrix    3 =    0.99978   0.01097 for L=   19, J=   19.0 channel on core I =   0.5 from L=   19,  Acc. loss =  0.0 D.
 Elastic phase shift   3 =    0.314   0.005 deg. for the L =   19, J =   19.0 channel.
      18.5  0.99978236  0.01097291i: elastic S-matrix  @@      0.00  0   0 F  0
 Reaction Xsec    18.5-/19 @ 3 =   0.019 , Out:   0.000#


 Total SPIN, PARITY =    19.5 +,   3 chs,   0 cc.  Rmin & Coul turning =    1.5   12.1
   S-matrix    1 =    0.99948   0.01959 for L=   18, J=   19.0 channel on core I =   0.5 from L=   18,  Acc. loss =  0.0 D.
 Elastic phase shift   1 =    0.561   0.009 deg. for the L =   18, J =   19.0 channel.
      19.5  0.99948111  0.01958675i: elastic S-matrix  @@      0.00  0   0 F  0
 Reaction Xsec    19.5+/18 @ 1 =   0.041 , Out:   0.000#

   S-matrix    2 =    0.99990   0.00616 for L=   20, J=   19.0 channel on core I =   0.5 from L=   20,  Acc. loss =  0.0 D.
 Elastic phase shift   2 =    0.177   0.002 deg. for the L =   20, J =   19.0 channel.
      19.5  0.99990476  0.00616344i: elastic S-matrix  @@      0.00  0   0 F  0
 Reaction Xsec    19.5+/20 @ 2 =   9.618/, Out:   0.000#

   S-matrix    3 =    0.99990   0.00616 for L=   20, J=   20.0 channel on core I =   0.5 from L=   20,  Acc. loss =  0.0 D.
 Elastic phase shift   3 =    0.177   0.002 deg. for the L =   20, J =   20.0 channel.
      19.5  0.99990476  0.00616344i: elastic S-matrix  @@      0.00  0   0 F  0
 Reaction Xsec    19.5+/20 @ 3 =   9.618/, Out:   0.000#

 Finished all CC sets @  0.
0CUMULATIVE REACTION cross section                 = 1463.67214  <L> =     8.06  <L**2> =     74.7
0CUMULATIVE outgoing cross sections in partition 1 :    0.00000
0Cumulative ABSORBTION by Imaginary Potentials     = 1463.67214  <L> =     8.06  <L**2> =     74.7
   Fusion for specific 6Li      M-states : 1643.601743 1652.904956 1643.601743
0CUMULATIVE OUTGOING cross section                 =    0.00000
 To convert to S-factors (MeV.mb = keV.b),  multiply by  3.5052E+07


 CROSS SECTIONS FOR OUTGOING 6Li      & 19F      in state # 1 with spins & parities 1.0  + & 0.5  +;  0

     0.01 deg.: X-S =   7.0596E+16 mb/sr,
+                                         /R =   1.0000E+00
     1.00 deg.: X-S =   7.0740E+08 mb/sr,
+                                         /R =   1.0020E+00
     2.00 deg.: X-S =   4.3715E+07 mb/sr,
+                                         /R =   9.9057E-01
     3.00 deg.: X-S =   8.3743E+06 mb/sr,
+                                         /R =   9.6041E-01
     4.00 deg.: X-S =   2.8685E+06 mb/sr,
+                                         /R =   1.0393E+00
     5.00 deg.: X-S =   1.2705E+06 mb/sr,
+                                         /R =   1.1234E+00
     6.00 deg.: X-S =   6.1195E+05 mb/sr,
+                                         /R =   1.1214E+00
     7.00 deg.: X-S =   3.0827E+05 mb/sr,
+                                         /R =   1.0458E+00
     8.00 deg.: X-S =   1.6554E+05 mb/sr,
+                                         /R =   9.5736E-01
     9.00 deg.: X-S =   9.7627E+04 mb/sr,
+                                         /R =   9.0360E-01
    10.00 deg.: X-S =   6.3508E+04 mb/sr,
+                                         /R =   8.9505E-01
    11.00 deg.: X-S =   4.4208E+04 mb/sr,
+                                         /R =   9.1121E-01
    12.00 deg.: X-S =   3.1525E+04 mb/sr,
+                                         /R =   9.1924E-01
    13.00 deg.: X-S =   2.2231E+04 mb/sr,
+                                         /R =   8.9170E-01
    14.00 deg.: X-S =   1.5163E+04 mb/sr,
+                                         /R =   8.1694E-01
    15.00 deg.: X-S =  9887.679020 mb/sr,
+                                         /R =   7.0100E-01
    16.00 deg.: X-S =  6145.653613 mb/sr,
+                                         /R =   5.6315E-01
    17.00 deg.: X-S =  3673.143165 mb/sr,
+                                         /R =   4.2823E-01
    18.00 deg.: X-S =  2179.956465 mb/sr,
+                                         /R =   3.1887E-01
    19.00 deg.: X-S =  1377.340607 mb/sr,
+                                         /R =   2.4964E-01
    20.00 deg.: X-S =  1010.323320 mb/sr,
+                                         /R =   2.2437E-01
    21.00 deg.: X-S =   878.183491 mb/sr,
+                                         /R =   2.3656E-01
    22.00 deg.: X-S =   840.735016 mb/sr,
+                                         /R =   2.7220E-01
    23.00 deg.: X-S =   813.611491 mb/sr,
+                                         /R =   3.1396E-01
    24.00 deg.: X-S =   757.110708 mb/sr,
+                                         /R =   3.4555E-01
    25.00 deg.: X-S =   662.684916 mb/sr,
+                                         /R =   3.5521E-01
    26.00 deg.: X-S =   540.031626 mb/sr,
+                                         /R =   3.3776E-01
    27.00 deg.: X-S =   406.534588 mb/sr,
+                                         /R =   2.9490E-01
    28.00 deg.: X-S =   279.786031 mb/sr,
+                                         /R =   2.3408E-01
    29.00 deg.: X-S =   173.179345 mb/sr,
+                                         /R =   1.6624E-01
    30.00 deg.: X-S =    94.098785 mb/sr,
+                                         /R =   1.0313E-01
    31.00 deg.: X-S =    44.009911 mb/sr,
+                                         /R =   5.4825E-02
    32.00 deg.: X-S =    19.714624 mb/sr,
+                                         /R =   2.7795E-02
    33.00 deg.: X-S =    15.118047 mb/sr,
+                                         /R =   2.4027E-02
    34.00 deg.: X-S =    23.006327 mb/sr,
+                                         /R =   4.1060E-02
    35.00 deg.: X-S =    36.509633 mb/sr,
+                                         /R =   7.2913E-02
    36.00 deg.: X-S =    50.089979 mb/sr,
+                                         /R =   1.1156E-01
    37.00 deg.: X-S =    60.027876 mb/sr,
+                                         /R =   1.4862E-01
    38.00 deg.: X-S =    64.475241 mb/sr,
+                                         /R =   1.7693E-01
    39.00 deg.: X-S =    63.193686 mb/sr,
+                                         /R =   1.9164E-01
    40.00 deg.: X-S =    57.112687 mb/sr,
+                                         /R =   1.9089E-01
    41.00 deg.: X-S =    47.830714 mb/sr,
+                                         /R =   1.7573E-01
    42.00 deg.: X-S =    37.154548 mb/sr,
+                                         /R =   1.4968E-01
    43.00 deg.: X-S =    26.737559 mb/sr,
+                                         /R =   1.1783E-01
    44.00 deg.: X-S =    17.844284 mb/sr,
+                                         /R =   8.5829E-02
    45.00 deg.: X-S =    11.241258 mb/sr,
+                                         /R =   5.8885E-02
    46.00 deg.: X-S =     7.195066 mb/sr,
+                                         /R =   4.0962E-02
    47.00 deg.: X-S =     5.548201 mb/sr,
+                                         /R =   3.4260E-02
    48.00 deg.: X-S =     5.840385 mb/sr,
+                                         /R =   3.9042E-02
    49.00 deg.: X-S =     7.445499 mb/sr,
+                                         /R =   5.3782E-02
    50.00 deg.: X-S =     9.700127 mb/sr,
+                                         /R =   7.5579E-02
    51.00 deg.: X-S =    12.007190 mb/sr,
+                                         /R =   1.0074E-01
    52.00 deg.: X-S =    13.905699 mb/sr,
+                                         /R =   1.2543E-01
    53.00 deg.: X-S =    15.104546 mb/sr,
+                                         /R =   1.4623E-01
    54.00 deg.: X-S =    15.483693 mb/sr,
+                                         /R =   1.6066E-01
    55.00 deg.: X-S =    15.070006 mb/sr,
+                                         /R =   1.6733E-01
    56.00 deg.: X-S =    13.997083 mb/sr,
+                                         /R =   1.6608E-01
    57.00 deg.: X-S =    12.458824 mb/sr,
+                                         /R =   1.5775E-01
    58.00 deg.: X-S =    10.665417 mb/sr,
+                                         /R =   1.4391E-01
    59.00 deg.: X-S =     8.808222 mb/sr,
+                                         /R =   1.2650E-01
    60.00 deg.: X-S =     7.037181 mb/sr,
+                                         /R =   1.0743E-01
    61.00 deg.: X-S =     5.451427 mb/sr,
+                                         /R =   8.8352E-02
    62.00 deg.: X-S =     4.101257 mb/sr,
+                                         /R =   7.0487E-02
    63.00 deg.: X-S =     2.997923 mb/sr,
+                                         /R =   5.4575E-02
    64.00 deg.: X-S =     2.127011 mb/sr,
+                                         /R =   4.0968E-02
    65.00 deg.: X-S =     1.461495 mb/sr,
+                                         /R =   2.9751E-02
    66.00 deg.: X-S =     0.971662 mb/sr,
+                                         /R =   2.0883E-02
    67.00 deg.: X-S =     0.630559 mb/sr,
+                                         /R =   1.4293E-02
    68.00 deg.: X-S =     0.415154 mb/sr,
+                                         /R =   9.9149E-03
    69.00 deg.: X-S =     0.304513 mb/sr,
+                                         /R =   7.6551E-03
    70.00 deg.: X-S =     0.276896 mb/sr,
+                                         /R =   7.3201E-03
    71.00 deg.: X-S =     0.307611 mb/sr,
+                                         /R =   8.5438E-03
    72.00 deg.: X-S =     0.368909 mb/sr,
+                                         /R =   1.0755E-02
    73.00 deg.: X-S =     0.432329 mb/sr,
+                                         /R =   1.3219E-02
    74.00 deg.: X-S =     0.472999 mb/sr,
+                                         /R =   1.5155E-02
    75.00 deg.: X-S =     0.474687 mb/sr,
+                                         /R =   1.5923E-02
    76.00 deg.: X-S =     0.434075 mb/sr,
+                                         /R =   1.5232E-02
    77.00 deg.: X-S =     0.362850 mb/sr,
+                                         /R =   1.3309E-02
    78.00 deg.: X-S =     0.286690 mb/sr,
+                                         /R =   1.0983E-02
    79.00 deg.: X-S =     0.240999 mb/sr,
+                                         /R =   9.6358E-03
    80.00 deg.: X-S =     0.264017 mb/sr,
+                                         /R =   1.1009E-02
    81.00 deg.: X-S =     0.388648 mb/sr,
+                                         /R =   1.6888E-02
    82.00 deg.: X-S =     0.634658 mb/sr,
+                                         /R =   2.8717E-02
    83.00 deg.: X-S =     1.002948 mb/sr,
+                                         /R =   4.7225E-02
    84.00 deg.: X-S =     1.473184 mb/sr,
+                                         /R =   7.2133E-02
    85.00 deg.: X-S =     2.005411 mb/sr,
+                                         /R =   1.0204E-01
    86.00 deg.: X-S =     2.545501 mb/sr,
+                                         /R =   1.3451E-01
    87.00 deg.: X-S =     3.033486 mb/sr,
+                                         /R =   1.6635E-01
    88.00 deg.: X-S =     3.413308 mb/sr,
+                                         /R =   1.9413E-01
    89.00 deg.: X-S =     3.642206 mb/sr,
+                                         /R =   2.1471E-01
    90.00 deg.: X-S =     3.698093 mb/sr,
+                                         /R =   2.2581E-01
    91.00 deg.: X-S =     3.583620 mb/sr,
+                                         /R =   2.2653E-01
    92.00 deg.: X-S =     3.326254 mb/sr,
+                                         /R =   2.1753E-01
    93.00 deg.: X-S =     2.974388 mb/sr,
+                                         /R =   2.0113E-01
    94.00 deg.: X-S =     2.590142 mb/sr,
+                                         /R =   1.8099E-01
    95.00 deg.: X-S =     2.240050 mb/sr,
+                                         /R =   1.6166E-01
    96.00 deg.: X-S =     1.985085 mb/sr,
+                                         /R =   1.4788E-01
    97.00 deg.: X-S =     1.871566 mb/sr,
+                                         /R =   1.4383E-01
    98.00 deg.: X-S =     1.924266 mb/sr,
+                                         /R =   1.5248E-01
    99.00 deg.: X-S =     2.142719 mb/sr,
+                                         /R =   1.7498E-01
   100.00 deg.: X-S =     2.501221 mb/sr,
+                                         /R =   2.1038E-01
   101.00 deg.: X-S =     2.952496 mb/sr,
+                                         /R =   2.5565E-01
   102.00 deg.: X-S =     3.434467 mb/sr,
+                                         /R =   3.0599E-01
   103.00 deg.: X-S =     3.879159 mb/sr,
+                                         /R =   3.5542E-01
   104.00 deg.: X-S =     4.222455 mb/sr,
+                                         /R =   3.9767E-01
   105.00 deg.: X-S =     4.413291 mb/sr,
+                                         /R =   4.2703E-01
   106.00 deg.: X-S =     4.420976 mb/sr,
+                                         /R =   4.3928E-01
   107.00 deg.: X-S =     4.239574 mb/sr,
+                                         /R =   4.3238E-01
   108.00 deg.: X-S =     3.888721 mb/sr,
+                                         /R =   4.0688E-01
   109.00 deg.: X-S =     3.410764 mb/sr,
+                                         /R =   3.6596E-01
   110.00 deg.: X-S =     2.864667 mb/sr,
+                                         /R =   3.1504E-01
   111.00 deg.: X-S =     2.317585 mb/sr,
+                                         /R =   2.6112E-01
   112.00 deg.: X-S =     1.835376 mb/sr,
+                                         /R =   2.1177E-01
   113.00 deg.: X-S =     1.473432 mb/sr,
+                                         /R =   1.7402E-01
   114.00 deg.: X-S =     1.269149 mb/sr,
+                                         /R =   1.5336E-01
   115.00 deg.: X-S =     1.237115 mb/sr,
+                                         /R =   1.5288E-01
   116.00 deg.: X-S =     1.367618 mb/sr,
+                                         /R =   1.7277E-01
   117.00 deg.: X-S =     1.628622 mb/sr,
+                                         /R =   2.1024E-01
   118.00 deg.: X-S =     1.970841 mb/sr,
+                                         /R =   2.5986E-01
   119.00 deg.: X-S =     2.335076 mb/sr,
+                                         /R =   3.1435E-01
   120.00 deg.: X-S =     2.660712 mb/sr,
+                                         /R =   3.6556E-01
   121.00 deg.: X-S =     2.894136 mb/sr,
+                                         /R =   4.0564E-01
   122.00 deg.: X-S =     2.995880 mb/sr,
+                                         /R =   4.2819E-01
   123.00 deg.: X-S =     2.945535 mb/sr,
+                                         /R =   4.2913E-01
   124.00 deg.: X-S =     2.743866 mb/sr,
+                                         /R =   4.0732E-01
   125.00 deg.: X-S =     2.411944 mb/sr,
+                                         /R =   3.6468E-01
   126.00 deg.: X-S =     1.987605 mb/sr,
+                                         /R =   3.0598E-01
   127.00 deg.: X-S =     1.519872 mb/sr,
+                                         /R =   2.3812E-01
   128.00 deg.: X-S =     1.062234 mb/sr,
+                                         /R =   1.6931E-01
   129.00 deg.: X-S =     0.665756 mb/sr,
+                                         /R =   1.0792E-01
   130.00 deg.: X-S =     0.372928 mb/sr,
+                                         /R =   6.1456E-02
   131.00 deg.: X-S =     0.212959 mb/sr,
+                                         /R =   3.5663E-02
   132.00 deg.: X-S =     0.198938 mb/sr,
+                                         /R =   3.3843E-02
   133.00 deg.: X-S =     0.327015 mb/sr,
+                                         /R =   5.6493E-02
   134.00 deg.: X-S =     0.577479 mb/sr,
+                                         /R =   1.0127E-01
   135.00 deg.: X-S =     0.917446 mb/sr,
+                                         /R =   1.6326E-01
   136.00 deg.: X-S =     1.304745 mb/sr,
+                                         /R =   2.3552E-01
   137.00 deg.: X-S =     1.692584 mb/sr,
+                                         /R =   3.0981E-01
   138.00 deg.: X-S =     2.034542 mb/sr,
+                                         /R =   3.7749E-01
   139.00 deg.: X-S =     2.289485 mb/sr,
+                                         /R =   4.3045E-01
   140.00 deg.: X-S =     2.425987 mb/sr,
+                                         /R =   4.6202E-01
   141.00 deg.: X-S =     2.425873 mb/sr,
+                                         /R =   4.6783E-01
   142.00 deg.: X-S =     2.286502 mb/sr,
+                                         /R =   4.4636E-01
   143.00 deg.: X-S =     2.021505 mb/sr,
+                                         /R =   3.9933E-01
   144.00 deg.: X-S =     1.659770 mb/sr,
+                                         /R =   3.3167E-01
   145.00 deg.: X-S =     1.242692 mb/sr,
+                                         /R =   2.5112E-01
   146.00 deg.: X-S =     0.819871 mb/sr,
+                                         /R =   1.6748E-01
   147.00 deg.: X-S =     0.443703 mb/sr,
+                                         /R =   9.1595E-02
   148.00 deg.: X-S =     0.163459 mb/sr,
+                                         /R =   3.4088E-02
   149.00 deg.: X-S =     0.019542 mb/sr,
+                                         /R =   4.1157E-03
   150.00 deg.: X-S =     0.038617 mb/sr,
+                                         /R =   8.2108E-03
   151.00 deg.: X-S =     0.230172 mb/sr,
+                                         /R =   4.9391E-02
   152.00 deg.: X-S =     0.584898 mb/sr,
+                                         /R =   1.2663E-01
   153.00 deg.: X-S =     1.075028 mb/sr,
+                                         /R =   2.3474E-01
   154.00 deg.: X-S =     1.656567 mb/sr,
+                                         /R =   3.6470E-01
   155.00 deg.: X-S =     2.273167 mb/sr,
+                                         /R =   5.0442E-01
   156.00 deg.: X-S =     2.861294 mb/sr,
+                                         /R =   6.3975E-01
   157.00 deg.: X-S =     3.356285 mb/sr,
+                                         /R =   7.5590E-01
   158.00 deg.: X-S =     3.698897 mb/sr,
+                                         /R =   8.3886E-01
   159.00 deg.: X-S =     3.841956 mb/sr,
+                                         /R =   8.7710E-01
   160.00 deg.: X-S =     3.756700 mb/sr,
+                                         /R =   8.6307E-01
   161.00 deg.: X-S =     3.438365 mb/sr,
+                                         /R =   7.9469E-01
   162.00 deg.: X-S =     2.910495 mb/sr,
+                                         /R =   6.7652E-01
   163.00 deg.: X-S =     2.227347 mb/sr,
+                                         /R =   5.2052E-01
   164.00 deg.: X-S =     1.473734 mb/sr,
+                                         /R =   3.4615E-01
   165.00 deg.: X-S =     0.761673 mb/sr,
+                                         /R =   1.7975E-01
   166.00 deg.: X-S =     0.223403 mb/sr,
+                                         /R =   5.2957E-02
   167.00 deg.: X-S =     0.000654 mb/sr,
+                                         /R =   1.5558E-04
   168.00 deg.: X-S =     0.230602 mb/sr,
+                                         /R =   5.5100E-02
   169.00 deg.: X-S =     1.029538 mb/sr,
+                                         /R =   2.4686E-01
   170.00 deg.: X-S =     2.475903 mb/sr,
+                                         /R =   5.9558E-01
   171.00 deg.: X-S =     4.594883 mb/sr,
+                                         /R =   1.1085E+00
   172.00 deg.: X-S =     7.346971 mb/sr,
+                                         /R =   1.7771E+00
   173.00 deg.: X-S =    10.622788 mb/sr,
+                                         /R =   2.5753E+00
   174.00 deg.: X-S =    14.245900 mb/sr,
+                                         /R =   3.4605E+00
   175.00 deg.: X-S =    17.984359 mb/sr,
+                                         /R =   4.3760E+00
   176.00 deg.: X-S =    21.570467 mb/sr,
+                                         /R =   5.2557E+00
   177.00 deg.: X-S =    24.726872 mb/sr,
+                                         /R =   6.0312E+00
   178.00 deg.: X-S =    27.195950 mb/sr,
+                                         /R =   6.6385E+00
   179.00 deg.: X-S =    28.768626 mb/sr,
+                                         /R =   7.0256E+00
   179.99 deg.: X-S =    29.308569 mb/sr,
+                                         /R =   7.1586E+00
 Finished all xsecs @  0.

  The following files have been created:
   3:local copy of User input.            6:standard output.                   
   7:elastic  S-matrix elements.         13:total cross sections/state.        
  16:tables of cross sections.           38:cross sections for each J/pi.      
  39:cross sections for each Ecm.        40:all cross sectns. for each Elab.   
  45:scat phase shift as E functions.    56:Fusion for each Jtotal.            
 201:Separate cross sections.           

 PARAMETERS : MAXQRN   MFNL   MLOC  LMAX1 MCLIST
    ALLOWED :      1      9      3     80      5
    REQUIRED:      0      0      3     21      3


 ACCURACY ANALYSIS at    20.000 MeV :

  Elastic h*k = 0.091 so OK       compared with 0.200

   Real(S-el) > 0.01 first at J =       0.5
   Real(S-el) > 0.10 first at J =       3.5
   Real(S-el) > 0.50 first at J =      11.5
   Real(S-el) > 0.90 first at J =      12.5
   Real(S-el) > 0.99 first at J =      14.5
   R-turn =    12.05 fm    at J =      19.5

 Forward-angle excitation cut off below  13.361 deg by max JT =      19.5
                              and below   4.888 deg by max R.

