 FRESCO - FRES 2.3: Coupled Reaction Channels
 Assuming NAMELIST input.

 Xu 2018 Global Fit                                                              

   0.050  30.000   0.500   0.000   0.000   0.000   0.000   0.000   0.000   0.000

 Centre-of-mass Range is    602 * 0.0500 fm., Maximum at  30.00 fm., Interpolating NL forms every  0.50 fm.
 Non - locality width is      4 * 0.0500 fm., Maximum of   0.15 fm., Centred at  0.00 fm.
 2-Nucleon Separation of      0 * 0.5000 fm., Maximum of   0.00 fm., Minimum at  0.00 fm.
 Maximum single particle bins of 30.0000 fm.
               M,Mint =  601 601


 Range of total J is     0.0 <= J <=    60.0 and Absorbtion =>     0.0100 mb.
 Dry Run = F, CC set limits =  0  0, Relativistic kinematics =  , Both/Far/Near Analyses =  1

 Cross Sections (and up to T0 for 0=projectile) for Theta from   0.0 to 180.0 in steps of  1.0 degrees.  Coordinates = 0 (Mads)

 Lower Radial Cutoff = maximum of -1.60*L*h &       0.0 fm.,  Lower Cutoff for Couplings =   0.0  fm.


 Iterate Couplings between   0 and   0 times, to  0.000 % if sooner.                                          
  Block solved exactly =   0 chs., with Pade = 0 & Isocen =  =0, NOSOL = F
  NL quadrature with   18 Gaussian points, Calculate multipoles up to    66 from   0
  M-transfers for lp+lt greater than or equal to  6, Angular Integration Cutoff below  2.7778 %


 Trace switches are :  CHANS =  1, LISTCC =  0, TRENEG =  0, CDETR =  0, SMATS =  2, XSTABL =  1, NLPL =  0

                       WAVES =  0, LAMPL =  0, VEFF =  0, KFUS =  0, WDISK =  0, BPM =  0, MELFIL =  0

                       CDCC =  0, NFUS =  0

 Using unit mass = 1.000000 amu and 1/fine-structure constant = 137.03599 ( 1.000000 * true ) with hc = 197.32705 MeV.fm,
  thus 2*amu/hbar^2 = 0.0478450 = 1/20.9008 and Coulomb constant = 0.1574855 so e^2 = 1.43997, and nuclear magneton= 0.1261183

 Now pre-scan input and save to file 3

Allocating FORMF(  602       3) in   0.000 GB


 *********** PARTITION NUMBER  1 ******************************************************************************************

   PROJ=6Li        MASS=  6.0150 Z=   3.0,        # STATES=  1T, TARG=19F      MASS= 18.9980 Z=   9.0,     Q-VALUE =   0.0000 MEV.

  1:  J= 1.0+ (B# 1), E=  0.0000, K= 0.0              Potl#  1       J= 0.5+ (B# 1), E=  0.0000, K= 0.5    


 ************************************************************************************************************************************

 The following POTENTIALS are defined :

  KP#       TYPE      IT    SHAPE      at     V1        r1        a1        V2        r2        a2        A-in     A-used


                                            A#1       A#2        r0c       ac                                                h @ 1
    1    0=Coulomb       0=CHARGE (WS)  1    18.998     0.000    1.6740    0.0000    0.0000    0.0000     0.000    18.998   0.05000

    1    1=Volume        0=Woods-Saxon  2  262.0760    1.1200    0.8140    0.0000    1.5370    0.7260     0.000    18.998

    1    2=Surface       0=Woods-Saxon  3   26.8720    1.3110    0.9390    0.0000    0.0000    0.0000     0.000    18.998
0Incoming partition  1 in excitation state # 1,   Laboratory Energy given for partition  1 Nucleus 1 in Excitation pair 1

0Lab. ENERGY ranges :

   from    20.0000     to   0.00000     in     0 intervals
   from    0.00000     to   0.00000     in     0 intervals
   from    0.00000     to   0.00000     in     0 intervals

 Largest real,imaginary parts of any form factor at R=   29.45 are   4.89E-02  0.00E+00 MeV
 Finished all Couplings @  0.

 Symmetric Hamiltonian
1***********************************************************************************************************************************
************************************************************************************************************************************

        INCOMING 6Li      ;    LABORATORY 6Li      ENERGY =   20.000     MeV.

 ***********************************************************************************************************************************
 ***********************************************************************************************************************************


  NOTE: Coulomb excitation cut off below   4.417 deg by JTMAX, and below   4.888 deg by Rmax

 Allocate arrays for  2  channels, of which  2  need wfs.

 ######################################################################################################################
 #                                                                                                                    #
 # Total SPIN and PARITY =     0.5 +,  2 channels,  0 in 1st block.  Rmin & Coul turning =    0.0    2.6 fm.  #
 #                                                                                                                    #
 ######################################################################################################################



   C Projectl Target   # EX.   (L  Proj) J  + Targ = Jtotal     E-cm      Re K     Re Eta     RM*K            CH
   1 6Li      19F      # 1 : I   0 1.0    1.0  0.5     0.5    15.19050   1.82219   2.33188   54.6657  -0.09109   0.50309 1 1 1 1
   2 6Li      19F      # 1 : I   2 1.0    1.0  0.5     0.5    15.19050   1.82219   2.33188   54.6657   0.39389   0.32640 1 1 1 1
   S-matrix    1 =    0.18572   0.98260 for L=    0, J=    1.0 channel on core I =   0.5 from L=    0,  Acc. loss =  0.0 D.
 Elastic phase shift   1 =   39.648   0.000 deg. for the L =    0, J =    1.0 channel.
       0.5  0.18572293  0.98260215i: elastic S-matrix  @@      0.00  0   0 F  0
 Reaction Xsec     0.5+/ 0 @ 1 =   0.000#, Out:   0.000#

   S-matrix    2 =   -0.98511   0.17193 for L=    2, J=    1.0 channel on core I =   0.5 from L=    2,  Acc. loss =  0.0 D.
 Elastic phase shift   2 =   85.050   0.000 deg. for the L =    2, J =    1.0 channel.
       0.5 -0.98510880  0.17193211i: elastic S-matrix  @@      0.00  0   0 F  0
 Reaction Xsec     0.5+/ 2 @ 2 =  -0.000#, Out:   0.000#


 Total SPIN, PARITY =     0.5 -,   2 chs,   0 cc.  Rmin & Coul turning =    0.0    2.6
   S-matrix    1 =    0.40025  -0.91641 for L=    1, J=    0.0 channel on core I =   0.5 from L=    1,  Acc. loss =  0.0 D.
 Elastic phase shift   1 =  -33.203   0.000 deg. for the L =    1, J =    0.0 channel.
       0.5  0.40024537 -0.91640801i: elastic S-matrix  @@      0.00  0   0 F  0
 Reaction Xsec     0.5-/ 1 @ 1 =  -0.000#, Out:   0.000#

   S-matrix    2 =    0.40025  -0.91641 for L=    1, J=    1.0 channel on core I =   0.5 from L=    1,  Acc. loss =  0.0 D.
 Elastic phase shift   2 =  -33.203   0.000 deg. for the L =    1, J =    1.0 channel.
       0.5  0.40024537 -0.91640801i: elastic S-matrix  @@      0.00  0   0 F  0
 Reaction Xsec     0.5-/ 1 @ 2 =  -0.000#, Out:   0.000#

 Allocate arrays for  3  channels, of which  3  need wfs.

 Total SPIN, PARITY =     1.5 +,   3 chs,   0 cc.  Rmin & Coul turning =    0.1    2.8
   S-matrix    1 =    0.18572   0.98260 for L=    0, J=    1.0 channel on core I =   0.5 from L=    0,  Acc. loss =  0.0 D.
 Elastic phase shift   1 =   39.648   0.000 deg. for the L =    0, J =    1.0 channel.
       1.5  0.18572293  0.98260215i: elastic S-matrix  @@      0.00  0   0 F  0
 Reaction Xsec     1.5+/ 0 @ 1 =   0.000#, Out:   0.000#

   S-matrix    2 =   -0.98511   0.17193 for L=    2, J=    1.0 channel on core I =   0.5 from L=    2,  Acc. loss =  0.0 D.
 Elastic phase shift   2 =   85.050   0.000 deg. for the L =    2, J =    1.0 channel.
       1.5 -0.98510880  0.17193211i: elastic S-matrix  @@      0.00  0   0 F  0
 Reaction Xsec     1.5+/ 2 @ 2 =  -0.000#, Out:   0.000#

   S-matrix    3 =   -0.98511   0.17193 for L=    2, J=    2.0 channel on core I =   0.5 from L=    2,  Acc. loss =  0.0 D.
 Elastic phase shift   3 =   85.050   0.000 deg. for the L =    2, J =    2.0 channel.
       1.5 -0.98510880  0.17193211i: elastic S-matrix  @@      0.00  0   0 F  0
 Reaction Xsec     1.5+/ 2 @ 3 =  -0.000#, Out:   0.000#


 Total SPIN, PARITY =     1.5 -,   3 chs,   0 cc.  Rmin & Coul turning =    0.1    2.8
   S-matrix    1 =    0.40025  -0.91641 for L=    1, J=    1.0 channel on core I =   0.5 from L=    1,  Acc. loss =  0.0 D.
 Elastic phase shift   1 =  -33.203   0.000 deg. for the L =    1, J =    1.0 channel.
       1.5  0.40024537 -0.91640801i: elastic S-matrix  @@      0.00  0   0 F  0
 Reaction Xsec     1.5-/ 1 @ 1 =   0.000#, Out:   0.000#

   S-matrix    2 =    0.40025  -0.91641 for L=    1, J=    2.0 channel on core I =   0.5 from L=    1,  Acc. loss =  0.0 D.
 Elastic phase shift   2 =  -33.203   0.000 deg. for the L =    1, J =    2.0 channel.
       1.5  0.40024537 -0.91640801i: elastic S-matrix  @@      0.00  0   0 F  0
 Reaction Xsec     1.5-/ 1 @ 2 =   0.000#, Out:   0.000#

   S-matrix    3 =    0.52957   0.84827 for L=    3, J=    2.0 channel on core I =   0.5 from L=    3,  Acc. loss =  0.0 D.
 Elastic phase shift   3 =   29.012   0.000 deg. for the L =    3, J =    2.0 channel.
       1.5  0.52956900  0.84826687i: elastic S-matrix  @@      0.00  0   0 F  0
 Reaction Xsec     1.5-/ 3 @ 3 =   0.000#, Out:   0.000#


 Total SPIN, PARITY =     2.5 +,   3 chs,   0 cc.  Rmin & Coul turning =    0.2    3.1
   S-matrix    1 =   -0.98511   0.17193 for L=    2, J=    2.0 channel on core I =   0.5 from L=    2,  Acc. loss =  0.0 D.
 Elastic phase shift   1 =   85.050   0.000 deg. for the L =    2, J =    2.0 channel.
       2.5 -0.98510880  0.17193211i: elastic S-matrix  @@      0.00  0   0 F  0
 Reaction Xsec     2.5+/ 2 @ 1 =  -0.000#, Out:   0.000#

   S-matrix    2 =   -0.98511   0.17193 for L=    2, J=    3.0 channel on core I =   0.5 from L=    2,  Acc. loss =  0.0 D.
 Elastic phase shift   2 =   85.050   0.000 deg. for the L =    2, J =    3.0 channel.
       2.5 -0.98510880  0.17193211i: elastic S-matrix  @@      0.00  0   0 F  0
 Reaction Xsec     2.5+/ 2 @ 2 =  -0.000#, Out:   0.000#

   S-matrix    3 =    0.61868  -0.78564 for L=    4, J=    3.0 channel on core I =   0.5 from L=    4,  Acc. loss =  0.0 D.
 Elastic phase shift   3 =  -25.890   0.000 deg. for the L =    4, J =    3.0 channel.
       2.5  0.61868455 -0.78563950i: elastic S-matrix  @@      0.00  0   0 F  0
 Reaction Xsec     2.5+/ 4 @ 3 =   0.000#, Out:   0.000#


 Total SPIN, PARITY =     2.5 -,   3 chs,   0 cc.  Rmin & Coul turning =    0.2    3.1
   S-matrix    1 =    0.40025  -0.91641 for L=    1, J=    2.0 channel on core I =   0.5 from L=    1,  Acc. loss =  0.0 D.
 Elastic phase shift   1 =  -33.203   0.000 deg. for the L =    1, J =    2.0 channel.
       2.5  0.40024537 -0.91640801i: elastic S-matrix  @@      0.00  0   0 F  0
 Reaction Xsec     2.5-/ 1 @ 1 =  -0.000#, Out:   0.000#

   S-matrix    2 =    0.52957   0.84827 for L=    3, J=    2.0 channel on core I =   0.5 from L=    3,  Acc. loss =  0.0 D.
 Elastic phase shift   2 =   29.012   0.000 deg. for the L =    3, J =    2.0 channel.
       2.5  0.52956900  0.84826687i: elastic S-matrix  @@      0.00  0   0 F  0
 Reaction Xsec     2.5-/ 3 @ 2 =  -0.000#, Out:   0.000#

   S-matrix    3 =    0.52957   0.84827 for L=    3, J=    3.0 channel on core I =   0.5 from L=    3,  Acc. loss =  0.0 D.
 Elastic phase shift   3 =   29.012   0.000 deg. for the L =    3, J =    3.0 channel.
       2.5  0.52956900  0.84826687i: elastic S-matrix  @@      0.00  0   0 F  0
 Reaction Xsec     2.5-/ 3 @ 3 =  -0.000#, Out:   0.000#


 Total SPIN, PARITY =     3.5 +,   3 chs,   0 cc.  Rmin & Coul turning =    0.2    3.6
   S-matrix    1 =   -0.98511   0.17193 for L=    2, J=    3.0 channel on core I =   0.5 from L=    2,  Acc. loss =  0.0 D.
 Elastic phase shift   1 =   85.050   0.000 deg. for the L =    2, J =    3.0 channel.
       3.5 -0.98510880  0.17193211i: elastic S-matrix  @@      0.00  0   0 F  0
 Reaction Xsec     3.5+/ 2 @ 1 =  -0.000#, Out:   0.000#

   S-matrix    2 =    0.61868  -0.78564 for L=    4, J=    3.0 channel on core I =   0.5 from L=    4,  Acc. loss =  0.0 D.
 Elastic phase shift   2 =  -25.890   0.000 deg. for the L =    4, J =    3.0 channel.
       3.5  0.61868455 -0.78563950i: elastic S-matrix  @@      0.00  0   0 F  0
 Reaction Xsec     3.5+/ 4 @ 2 =   0.000#, Out:   0.000#

   S-matrix    3 =    0.61868  -0.78564 for L=    4, J=    4.0 channel on core I =   0.5 from L=    4,  Acc. loss =  0.0 D.
 Elastic phase shift   3 =  -25.890   0.000 deg. for the L =    4, J =    4.0 channel.
       3.5  0.61868455 -0.78563950i: elastic S-matrix  @@      0.00  0   0 F  0
 Reaction Xsec     3.5+/ 4 @ 3 =   0.000#, Out:   0.000#


 Total SPIN, PARITY =     3.5 -,   3 chs,   0 cc.  Rmin & Coul turning =    0.2    3.6
   S-matrix    1 =    0.52957   0.84827 for L=    3, J=    3.0 channel on core I =   0.5 from L=    3,  Acc. loss =  0.0 D.
 Elastic phase shift   1 =   29.012   0.000 deg. for the L =    3, J =    3.0 channel.
       3.5  0.52956900  0.84826687i: elastic S-matrix  @@      0.00  0   0 F  0
 Reaction Xsec     3.5-/ 3 @ 1 =  -0.000#, Out:   0.000#

   S-matrix    2 =    0.52957   0.84827 for L=    3, J=    4.0 channel on core I =   0.5 from L=    3,  Acc. loss =  0.0 D.
 Elastic phase shift   2 =   29.012   0.000 deg. for the L =    3, J =    4.0 channel.
       3.5  0.52956900  0.84826687i: elastic S-matrix  @@      0.00  0   0 F  0
 Reaction Xsec     3.5-/ 3 @ 2 =  -0.000#, Out:   0.000#

   S-matrix    3 =   -0.96674  -0.25576 for L=    5, J=    4.0 channel on core I =   0.5 from L=    5,  Acc. loss =  0.0 D.
 Elastic phase shift   3 =  -82.591   0.000 deg. for the L =    5, J =    4.0 channel.
       3.5 -0.96674094 -0.25575762i: elastic S-matrix  @@      0.00  0   0 F  0
 Reaction Xsec     3.5-/ 5 @ 3 =  -0.000#, Out:   0.000#


 Total SPIN, PARITY =     4.5 +,   3 chs,   0 cc.  Rmin & Coul turning =    0.3    4.0
   S-matrix    1 =    0.61868  -0.78564 for L=    4, J=    4.0 channel on core I =   0.5 from L=    4,  Acc. loss =  0.0 D.
 Elastic phase shift   1 =  -25.890   0.000 deg. for the L =    4, J =    4.0 channel.
       4.5  0.61868455 -0.78563950i: elastic S-matrix  @@      0.00  0   0 F  0
 Reaction Xsec     4.5+/ 4 @ 1 =   0.000#, Out:   0.000#

   S-matrix    2 =    0.61868  -0.78564 for L=    4, J=    5.0 channel on core I =   0.5 from L=    4,  Acc. loss =  0.0 D.
 Elastic phase shift   2 =  -25.890   0.000 deg. for the L =    4, J =    5.0 channel.
       4.5  0.61868455 -0.78563950i: elastic S-matrix  @@      0.00  0   0 F  0
 Reaction Xsec     4.5+/ 4 @ 2 =   0.000#, Out:   0.000#

   S-matrix    3 =    0.25779   0.96620 for L=    6, J=    5.0 channel on core I =   0.5 from L=    6,  Acc. loss =  0.0 D.
 Elastic phase shift   3 =   37.531   0.000 deg. for the L =    6, J =    5.0 channel.
       4.5  0.25778944  0.96620112i: elastic S-matrix  @@      0.00  0   0 F  0
 Reaction Xsec     4.5+/ 6 @ 3 =   0.000#, Out:   0.000#


 Total SPIN, PARITY =     4.5 -,   3 chs,   0 cc.  Rmin & Coul turning =    0.3    4.0
   S-matrix    1 =    0.52957   0.84827 for L=    3, J=    4.0 channel on core I =   0.5 from L=    3,  Acc. loss =  0.0 D.
 Elastic phase shift   1 =   29.012   0.000 deg. for the L =    3, J =    4.0 channel.
       4.5  0.52956900  0.84826687i: elastic S-matrix  @@      0.00  0   0 F  0
 Reaction Xsec     4.5-/ 3 @ 1 =  -0.000#, Out:   0.000#

   S-matrix    2 =   -0.96674  -0.25576 for L=    5, J=    4.0 channel on core I =   0.5 from L=    5,  Acc. loss =  0.0 D.
 Elastic phase shift   2 =  -82.591   0.000 deg. for the L =    5, J =    4.0 channel.
       4.5 -0.96674094 -0.25575762i: elastic S-matrix  @@      0.00  0   0 F  0
 Reaction Xsec     4.5-/ 5 @ 2 =   0.000#, Out:   0.000#

   S-matrix    3 =   -0.96674  -0.25576 for L=    5, J=    5.0 channel on core I =   0.5 from L=    5,  Acc. loss =  0.0 D.
 Elastic phase shift   3 =  -82.591   0.000 deg. for the L =    5, J =    5.0 channel.
       4.5 -0.96674094 -0.25575762i: elastic S-matrix  @@      0.00  0   0 F  0
 Reaction Xsec     4.5-/ 5 @ 3 =   0.000#, Out:   0.000#


 Total SPIN, PARITY =     5.5 +,   3 chs,   0 cc.  Rmin & Coul turning =    0.4    4.5
   S-matrix    1 =    0.61868  -0.78564 for L=    4, J=    5.0 channel on core I =   0.5 from L=    4,  Acc. loss =  0.0 D.
 Elastic phase shift   1 =  -25.890   0.000 deg. for the L =    4, J =    5.0 channel.
       5.5  0.61868455 -0.78563950i: elastic S-matrix  @@      0.00  0   0 F  0
 Reaction Xsec     5.5+/ 4 @ 1 =   0.000#, Out:   0.000#

   S-matrix    2 =    0.25779   0.96620 for L=    6, J=    5.0 channel on core I =   0.5 from L=    6,  Acc. loss =  0.0 D.
 Elastic phase shift   2 =   37.531   0.000 deg. for the L =    6, J =    5.0 channel.
       5.5  0.25778944  0.96620112i: elastic S-matrix  @@      0.00  0   0 F  0
 Reaction Xsec     5.5+/ 6 @ 2 =   0.000#, Out:   0.000#

   S-matrix    3 =    0.25779   0.96620 for L=    6, J=    6.0 channel on core I =   0.5 from L=    6,  Acc. loss =  0.0 D.
 Elastic phase shift   3 =   37.531   0.000 deg. for the L =    6, J =    6.0 channel.
       5.5  0.25778944  0.96620112i: elastic S-matrix  @@      0.00  0   0 F  0
 Reaction Xsec     5.5+/ 6 @ 3 =   0.000#, Out:   0.000#

 Finished all CC sets @  0.
0CUMULATIVE REACTION cross section                 =    0.00000  <L> =     7.00  <L**2> =     39.6
0CUMULATIVE outgoing cross sections in partition 1 :    0.00000
0Cumulative ABSORBTION by Imaginary Potentials     =    0.00000  <L> =     7.00  <L**2> =     39.6
   Fusion for specific 6Li      M-states :   56.769404   56.769404   56.769404
0CUMULATIVE OUTGOING cross section                 =    0.00000
 To convert to S-factors (MeV.mb = keV.b),  multiply by  3.5052E+07


 CROSS SECTIONS FOR OUTGOING 6Li      & 19F      in state # 1 with spins & parities 1.0  + & 0.5  +;  0

     0.01 deg.: X-S =   7.0596E+16 mb/sr,
+                                         /R =   1.0000E+00
     1.00 deg.: X-S =   7.0571E+08 mb/sr,
+                                         /R =   9.9961E-01
     2.00 deg.: X-S =   4.4199E+07 mb/sr,
+                                         /R =   1.0015E+00
     3.00 deg.: X-S =   8.7049E+06 mb/sr,
+                                         /R =   9.9832E-01
     4.00 deg.: X-S =   2.7447E+06 mb/sr,
+                                         /R =   9.9451E-01
     5.00 deg.: X-S =   1.1295E+06 mb/sr,
+                                         /R =   9.9868E-01
     6.00 deg.: X-S =   5.5015E+05 mb/sr,
+                                         /R =   1.0081E+00
     7.00 deg.: X-S =   2.9920E+05 mb/sr,
+                                         /R =   1.0151E+00
     8.00 deg.: X-S =   1.7530E+05 mb/sr,
+                                         /R =   1.0138E+00
     9.00 deg.: X-S =   1.0844E+05 mb/sr,
+                                         /R =   1.0037E+00
    10.00 deg.: X-S =   7.0129E+04 mb/sr,
+                                         /R =   9.8836E-01
    11.00 deg.: X-S =   4.7242E+04 mb/sr,
+                                         /R =   9.7376E-01
    12.00 deg.: X-S =   3.3134E+04 mb/sr,
+                                         /R =   9.6614E-01
    13.00 deg.: X-S =   2.4190E+04 mb/sr,
+                                         /R =   9.7030E-01
    14.00 deg.: X-S =   1.8351E+04 mb/sr,
+                                         /R =   9.8873E-01
    15.00 deg.: X-S =   1.4404E+04 mb/sr,
+                                         /R =   1.0212E+00
    16.00 deg.: X-S =   1.1624E+04 mb/sr,
+                                         /R =   1.0651E+00
    17.00 deg.: X-S =  9570.573813 mb/sr,
+                                         /R =   1.1158E+00
    18.00 deg.: X-S =  7980.993210 mb/sr,
+                                         /R =   1.1674E+00
    19.00 deg.: X-S =  6695.959519 mb/sr,
+                                         /R =   1.2136E+00
    20.00 deg.: X-S =  5621.052337 mb/sr,
+                                         /R =   1.2483E+00
    21.00 deg.: X-S =  4700.728771 mb/sr,
+                                         /R =   1.2663E+00
    22.00 deg.: X-S =  3902.512095 mb/sr,
+                                         /R =   1.2635E+00
    23.00 deg.: X-S =  3207.218979 mb/sr,
+                                         /R =   1.2376E+00
    24.00 deg.: X-S =  2602.986042 mb/sr,
+                                         /R =   1.1880E+00
    25.00 deg.: X-S =  2081.695605 mb/sr,
+                                         /R =   1.1158E+00
    26.00 deg.: X-S =  1636.912429 mb/sr,
+                                         /R =   1.0238E+00
    27.00 deg.: X-S =  1262.762908 mb/sr,
+                                         /R =   9.1600E-01
    28.00 deg.: X-S =   953.391392 mb/sr,
+                                         /R =   7.9764E-01
    29.00 deg.: X-S =   702.759142 mb/sr,
+                                         /R =   6.7459E-01
    30.00 deg.: X-S =   504.636331 mb/sr,
+                                         /R =   5.5309E-01
    31.00 deg.: X-S =   352.692919 mb/sr,
+                                         /R =   4.3936E-01
    32.00 deg.: X-S =   240.630357 mb/sr,
+                                         /R =   3.3926E-01
    33.00 deg.: X-S =   162.319654 mb/sr,
+                                         /R =   2.5797E-01
    34.00 deg.: X-S =   111.926482 mb/sr,
+                                         /R =   1.9976E-01
    35.00 deg.: X-S =    84.013743 mb/sr,
+                                         /R =   1.6778E-01
    36.00 deg.: X-S =    73.618011 mb/sr,
+                                         /R =   1.6396E-01
    37.00 deg.: X-S =    76.299916 mb/sr,
+                                         /R =   1.8891E-01
    38.00 deg.: X-S =    88.170618 mb/sr,
+                                         /R =   2.4195E-01
    39.00 deg.: X-S =   105.897530 mb/sr,
+                                         /R =   3.2114E-01
    40.00 deg.: X-S =   126.692890 mb/sr,
+                                         /R =   4.2344E-01
    41.00 deg.: X-S =   148.288769 mb/sr,
+                                         /R =   5.4481E-01
    42.00 deg.: X-S =   168.901883 mb/sr,
+                                         /R =   6.8043E-01
    43.00 deg.: X-S =   187.191237 mb/sr,
+                                         /R =   8.2494E-01
    44.00 deg.: X-S =   202.211232 mb/sr,
+                                         /R =   9.7261E-01
    45.00 deg.: X-S =   213.362440 mb/sr,
+                                         /R =   1.1177E+00
    46.00 deg.: X-S =   220.341876 mb/sr,
+                                         /R =   1.2544E+00
    47.00 deg.: X-S =   223.094228 mb/sr,
+                                         /R =   1.3776E+00
    48.00 deg.: X-S =   221.765165 mb/sr,
+                                         /R =   1.4824E+00
    49.00 deg.: X-S =   216.657591 mb/sr,
+                                         /R =   1.5650E+00
    50.00 deg.: X-S =   208.191430 mb/sr,
+                                         /R =   1.6221E+00
    51.00 deg.: X-S =   196.867356 mb/sr,
+                                         /R =   1.6517E+00
    52.00 deg.: X-S =   183.234682 mb/sr,
+                                         /R =   1.6528E+00
    53.00 deg.: X-S =   167.863491 mb/sr,
+                                         /R =   1.6252E+00
    54.00 deg.: X-S =   151.320995 mb/sr,
+                                         /R =   1.5701E+00
    55.00 deg.: X-S =   134.151981 mb/sr,
+                                         /R =   1.4895E+00
    56.00 deg.: X-S =   116.863161 mb/sr,
+                                         /R =   1.3866E+00
    57.00 deg.: X-S =    99.911182 mb/sr,
+                                         /R =   1.2650E+00
    58.00 deg.: X-S =    83.694013 mb/sr,
+                                         /R =   1.1293E+00
    59.00 deg.: X-S =    68.545392 mb/sr,
+                                         /R =   9.8439E-01
    60.00 deg.: X-S =    54.732006 mb/sr,
+                                         /R =   8.3551E-01
    61.00 deg.: X-S =    42.453081 mb/sr,
+                                         /R =   6.8805E-01
    62.00 deg.: X-S =    31.842018 mb/sr,
+                                         /R =   5.4726E-01
    63.00 deg.: X-S =    22.969779 mb/sr,
+                                         /R =   4.1815E-01
    64.00 deg.: X-S =    15.849663 mb/sr,
+                                         /R =   3.0528E-01
    65.00 deg.: X-S =    10.443188 mb/sr,
+                                         /R =   2.1258E-01
    66.00 deg.: X-S =     6.666782 mb/sr,
+                                         /R =   1.4328E-01
    67.00 deg.: X-S =     4.398994 mb/sr,
+                                         /R =   9.9711E-02
    68.00 deg.: X-S =     3.488001 mb/sr,
+                                         /R =   8.3302E-02
    69.00 deg.: X-S =     3.759160 mb/sr,
+                                         /R =   9.4501E-02
    70.00 deg.: X-S =     5.022411 mb/sr,
+                                         /R =   1.3277E-01
    71.00 deg.: X-S =     7.079358 mb/sr,
+                                         /R =   1.9663E-01
    72.00 deg.: X-S =     9.729867 mb/sr,
+                                         /R =   2.8367E-01
    73.00 deg.: X-S =    12.778067 mb/sr,
+                                         /R =   3.9070E-01
    74.00 deg.: X-S =    16.037650 mb/sr,
+                                         /R =   5.1384E-01
    75.00 deg.: X-S =    19.336393 mb/sr,
+                                         /R =   6.4863E-01
    76.00 deg.: X-S =    22.519867 mb/sr,
+                                         /R =   7.9025E-01
    77.00 deg.: X-S =    25.454300 mb/sr,
+                                         /R =   9.3367E-01
    78.00 deg.: X-S =    28.028589 mb/sr,
+                                         /R =   1.0738E+00
    79.00 deg.: X-S =    30.155496 mb/sr,
+                                         /R =   1.2057E+00
    80.00 deg.: X-S =    31.772050 mb/sr,
+                                         /R =   1.3248E+00
    81.00 deg.: X-S =    32.839215 mb/sr,
+                                         /R =   1.4269E+00
    82.00 deg.: X-S =    33.340901 mb/sr,
+                                         /R =   1.5086E+00
    83.00 deg.: X-S =    33.282385 mb/sr,
+                                         /R =   1.5671E+00
    84.00 deg.: X-S =    32.688237 mb/sr,
+                                         /R =   1.6005E+00
    85.00 deg.: X-S =    31.599858 mb/sr,
+                                         /R =   1.6079E+00
    86.00 deg.: X-S =    30.072701 mb/sr,
+                                         /R =   1.5891E+00
    87.00 deg.: X-S =    28.173312 mb/sr,
+                                         /R =   1.5450E+00
    88.00 deg.: X-S =    25.976261 mb/sr,
+                                         /R =   1.4774E+00
    89.00 deg.: X-S =    23.561067 mb/sr,
+                                         /R =   1.3889E+00
    90.00 deg.: X-S =    21.009211 mb/sr,
+                                         /R =   1.2829E+00
    91.00 deg.: X-S =    18.401315 mb/sr,
+                                         /R =   1.1632E+00
    92.00 deg.: X-S =    15.814551 mb/sr,
+                                         /R =   1.0343E+00
    93.00 deg.: X-S =    13.320348 mb/sr,
+                                         /R =   9.0074E-01
    94.00 deg.: X-S =    10.982451 mb/sr,
+                                         /R =   7.6744E-01
    95.00 deg.: X-S =     8.855344 mb/sr,
+                                         /R =   6.3909E-01
    96.00 deg.: X-S =     6.983091 mb/sr,
+                                         /R =   5.2020E-01
    97.00 deg.: X-S =     5.398578 mb/sr,
+                                         /R =   4.1489E-01
    98.00 deg.: X-S =     4.123168 mb/sr,
+                                         /R =   3.2673E-01
    99.00 deg.: X-S =     3.166747 mb/sr,
+                                         /R =   2.5860E-01
   100.00 deg.: X-S =     2.528148 mb/sr,
+                                         /R =   2.1264E-01
   101.00 deg.: X-S =     2.195892 mb/sr,
+                                         /R =   1.9014E-01
   102.00 deg.: X-S =     2.149234 mb/sr,
+                                         /R =   1.9148E-01
   103.00 deg.: X-S =     2.359441 mb/sr,
+                                         /R =   2.1618E-01
   104.00 deg.: X-S =     2.791259 mb/sr,
+                                         /R =   2.6288E-01
   105.00 deg.: X-S =     3.404507 mb/sr,
+                                         /R =   3.2942E-01
   106.00 deg.: X-S =     4.155745 mb/sr,
+                                         /R =   4.1293E-01
   107.00 deg.: X-S =     4.999949 mb/sr,
+                                         /R =   5.0993E-01
   108.00 deg.: X-S =     5.892148 mb/sr,
+                                         /R =   6.1651E-01
   109.00 deg.: X-S =     6.788967 mb/sr,
+                                         /R =   7.2842E-01
   110.00 deg.: X-S =     7.650025 mb/sr,
+                                         /R =   8.4131E-01
   111.00 deg.: X-S =     8.439165 mb/sr,
+                                         /R =   9.5084E-01
   112.00 deg.: X-S =     9.125464 mb/sr,
+                                         /R =   1.0529E+00
   113.00 deg.: X-S =     9.684014 mb/sr,
+                                         /R =   1.1437E+00
   114.00 deg.: X-S =    10.096452 mb/sr,
+                                         /R =   1.2200E+00
   115.00 deg.: X-S =    10.351240 mb/sr,
+                                         /R =   1.2792E+00
   116.00 deg.: X-S =    10.443686 mb/sr,
+                                         /R =   1.3194E+00
   117.00 deg.: X-S =    10.375731 mb/sr,
+                                         /R =   1.3394E+00
   118.00 deg.: X-S =    10.155508 mb/sr,
+                                         /R =   1.3390E+00
   119.00 deg.: X-S =     9.796705 mb/sr,
+                                         /R =   1.3188E+00
   120.00 deg.: X-S =     9.317761 mb/sr,
+                                         /R =   1.2802E+00
   121.00 deg.: X-S =     8.740924 mb/sr,
+                                         /R =   1.2251E+00
   122.00 deg.: X-S =     8.091229 mb/sr,
+                                         /R =   1.1564E+00
   123.00 deg.: X-S =     7.395403 mb/sr,
+                                         /R =   1.0774E+00
   124.00 deg.: X-S =     6.680774 mb/sr,
+                                         /R =   9.9174E-01
   125.00 deg.: X-S =     5.974194 mb/sr,
+                                         /R =   9.0329E-01
   126.00 deg.: X-S =     5.301029 mb/sr,
+                                         /R =   8.1605E-01
   127.00 deg.: X-S =     4.684250 mb/sr,
+                                         /R =   7.3390E-01
   128.00 deg.: X-S =     4.143644 mb/sr,
+                                         /R =   6.6047E-01
   129.00 deg.: X-S =     3.695181 mb/sr,
+                                         /R =   5.9899E-01
   130.00 deg.: X-S =     3.350546 mb/sr,
+                                         /R =   5.5214E-01
   131.00 deg.: X-S =     3.116855 mb/sr,
+                                         /R =   5.2196E-01
   132.00 deg.: X-S =     2.996553 mb/sr,
+                                         /R =   5.0977E-01
   133.00 deg.: X-S =     2.987501 mb/sr,
+                                         /R =   5.1610E-01
   134.00 deg.: X-S =     3.083230 mb/sr,
+                                         /R =   5.4068E-01
   135.00 deg.: X-S =     3.273370 mb/sr,
+                                         /R =   5.8249E-01
   136.00 deg.: X-S =     3.544206 mb/sr,
+                                         /R =   6.3976E-01
   137.00 deg.: X-S =     3.879365 mb/sr,
+                                         /R =   7.1008E-01
   138.00 deg.: X-S =     4.260584 mb/sr,
+                                         /R =   7.9051E-01
   139.00 deg.: X-S =     4.668541 mb/sr,
+                                         /R =   8.7774E-01
   140.00 deg.: X-S =     5.083713 mb/sr,
+                                         /R =   9.6818E-01
   141.00 deg.: X-S =     5.487226 mb/sr,
+                                         /R =   1.0582E+00
   142.00 deg.: X-S =     5.861673 mb/sr,
+                                         /R =   1.1443E+00
   143.00 deg.: X-S =     6.191857 mb/sr,
+                                         /R =   1.2232E+00
   144.00 deg.: X-S =     6.465445 mb/sr,
+                                         /R =   1.2920E+00
   145.00 deg.: X-S =     6.673498 mb/sr,
+                                         /R =   1.3485E+00
   146.00 deg.: X-S =     6.810873 mb/sr,
+                                         /R =   1.3913E+00
   147.00 deg.: X-S =     6.876460 mb/sr,
+                                         /R =   1.4195E+00
   148.00 deg.: X-S =     6.873269 mb/sr,
+                                         /R =   1.4334E+00
   149.00 deg.: X-S =     6.808355 mb/sr,
+                                         /R =   1.4339E+00
   150.00 deg.: X-S =     6.692574 mb/sr,
+                                         /R =   1.4230E+00
   151.00 deg.: X-S =     6.540201 mb/sr,
+                                         /R =   1.4034E+00
   152.00 deg.: X-S =     6.368401 mb/sr,
+                                         /R =   1.3787E+00
   153.00 deg.: X-S =     6.196591 mb/sr,
+                                         /R =   1.3530E+00
   154.00 deg.: X-S =     6.045704 mb/sr,
+                                         /R =   1.3310E+00
   155.00 deg.: X-S =     5.937381 mb/sr,
+                                         /R =   1.3175E+00
   156.00 deg.: X-S =     5.893135 mb/sr,
+                                         /R =   1.3176E+00
   157.00 deg.: X-S =     5.933491 mb/sr,
+                                         /R =   1.3363E+00
   158.00 deg.: X-S =     6.077165 mb/sr,
+                                         /R =   1.3782E+00
   159.00 deg.: X-S =     6.340276 mb/sr,
+                                         /R =   1.4475E+00
   160.00 deg.: X-S =     6.735649 mb/sr,
+                                         /R =   1.5475E+00
   161.00 deg.: X-S =     7.272216 mb/sr,
+                                         /R =   1.6808E+00
   162.00 deg.: X-S =     7.954550 mb/sr,
+                                         /R =   1.8490E+00
   163.00 deg.: X-S =     8.782528 mb/sr,
+                                         /R =   2.0524E+00
   164.00 deg.: X-S =     9.751170 mb/sr,
+                                         /R =   2.2903E+00
   165.00 deg.: X-S =    10.850619 mb/sr,
+                                         /R =   2.5607E+00
   166.00 deg.: X-S =    12.066305 mb/sr,
+                                         /R =   2.8603E+00
   167.00 deg.: X-S =    13.379255 mb/sr,
+                                         /R =   3.1847E+00
   168.00 deg.: X-S =    14.766566 mb/sr,
+                                         /R =   3.5283E+00
   169.00 deg.: X-S =    16.202008 mb/sr,
+                                         /R =   3.8850E+00
   170.00 deg.: X-S =    17.656746 mb/sr,
+                                         /R =   4.2474E+00
   171.00 deg.: X-S =    19.100161 mb/sr,
+                                         /R =   4.6079E+00
   172.00 deg.: X-S =    20.500734 mb/sr,
+                                         /R =   4.9587E+00
   173.00 deg.: X-S =    21.826977 mb/sr,
+                                         /R =   5.2916E+00
   174.00 deg.: X-S =    23.048366 mb/sr,
+                                         /R =   5.5987E+00
   175.00 deg.: X-S =    24.136258 mb/sr,
+                                         /R =   5.8728E+00
   176.00 deg.: X-S =    25.064758 mb/sr,
+                                         /R =   6.1071E+00
   177.00 deg.: X-S =    25.811504 mb/sr,
+                                         /R =   6.2958E+00
   178.00 deg.: X-S =    26.358353 mb/sr,
+                                         /R =   6.4341E+00
   179.00 deg.: X-S =    26.691929 mb/sr,
+                                         /R =   6.5185E+00
   179.99 deg.: X-S =    26.804029 mb/sr,
+                                         /R =   6.5469E+00
 Finished all xsecs @  0.

  The following files have been created:
   3:local copy of User input.            6:standard output.                   
   7:elastic  S-matrix elements.         13:total cross sections/state.        
  16:tables of cross sections.           38:cross sections for each J/pi.      
  39:cross sections for each Ecm.        40:all cross sectns. for each Elab.   
  45:scat phase shift as E functions.    56:Fusion for each Jtotal.            
 201:Separate cross sections.           

 PARAMETERS : MAXQRN   MFNL   MLOC  LMAX1 MCLIST
    ALLOWED :      1      9      3     80      5
    REQUIRED:      0      0      3      7      3


 ACCURACY ANALYSIS at    20.000 MeV :

  Elastic h*k = 0.091 so OK       compared with 0.200

   Real(S-el) > 0.01 first at J =       0.5
   Real(S-el) > 0.10 first at J =       0.5
   Real(S-el) > 0.50 first at J =       1.5
   R-turn =     4.55 fm    at J =       5.5

 Forward-angle excitation cut off below  44.536 deg by max JT =       5.5
                              and below   4.888 deg by max R.

