

 *********** PARTITION NUMBER  1 ******************************************************************************************

   PROJ=6He        MASS=  6.0189 Z=   2.0,        # STATES=    1T, TARG=15O      MASS= 15.0031 Z=   7.0,     Q-VALUE =   0.0000 MEV.

     1:  J= 0.0+ (B# 1), E=  0.0000, K= 0.0              Potl#  1       J= 0.5- (B#-1), E=  0.0000, K= 0.5    


 ************************************************************************************************************************************

 The following POTENTIALS are defined :

  KP#       TYPE      IT    SHAPE      at     V1        r1        a1        V2        r2        a2        A-in     A-used


                                            A#1       A#2        r0c       ac                                                h @ 1
    1    0=Coulomb       0=CHARGE (WS)  1    15.000     6.000    1.3000    0.0000    0.0000    0.0000     0.000    78.586   0.05000

    1    1=Volume        9=Read:complx  2    0.3484    0.8561    0.0000    0.0000    0.0000    0.0000     0.000    78.586
  Input:# djlmb2 with systematic Nr and Ni                                              
  Form at  2: Reading  600 data points at   0.0500 intervals, starting from r =  0.0500, with overall coefficient  1.0000
    and multiplying real & imag parts by    0.34842   0.85609 respectively
0Incoming partition  1 in excitation state # 1,   Laboratory Energy given for partition  1 Nucleus 1 in Excitation pair 1

0Lab. ENERGY ranges :
   24.250

 Largest real,imaginary parts of any form factor at R=   29.45 are   4.89E-02  5.96E-13 MeV
 Finished all Couplings @  0. 2

 Symmetric Hamiltonian
1***********************************************************************************************************************************
************************************************************************************************************************************

        INCOMING 6He      ;    LABORATORY 6He      ENERGY =   24.250     MeV.

 ***********************************************************************************************************************************
 ***********************************************************************************************************************************


  NOTE: Coulomb excitation cut off below   0.628 deg by JTMAX, and below   2.225 deg by Rmax

 Allocate arrays for  1  channels, of which  1  need wfs.
 Reaction Xsec   197.5+/97 @ 1 =   0.000#, Out:   0.000#
 Reaction Xsec   197.5-/98 @ 1 =   0.000#, Out:   0.000#
 Reaction Xsec   198.5+/99 @ 1 =   0.000#, Out:   0.000#
 Reaction Xsec   198.5-/98 @ 1 =   0.000#, Out:   0.000#
 Reaction Xsec   199.5+/99 @ 1 =   0.000#, Out:   0.000#
 Reaction Xsec   199.5-/ 0 @ 1 =   0.000#, Out:   0.000#
 Reaction Xsec   200.5+/ 1 @ 1 =   0.000#, Out:   0.000#
 Reaction Xsec   200.5-/ 0 @ 1 =   0.000#, Out:   0.000#
 Finished all CC sets @  0.03125
0CUMULATIVE REACTION cross section                 = 1499.22905  <L> =     8.47  <L**2> =     83.8
0CUMULATIVE outgoing cross sections in partition 1 :    0.00000
0Cumulative ABSORBTION by Imaginary Potentials     = 1499.22905  <L> =     8.47  <L**2> =     83.8
   Fusion for specific 6He      M-states : 1499.229049
0CUMULATIVE OUTGOING cross section                 =    0.00000
 To convert to S-factors (MeV.mb = keV.b),  multiply by  1.7201E+04


 CROSS SECTIONS FOR OUTGOING 6He      & 15O      in state #   1 with spins & parities 0.0  + & 0.5  -;  0

     1.00 deg.: X-S =   1.4825E+08 mb/sr,
+                                         /R =   1.0138E+00
     2.00 deg.: X-S =   9.4691E+06 mb/sr,
+                                         /R =   1.0359E+00
     3.00 deg.: X-S =   1.7460E+06 mb/sr,
+                                         /R =   9.6676E-01
     4.00 deg.: X-S =   4.7786E+05 mb/sr,
+                                         /R =   8.3594E-01
     5.00 deg.: X-S =   1.6545E+05 mb/sr,
+                                         /R =   7.0630E-01
     6.00 deg.: X-S =   7.0333E+04 mb/sr,
+                                         /R =   6.2224E-01
     7.00 deg.: X-S =   3.6572E+04 mb/sr,
+                                         /R =   5.9903E-01
     8.00 deg.: X-S =   2.2466E+04 mb/sr,
+                                         /R =   6.2727E-01
     9.00 deg.: X-S =   1.5270E+04 mb/sr,
+                                         /R =   6.8235E-01
    10.00 deg.: X-S =   1.0796E+04 mb/sr,
+                                         /R =   7.3458E-01
    11.00 deg.: X-S =  7615.777447 mb/sr,
+                                         /R =   7.5788E-01
    12.00 deg.: X-S =  5227.275156 mb/sr,
+                                         /R =   7.3589E-01
    13.00 deg.: X-S =  3433.043113 mb/sr,
+                                         /R =   6.6483E-01
    14.00 deg.: X-S =  2127.433101 mb/sr,
+                                         /R =   5.5339E-01
    15.00 deg.: X-S =  1226.521426 mb/sr,
+                                         /R =   4.1982E-01
    16.00 deg.: X-S =   649.544488 mb/sr,
+                                         /R =   2.8736E-01
    17.00 deg.: X-S =   317.915401 mb/sr,
+                                         /R =   1.7894E-01
    18.00 deg.: X-S =   159.087091 mb/sr,
+                                         /R =   1.1235E-01
    19.00 deg.: X-S =   110.529353 mb/sr,
+                                         /R =   9.6719E-02
    20.00 deg.: X-S =   122.249133 mb/sr,
+                                         /R =   1.3108E-01
    21.00 deg.: X-S =   157.570032 mb/sr,
+                                         /R =   2.0493E-01
    22.00 deg.: X-S =   192.411161 mb/sr,
+                                         /R =   3.0076E-01
    23.00 deg.: X-S =   213.498192 mb/sr,
+                                         /R =   3.9775E-01
    24.00 deg.: X-S =   215.974825 mb/sr,
+                                         /R =   4.7590E-01
    25.00 deg.: X-S =   200.837016 mb/sr,
+                                         /R =   5.1974E-01
    26.00 deg.: X-S =   172.524317 mb/sr,
+                                         /R =   5.2095E-01
    27.00 deg.: X-S =   136.896885 mb/sr,
+                                         /R =   4.7944E-01
    28.00 deg.: X-S =    99.720720 mb/sr,
+                                         /R =   4.0279E-01
    29.00 deg.: X-S =    65.690153 mb/sr,
+                                         /R =   3.0444E-01
    30.00 deg.: X-S =    37.943718 mb/sr,
+                                         /R =   2.0078E-01
    31.00 deg.: X-S =    17.981121 mb/sr,
+                                         /R =   1.0815E-01
    32.00 deg.: X-S =     5.865070 mb/sr,
+                                         /R =   3.9923E-02
    33.00 deg.: X-S =     0.588952 mb/sr,
+                                         /R =   4.5190E-03
    34.00 deg.: X-S =     0.504716 mb/sr,
+                                         /R =   4.3490E-03
    35.00 deg.: X-S =     3.728815 mb/sr,
+                                         /R =   3.5953E-02
    36.00 deg.: X-S =     8.471776 mb/sr,
+                                         /R =   9.1096E-02
    37.00 deg.: X-S =    13.264181 mb/sr,
+                                         /R =   1.5856E-01
    38.00 deg.: X-S =    17.074888 mb/sr,
+                                         /R =   2.2622E-01
    39.00 deg.: X-S =    19.334237 mb/sr,
+                                         /R =   2.8308E-01
    40.00 deg.: X-S =    19.885212 mb/sr,
+                                         /R =   3.2087E-01
    41.00 deg.: X-S =    18.889487 mb/sr,
+                                         /R =   3.3506E-01
    42.00 deg.: X-S =    16.714215 mb/sr,
+                                         /R =   3.2509E-01
    43.00 deg.: X-S =    13.820972 mb/sr,
+                                         /R =   2.9406E-01
    44.00 deg.: X-S =    10.671965 mb/sr,
+                                         /R =   2.4782E-01
    45.00 deg.: X-S =     7.661978 mb/sr,
+                                         /R =   1.9377E-01
    46.00 deg.: X-S =     5.078516 mb/sr,
+                                         /R =   1.3959E-01
    47.00 deg.: X-S =     3.087990 mb/sr,
+                                         /R =   9.2060E-02
    48.00 deg.: X-S =     1.742704 mb/sr,
+                                         /R =   5.6244E-02
    49.00 deg.: X-S =     1.001996 mb/sr,
+                                         /R =   3.4944E-02
    50.00 deg.: X-S =     0.760734 mb/sr,
+                                         /R =   2.8617E-02
    51.00 deg.: X-S =     0.879260 mb/sr,
+                                         /R =   3.5617E-02
    52.00 deg.: X-S =     1.210267 mb/sr,
+                                         /R =   5.2704E-02
    53.00 deg.: X-S =     1.619789 mb/sr,
+                                         /R =   7.5712E-02
    54.00 deg.: X-S =     2.001027 mb/sr,
+                                         /R =   1.0024E-01
    55.00 deg.: X-S =     2.281052 mb/sr,
+                                         /R =   1.2228E-01
    56.00 deg.: X-S =     2.421384 mb/sr,
+                                         /R =   1.3871E-01
    57.00 deg.: X-S =     2.413966 mb/sr,
+                                         /R =   1.4756E-01
    58.00 deg.: X-S =     2.274268 mb/sr,
+                                         /R =   1.4816E-01
    59.00 deg.: X-S =     2.033158 mb/sr,
+                                         /R =   1.4097E-01
    60.00 deg.: X-S =     1.728902 mb/sr,
+                                         /R =   1.2742E-01
    61.00 deg.: X-S =     1.400283 mb/sr,
+                                         /R =   1.0957E-01
    62.00 deg.: X-S =     1.081409 mb/sr,
+                                         /R =   8.9731E-02
    63.00 deg.: X-S =     0.798435 mb/sr,
+                                         /R =   7.0174E-02
    64.00 deg.: X-S =     0.568111 mb/sr,
+                                         /R =   5.2829E-02
    65.00 deg.: X-S =     0.397871 mb/sr,
+                                         /R =   3.9103E-02
    66.00 deg.: X-S =     0.287051 mb/sr,
+                                         /R =   2.9785E-02
    67.00 deg.: X-S =     0.228812 mb/sr,
+                                         /R =   2.5040E-02
    68.00 deg.: X-S =     0.212347 mb/sr,
+                                         /R =   2.4484E-02
    69.00 deg.: X-S =     0.225035 mb/sr,
+                                         /R =   2.7312E-02
    70.00 deg.: X-S =     0.254301 mb/sr,
+                                         /R =   3.2457E-02
    71.00 deg.: X-S =     0.289026 mb/sr,
+                                         /R =   3.8757E-02
    72.00 deg.: X-S =     0.320456 mb/sr,
+                                         /R =   4.5107E-02
    73.00 deg.: X-S =     0.342625 mb/sr,
+                                         /R =   5.0579E-02
    74.00 deg.: X-S =     0.352357 mb/sr,
+                                         /R =   5.4505E-02
    75.00 deg.: X-S =     0.348953 mb/sr,
+                                         /R =   5.6514E-02
    76.00 deg.: X-S =     0.333668 mb/sr,
+                                         /R =   5.6530E-02
    77.00 deg.: X-S =     0.309094 mb/sr,
+                                         /R =   5.4738E-02
    78.00 deg.: X-S =     0.278539 mb/sr,
+                                         /R =   5.1519E-02
    79.00 deg.: X-S =     0.245463 mb/sr,
+                                         /R =   4.7383E-02
    80.00 deg.: X-S =     0.213038 mb/sr,
+                                         /R =   4.2887E-02
    81.00 deg.: X-S =     0.183831 mb/sr,
+                                         /R =   3.8565E-02
    82.00 deg.: X-S =     0.159635 mb/sr,
+                                         /R =   3.4874E-02
    83.00 deg.: X-S =     0.141418 mb/sr,
+                                         /R =   3.2149E-02
    84.00 deg.: X-S =     0.129377 mb/sr,
+                                         /R =   3.0584E-02
    85.00 deg.: X-S =     0.123063 mb/sr,
+                                         /R =   3.0231E-02
    86.00 deg.: X-S =     0.121549 mb/sr,
+                                         /R =   3.1009E-02
    87.00 deg.: X-S =     0.123618 mb/sr,
+                                         /R =   3.2729E-02
    88.00 deg.: X-S =     0.127939 mb/sr,
+                                         /R =   3.5131E-02
    89.00 deg.: X-S =     0.133221 mb/sr,
+                                         /R =   3.7915E-02
    90.00 deg.: X-S =     0.138330 mb/sr,
+                                         /R =   4.0781E-02
    91.00 deg.: X-S =     0.142374 mb/sr,
+                                         /R =   4.3450E-02
    92.00 deg.: X-S =     0.144738 mb/sr,
+                                         /R =   4.5700E-02
    93.00 deg.: X-S =     0.145093 mb/sr,
+                                         /R =   4.7369E-02
    94.00 deg.: X-S =     0.143371 mb/sr,
+                                         /R =   4.8369E-02
    95.00 deg.: X-S =     0.139722 mb/sr,
+                                         /R =   4.8684E-02
    96.00 deg.: X-S =     0.134454 mb/sr,
+                                         /R =   4.8357E-02
    97.00 deg.: X-S =     0.127978 mb/sr,
+                                         /R =   4.7485E-02
    98.00 deg.: X-S =     0.120747 mb/sr,
+                                         /R =   4.6195E-02
    99.00 deg.: X-S =     0.113205 mb/sr,
+                                         /R =   4.4632E-02
   100.00 deg.: X-S =     0.105747 mb/sr,
+                                         /R =   4.2942E-02
   101.00 deg.: X-S =     0.098692 mb/sr,
+                                         /R =   4.1257E-02
   102.00 deg.: X-S =     0.092264 mb/sr,
+                                         /R =   3.9686E-02
   103.00 deg.: X-S =     0.086597 mb/sr,
+                                         /R =   3.8307E-02
   104.00 deg.: X-S =     0.081732 mb/sr,
+                                         /R =   3.7164E-02
   105.00 deg.: X-S =     0.077637 mb/sr,
+                                         /R =   3.6269E-02
   106.00 deg.: X-S =     0.074223 mb/sr,
+                                         /R =   3.5607E-02
   107.00 deg.: X-S =     0.071366 mb/sr,
+                                         /R =   3.5140E-02
   108.00 deg.: X-S =     0.068924 mb/sr,
+                                         /R =   3.4817E-02
   109.00 deg.: X-S =     0.066757 mb/sr,
+                                         /R =   3.4581E-02
   110.00 deg.: X-S =     0.064742 mb/sr,
+                                         /R =   3.4375E-02
   111.00 deg.: X-S =     0.062777 mb/sr,
+                                         /R =   3.4149E-02
   112.00 deg.: X-S =     0.060792 mb/sr,
+                                         /R =   3.3864E-02
   113.00 deg.: X-S =     0.058743 mb/sr,
+                                         /R =   3.3495E-02
   114.00 deg.: X-S =     0.056616 mb/sr,
+                                         /R =   3.3029E-02
   115.00 deg.: X-S =     0.054414 mb/sr,
+                                         /R =   3.2466E-02
   116.00 deg.: X-S =     0.052155 mb/sr,
+                                         /R =   3.1811E-02
   117.00 deg.: X-S =     0.049864 mb/sr,
+                                         /R =   3.1078E-02
   118.00 deg.: X-S =     0.047566 mb/sr,
+                                         /R =   3.0280E-02
   119.00 deg.: X-S =     0.045283 mb/sr,
+                                         /R =   2.9431E-02
   120.00 deg.: X-S =     0.043027 mb/sr,
+                                         /R =   2.8540E-02
   121.00 deg.: X-S =     0.040806 mb/sr,
+                                         /R =   2.7613E-02
   122.00 deg.: X-S =     0.038621 mb/sr,
+                                         /R =   2.6650E-02
   123.00 deg.: X-S =     0.036471 mb/sr,
+                                         /R =   2.5653E-02
   124.00 deg.: X-S =     0.034352 mb/sr,
+                                         /R =   2.4620E-02
   125.00 deg.: X-S =     0.032267 mb/sr,
+                                         /R =   2.3554E-02
   126.00 deg.: X-S =     0.030224 mb/sr,
+                                         /R =   2.2463E-02
   127.00 deg.: X-S =     0.028238 mb/sr,
+                                         /R =   2.1360E-02
   128.00 deg.: X-S =     0.026334 mb/sr,
+                                         /R =   2.0266E-02
   129.00 deg.: X-S =     0.024541 mb/sr,
+                                         /R =   1.9206E-02
   130.00 deg.: X-S =     0.022890 mb/sr,
+                                         /R =   1.8212E-02
   131.00 deg.: X-S =     0.021411 mb/sr,
+                                         /R =   1.7312E-02
   132.00 deg.: X-S =     0.020129 mb/sr,
+                                         /R =   1.6533E-02
   133.00 deg.: X-S =     0.019056 mb/sr,
+                                         /R =   1.5893E-02
   134.00 deg.: X-S =     0.018190 mb/sr,
+                                         /R =   1.5400E-02
   135.00 deg.: X-S =     0.017514 mb/sr,
+                                         /R =   1.5047E-02
   136.00 deg.: X-S =     0.016995 mb/sr,
+                                         /R =   1.4811E-02
   137.00 deg.: X-S =     0.016586 mb/sr,
+                                         /R =   1.4657E-02
   138.00 deg.: X-S =     0.016231 mb/sr,
+                                         /R =   1.4540E-02
   139.00 deg.: X-S =     0.015872 mb/sr,
+                                         /R =   1.4408E-02
   140.00 deg.: X-S =     0.015453 mb/sr,
+                                         /R =   1.4209E-02
   141.00 deg.: X-S =     0.014928 mb/sr,
+                                         /R =   1.3899E-02
   142.00 deg.: X-S =     0.014269 mb/sr,
+                                         /R =   1.3448E-02
   143.00 deg.: X-S =     0.013466 mb/sr,
+                                         /R =   1.2843E-02
   144.00 deg.: X-S =     0.012535 mb/sr,
+                                         /R =   1.2093E-02
   145.00 deg.: X-S =     0.011509 mb/sr,
+                                         /R =   1.1229E-02
   146.00 deg.: X-S =     0.010444 mb/sr,
+                                         /R =   1.0300E-02
   147.00 deg.: X-S =     0.009403 mb/sr,
+                                         /R =   9.3720E-03
   148.00 deg.: X-S =     0.008458 mb/sr,
+                                         /R =   8.5163E-03
   149.00 deg.: X-S =     0.007673 mb/sr,
+                                         /R =   7.8024E-03
   150.00 deg.: X-S =     0.007100 mb/sr,
+                                         /R =   7.2885E-03
   151.00 deg.: X-S =     0.006769 mb/sr,
+                                         /R =   7.0127E-03
   152.00 deg.: X-S =     0.006684 mb/sr,
+                                         /R =   6.9865E-03
   153.00 deg.: X-S =     0.006821 mb/sr,
+                                         /R =   7.1909E-03
   154.00 deg.: X-S =     0.007128 mb/sr,
+                                         /R =   7.5768E-03
   155.00 deg.: X-S =     0.007531 mb/sr,
+                                         /R =   8.0686E-03
   156.00 deg.: X-S =     0.007941 mb/sr,
+                                         /R =   8.5725E-03
   157.00 deg.: X-S =     0.008265 mb/sr,
+                                         /R =   8.9869E-03
   158.00 deg.: X-S =     0.008417 mb/sr,
+                                         /R =   9.2156E-03
   159.00 deg.: X-S =     0.008330 mb/sr,
+                                         /R =   9.1809E-03
   160.00 deg.: X-S =     0.007966 mb/sr,
+                                         /R =   8.8359E-03
   161.00 deg.: X-S =     0.007325 mb/sr,
+                                         /R =   8.1740E-03
   162.00 deg.: X-S =     0.006446 mb/sr,
+                                         /R =   7.2338E-03
   163.00 deg.: X-S =     0.005407 mb/sr,
+                                         /R =   6.1002E-03
   164.00 deg.: X-S =     0.004320 mb/sr,
+                                         /R =   4.8984E-03
   165.00 deg.: X-S =     0.003321 mb/sr,
+                                         /R =   3.7839E-03
   166.00 deg.: X-S =     0.002558 mb/sr,
+                                         /R =   2.9276E-03
   167.00 deg.: X-S =     0.002174 mb/sr,
+                                         /R =   2.4981E-03
   168.00 deg.: X-S =     0.002290 mb/sr,
+                                         /R =   2.6423E-03
   169.00 deg.: X-S =     0.002996 mb/sr,
+                                         /R =   3.4680E-03
   170.00 deg.: X-S =     0.004330 mb/sr,
+                                         /R =   5.0286E-03
   171.00 deg.: X-S =     0.006278 mb/sr,
+                                         /R =   7.3126E-03
   172.00 deg.: X-S =     0.008769 mb/sr,
+                                         /R =   1.0240E-02
   173.00 deg.: X-S =     0.011675 mb/sr,
+                                         /R =   1.3665E-02
   174.00 deg.: X-S =     0.014824 mb/sr,
+                                         /R =   1.7386E-02
   175.00 deg.: X-S =     0.018012 mb/sr,
+                                         /R =   2.1160E-02
   176.00 deg.: X-S =     0.021018 mb/sr,
+                                         /R =   2.4725E-02
   177.00 deg.: X-S =     0.023626 mb/sr,
+                                         /R =   2.7823E-02
   178.00 deg.: X-S =     0.025645 mb/sr,
+                                         /R =   3.0222E-02
   179.00 deg.: X-S =     0.026920 mb/sr,
+                                         /R =   3.1740E-02
   179.99 deg.: X-S =     0.027357 mb/sr,
+                                         /R =   3.2260E-02
     8.50 deg.: X-S =   1.8367E+04 mb/sr,
+                                         /R =   6.5331E-01
     9.90 deg.: X-S =   1.1172E+04 mb/sr,
+                                         /R =   7.3029E-01
    11.30 deg.: X-S =  6828.193442 mb/sr,
+                                         /R =   7.5647E-01
    12.60 deg.: X-S =  4087.064675 mb/sr,
+                                         /R =   6.9884E-01
    14.00 deg.: X-S =  2127.433101 mb/sr,
+                                         /R =   5.5339E-01
    15.40 deg.: X-S =   961.342493 mb/sr,
+                                         /R =   3.6536E-01
    16.80 deg.: X-S =   368.218037 mb/sr,
+                                         /R =   1.9774E-01
    18.10 deg.: X-S =   150.197562 mb/sr,
+                                         /R =   1.0843E-01
    19.50 deg.: X-S =   111.456853 mb/sr,
+                                         /R =   1.0810E-01
    20.80 deg.: X-S =   149.942988 mb/sr,
+                                         /R =   1.8777E-01
    22.20 deg.: X-S =   197.989267 mb/sr,
+                                         /R =   3.2075E-01
    23.60 deg.: X-S =   217.255322 mb/sr,
+                                         /R =   4.4803E-01
    24.90 deg.: X-S =   203.033956 mb/sr,
+                                         /R =   5.1720E-01
    26.30 deg.: X-S =   162.329144 mb/sr,
+                                         /R =   5.1278E-01
    27.00 deg.: X-S =   136.896885 mb/sr,
+                                         /R =   4.7944E-01
    28.30 deg.: X-S =    89.006237 mb/sr,
+                                         /R =   3.7485E-01
    29.70 deg.: X-S =    45.488116 mb/sr,
+                                         /R =   2.3143E-01
    31.00 deg.: X-S =    17.981121 mb/sr,
+                                         /R =   1.0815E-01
    32.30 deg.: X-S =     3.630451 mb/sr,
+                                         /R =   2.5627E-02
    33.70 deg.: X-S =     0.096183 mb/sr,
+                                         /R =   8.0074E-04
    35.10 deg.: X-S =     4.162073 mb/sr,
+                                         /R =   4.0577E-02
    36.40 deg.: X-S =    10.451013 mb/sr,
+                                         /R =   1.1728E-01
    37.70 deg.: X-S =    16.077295 mb/sr,
+                                         /R =   2.0659E-01
    39.10 deg.: X-S =    19.465683 mb/sr,
+                                         /R =   2.8782E-01
    40.40 deg.: X-S =    19.655323 mb/sr,
+                                         /R =   3.2950E-01
    41.70 deg.: X-S =    17.463939 mb/sr,
+                                         /R =   3.3049E-01
    43.10 deg.: X-S =    13.510362 mb/sr,
+                                         /R =   2.9001E-01
    44.80 deg.: X-S =     8.237327 mb/sr,
+                                         /R =   2.0484E-01
    46.10 deg.: X-S =     4.851076 mb/sr,
+                                         /R =   1.3444E-01
    46.50 deg.: X-S =     4.003388 mb/sr,
+                                         /R =   1.1463E-01
    47.80 deg.: X-S =     1.960973 mb/sr,
+                                         /R =   6.2301E-02
    49.10 deg.: X-S =     0.957524 mb/sr,
+                                         /R =   3.3649E-02
    50.40 deg.: X-S =     0.773305 mb/sr,
+                                         /R =   2.9970E-02
    51.70 deg.: X-S =     1.097057 mb/sr,
+                                         /R =   4.6756E-02
    53.00 deg.: X-S =     1.619789 mb/sr,
+                                         /R =   7.5712E-02
    54.30 deg.: X-S =     2.098058 mb/sr,
+                                         /R =   1.0728E-01
    55.60 deg.: X-S =     2.383140 mb/sr,
+                                         /R =   1.3296E-01
    56.90 deg.: X-S =     2.421064 mb/sr,
+                                         /R =   1.4705E-01
    58.20 deg.: X-S =     2.232993 mb/sr,
+                                         /R =   1.4731E-01
    59.50 deg.: X-S =     1.886441 mb/sr,
+                                         /R =   1.3487E-01
    60.80 deg.: X-S =     1.466219 mb/sr,
+                                         /R =   1.1337E-01
    62.00 deg.: X-S =     1.081409 mb/sr,
+                                         /R =   8.9731E-02
    62.90 deg.: X-S =     0.824564 mb/sr,
+                                         /R =   7.2059E-02
    64.20 deg.: X-S =     0.529172 mb/sr,
+                                         /R =   4.9759E-02
 Finished all xsecs @  0.03125

  The following files have been created:
   3:local copy of User input.           13:total cross sections/state.        
  16:tables of cross sections.           39:cross sections for each Ecm.       
  40:all cross sectns. for each Elab.    56:Fusion for each Jtotal.            
 201:Separate cross sections.           

 PARAMETERS : MAXQRN   MFNL   MLOC  LMAX1 MCLIST
    ALLOWED :      1      1      2    220      4
    REQUIRED:      0      0      2    202      2


 ACCURACY ANALYSIS at    24.250 MeV :

  Elastic h*k = 0.094 so OK       compared with 0.200

   Real(S-el) > 0.01 first at J =       1.5
   Real(S-el) > 0.10 first at J =       9.5
   Real(S-el) > 0.50 first at J =      11.5
   Real(S-el) > 0.90 first at J =      13.5
   Real(S-el) > 0.99 first at J =      17.5
   R-turn =   106.89 fm    at J =     200.5

 Forward-angle excitation cut off below   0.626 deg by max JT =     200.5
                              and below   2.225 deg by max R.

 Total CPU  0 time =       0.03 seconds
