 FRESCO - FRES 2.3: Coupled Reaction Channels
 Assuming NAMELIST input.

 7Li(d,p)8Li at 12 MeV                                                           

   0.100  30.000   0.200   0.100  18.000  -0.000   0.000   0.000   0.000   0.000

 Centre-of-mass Range is    302 * 0.1000 fm., Maximum at  30.00 fm., Interpolating NL forms every  0.20 fm.
 Non - locality width is    181 * 0.1000 fm., Maximum of  18.00 fm., Centred at  0.00 fm.
 2-Nucleon Separation of      0 * 0.2000 fm., Maximum of   0.00 fm., Minimum at  0.00 fm.
 Maximum single particle bins of 30.0000 fm.
               M,Mint =  301 301


 Range of total J is     0.0 <= J <=    60.0 and Absorbtion =>    -1.0000 mb.
 Dry Run = F, CC set limits =  0  0, Relativistic kinematics =  , Both/Far/Near Analyses =  1

 Cross Sections (and up to T0 for 0=projectile) for Theta from   0.0 to 180.0 in steps of  0.1 degrees.  Coordinates = 0 (Mads)

 Lower Radial Cutoff = maximum of -2.00*L*h &       0.0 fm.,  Lower Cutoff for Couplings =   0.0  fm.


 Iterate Couplings between   1 and   1 times, to  0.001 % if sooner.                                          
  Block solved exactly =   1 chs., with Pade = 0 & Isocen =  =0, NOSOL = F
  NL quadrature with   24 Gaussian points, Calculate multipoles up to    66 from   0
  M-transfers for lp+lt greater than or equal to  6, Angular Integration Cutoff below  1.5625 %


 Trace switches are :  CHANS =  0, LISTCC =  0, TRENEG =  0, CDETR =  0, SMATS =  0, XSTABL =  1, NLPL =  0

                       WAVES =  0, LAMPL =  0, VEFF =  0, KFUS =  0, WDISK =  0, BPM =  0, MELFIL =  0

                       CDCC =  0, NFUS =  0

 Using unit mass = 1.000000 amu and 1/fine-structure constant = 137.03599 ( 1.000000 * true ) with hc = 197.32705 MeV.fm,
  thus 2*amu/hbar^2 = 0.0478450 = 1/20.9008 and Coulomb constant = 0.1574855 so e^2 = 1.43997, and nuclear magneton= 0.1261183

 Now pre-scan input and save to file 3

Allocating FORMF(  302      16) in   0.000 GB


 *********** PARTITION NUMBER  1 ******************************************************************************************

   PROJ=d          MASS=  2.0141 Z=   1.0,        # STATES= -1T, TARG=7Li      MASS=  7.0160 Z=   3.0,     Q-VALUE =   0.0000 MEV.

  1:  J= 1.0+ (B# 1), E=  0.0000, K= 0.0              Potl#  1       J= 1.5- (B#-1), E=  0.0000, K= 0.5    


 *********** PARTITION NUMBER  2 ******************************************************************************************

   PROJ=p          MASS=  1.0078 Z=   1.0,        # STATES=  1T, TARG=8Li      MASS=  8.0225 Z=   3.0,     Q-VALUE =  -0.1900 MEV.

  1:  J= 0.5+ (B# 1), E=  0.0000, K= 0.5              Potl#  2       J= 2.0+ (B# 1), E=  0.0000, K= 0.0    


 ************************************************************************************************************************************

 The following POTENTIALS are defined :

  KP#       TYPE      IT    SHAPE      at     V1        r1        a1        V2        r2        a2        A-in     A-used


                                            A#1       A#2        r0c       ac                                                h @ 1
    1    0=Coulomb       0=CHARGE (WS)  1     7.000     0.000    1.3000    0.0000    0.0000    0.0000     0.000     7.000   0.10000

    1    1=Volume        0=Woods-Saxon  2  118.0000    0.8860    0.9070    0.0000    0.0000    0.0000     0.000     7.000

    1    2=Surface       0=Woods-Saxon  3    0.0000    0.0000    0.0000    5.8000    1.5700    0.7770     0.000     7.000

    1    3=Projtl S.O.   0=Woods-Saxon  4    5.8000    0.8860    0.9070    0.0000    0.0000    0.0000     0.000     7.000
   --------------------------------------------------------------------------------------------------------------------

                                            A#1       A#2        r0c       ac                                                h @ 2
    2    0=Coulomb       0=CHARGE (WS)  5     8.000     0.000    1.3000    0.0000    0.0000    0.0000     0.000     8.000   0.10000

    2    1=Volume        0=Woods-Saxon  6   45.0000    1.3200    0.5700    0.0000    0.0000    0.0000     0.000     8.000

    2    2=Surface       0=Woods-Saxon  7    0.0000    0.0000    0.0000   11.0000    1.3200    0.3450     0.000     8.000

    2    3=Projtl S.O.   0=Woods-Saxon  8    5.0000    1.3200    0.5700    0.0000    0.0000    0.0000     0.000     8.000
   --------------------------------------------------------------------------------------------------------------------

                                            A#1       A#2        r0c       ac                                                h @ 0
    3    0=Coulomb       0=CHARGE (WS)  9     1.000     0.000    1.2500    0.0000    0.0000    0.0000     0.000     1.000   0.10000

    3    1=Volume        0=Woods-Saxon 10   78.0000    1.2500    0.6500    0.0000    0.0000    0.0000     0.000     1.000
   --------------------------------------------------------------------------------------------------------------------

                                            A#1       A#2        r0c       ac                                                h @ 0
    4    0=Coulomb       0=CHARGE (WS) 11     7.000     0.000    1.2500    0.0000    0.0000    0.0000     0.000     7.000   0.10000

    4    1=Volume        0=Woods-Saxon 12   78.0000    1.2500    0.6500    0.0000    0.0000    0.0000     0.000     7.000
   --------------------------------------------------------------------------------------------------------------------

                                            A#1       A#2        r0c       ac                                                h @ 0
    5    0=Coulomb       0=CHARGE (WS) 13     7.000     0.000    1.3030    0.0000    0.0000    0.0000     0.000     7.000   0.10000

    5    1=Volume        0=Woods-Saxon 14   53.6000    1.1324    0.6900    0.0000    0.0000    0.0000     0.000     7.000

    5    2=Surface       0=Woods-Saxon 15    0.0000    0.0000    0.0000    8.8500    1.1104    0.6900     0.000     7.000

    5    3=Projtl S.O.   0=Woods-Saxon 16    5.9000    0.7127    0.6300    0.0000    0.0000    0.0000     0.000     7.000


 ************************************************************************************************************************************

 The following SINGLE-PARTICLE FORM FACTORS are constructed :


 No.   P1 P2 IN KIND T N  L  S1 IA J/S  IB BIND XFER  BE    SC PC FIL AFRAC Adjust  to  Z  Mass   K     Norm    rms      D0     D   ANC/Gsp

    Parameters      Mismatch   Nodes -> 1 in ch  1

      1.000000     0.78551069     1    36
      0.906600     0.26870243     1    36
      0.833093     0.05570213     1    36
      0.808900     0.00347850     1    36
      0.807181     0.00001524     1    36

 For Channel #  1 with l = 0,  j =  0.5, around core state #  1

   R    Y(R)
   0.00   0.0000E+00,    0.20   9.6001E-02,    0.40   1.8741E-01,    0.60   2.7036E-01,    0.80   3.4200E-01,    1.00   4.0064E-01, 
   1.20   4.4576E-01,    1.40   4.7786E-01,    1.60   4.9819E-01,    1.80   5.0846E-01,    2.00   5.1056E-01,    2.20   5.0630E-01, 
   2.40   4.9733E-01,    2.60   4.8501E-01,    2.80   4.7042E-01,    3.00   4.5442E-01,    3.20   4.3763E-01,    3.40   4.2051E-01, 
   3.60   4.0338E-01,    3.80   3.8647E-01,    4.00   3.6994E-01,    4.20   3.5386E-01,    4.40   3.3832E-01,    4.60   3.2334E-01, 
   4.80   3.0895E-01,    5.00   2.9513E-01,    5.20   2.8189E-01,    5.40   2.6921E-01,    5.60   2.5709E-01,    5.80   2.4550E-01, 
   6.00   2.3442E-01,    6.20   2.2383E-01,    6.40   2.1371E-01,    6.60   2.0405E-01,    6.80   1.9483E-01,    7.00   1.8602E-01, 
   7.20   1.7760E-01,    7.40   1.6957E-01,    7.60   1.6190E-01,    7.80   1.5457E-01,    8.00   1.4758E-01,    8.20   1.4090E-01, 
   8.40   1.3453E-01,    8.60   1.2844E-01,    8.80   1.2263E-01,    9.00   1.1708E-01,    9.20   1.1178E-01,    9.40   1.0672E-01, 
   9.60   1.0190E-01,    9.80   9.7284E-02,   10.00   9.2882E-02,   10.20   8.8680E-02,   10.40   8.4667E-02,   10.60   8.0836E-02, 
  10.80   7.7178E-02,   11.00   7.3686E-02,   11.20   7.0352E-02,   11.40   6.7168E-02,   11.60   6.4129E-02,   11.80   6.1227E-02, 
  12.00   5.8457E-02,   12.20   5.5812E-02,   12.40   5.3286E-02,   12.60   5.0875E-02,   12.80   4.8573E-02,   13.00   4.6375E-02, 
  13.20   4.4277E-02,   13.40   4.2273E-02,   13.60   4.0361E-02,   13.80   3.8534E-02,   14.00   3.6791E-02,   14.20   3.5126E-02, 
  14.40   3.3537E-02,   14.60   3.2019E-02,   14.80   3.0570E-02,   15.00   2.9187E-02,   15.20   2.7866E-02,   15.40   2.6605E-02, 
  15.60   2.5401E-02,   15.80   2.4252E-02,   16.00   2.3155E-02,   16.20   2.2107E-02,   16.40   2.1107E-02,   16.60   2.0152E-02, 
  16.80   1.9240E-02,   17.00   1.8369E-02,   17.20   1.7538E-02,   17.40   1.6744E-02,   17.60   1.5987E-02,   17.80   1.5263E-02, 
  18.00   1.4573E-02,   18.20   1.3913E-02,   18.40   1.3284E-02,   18.60   1.2683E-02,   18.80   1.2109E-02,   19.00   1.1561E-02, 
  19.20   1.1038E-02,   19.40   1.0538E-02,   19.60   1.0061E-02,   19.80   9.6062E-03,   20.00   9.1716E-03,   20.20   8.7565E-03, 
  20.40   8.3603E-03,   20.60   7.9820E-03,   20.80   7.6209E-03,   21.00   7.2760E-03,   21.20   6.9468E-03,   21.40   6.6325E-03, 
  21.60   6.3323E-03,   21.80   6.0458E-03,   22.00   5.7722E-03,   22.20   5.5111E-03,   22.40   5.2617E-03,   22.60   5.0236E-03, 
  22.80   4.7963E-03,   23.00   4.5793E-03,   23.20   4.3721E-03,   23.40   4.1742E-03,   23.60   3.9853E-03,   23.80   3.8050E-03, 
  24.00   3.6328E-03,   24.20   3.4685E-03,   24.40   3.3115E-03,   24.60   3.1617E-03,   24.80   3.0186E-03,   25.00   2.8820E-03, 
  25.20   2.7516E-03,   25.40   2.6271E-03,   25.60   2.5082E-03,   25.80   2.3947E-03,   26.00   2.2864E-03,   26.20   2.1829E-03, 
  26.40   2.0841E-03,   26.60   1.9898E-03,   26.80   1.8998E-03,   27.00   1.8138E-03,   27.20   1.7318E-03,   27.40   1.6534E-03, 
  27.60   1.5786E-03,   27.80   1.5072E-03,   28.00   1.4390E-03,   28.20   1.3739E-03,   28.40   1.3117E-03,   28.60   1.2523E-03, 
  28.80   1.1957E-03,   29.00   1.1416E-03,   29.20   1.0899E-03,   29.40   1.0406E-03,   29.60   9.9351E-04,   29.80   9.4855E-04, 
  30.00   9.0563E-04, 

 No.   P1 P2 IN KIND T N  L  S1 IA J/S  IB BIND XFER  BE    SC PC FIL AFRAC Adjust  to  Z  Mass   K     Norm    rms      D0     D   ANC/Gsp

    At R=   29.900, ANC in ch  1 is     0.94064
0   1:  2  1  1  0     1  0 0.5  1 0.5   0   3   0   2.2250 -1  3  0 0.0000 VR  0.8072; 0. 1.006 0.2315 1.0000  4.111 -133.3 -138.4  0.9406
  ### VR  potential at  10 permanently scaled by   0.8072

    Parameters      Mismatch   Nodes -> 1 in ch  1

      1.000000    -1.09692148     2    42
      0.500000    -0.34825727     1    36
      0.627773     0.18329620     1    36
      0.599819     0.02137226     1    36
      0.595649     0.00035432     1    36
      0.595578     0.00000010     1    36

 For Channel #  1 with l = 1,  j =  1.5, around core state #  1

   R    Y(R)
   0.00   0.0000E+00,    0.20   1.1058E-02,    0.40   4.3012E-02,    0.60   9.3274E-02,    0.80   1.5763E-01,    1.00   2.3083E-01, 
   1.20   3.0714E-01,    1.40   3.8090E-01,    1.60   4.4713E-01,    1.80   5.0198E-01,    2.00   5.4308E-01,    2.20   5.6956E-01, 
   2.40   5.8196E-01,    2.60   5.8187E-01,    2.80   5.7153E-01,    3.00   5.5343E-01,    3.20   5.2991E-01,    3.40   5.0305E-01, 
   3.60   4.7447E-01,    3.80   4.4541E-01,    4.00   4.1674E-01,    4.20   3.8903E-01,    4.40   3.6263E-01,    4.60   3.3773E-01, 
   4.80   3.1441E-01,    5.00   2.9266E-01,    5.20   2.7244E-01,    5.40   2.5367E-01,    5.60   2.3628E-01,    5.80   2.2017E-01, 
   6.00   2.0525E-01,    6.20   1.9143E-01,    6.40   1.7862E-01,    6.60   1.6674E-01,    6.80   1.5572E-01,    7.00   1.4549E-01, 
   7.20   1.3598E-01,    7.40   1.2715E-01,    7.60   1.1893E-01,    7.80   1.1128E-01,    8.00   1.0416E-01,    8.20   9.7522E-02, 
   8.40   9.1335E-02,    8.60   8.5565E-02,    8.80   8.0179E-02,    9.00   7.5151E-02,    9.20   7.0455E-02,    9.40   6.6067E-02, 
   9.60   6.1964E-02,    9.80   5.8128E-02,   10.00   5.4540E-02,   10.20   5.1183E-02,   10.40   4.8040E-02,   10.60   4.5097E-02, 
  10.80   4.2341E-02,   11.00   3.9759E-02,   11.20   3.7340E-02,   11.40   3.5073E-02,   11.60   3.2947E-02,   11.80   3.0954E-02, 
  12.00   2.9085E-02,   12.20   2.7331E-02,   12.40   2.5687E-02,   12.60   2.4143E-02,   12.80   2.2695E-02,   13.00   2.1335E-02, 
  13.20   2.0058E-02,   13.40   1.8860E-02,   13.60   1.7734E-02,   13.80   1.6678E-02,   14.00   1.5685E-02,   14.20   1.4752E-02, 
  14.40   1.3876E-02,   14.60   1.3053E-02,   14.80   1.2279E-02,   15.00   1.1552E-02,   15.20   1.0868E-02,   15.40   1.0226E-02, 
  15.60   9.6222E-03,   15.80   9.0545E-03,   16.00   8.5207E-03,   16.20   8.0188E-03,   16.40   7.5468E-03,   16.60   7.1030E-03, 
  16.80   6.6855E-03,   17.00   6.2929E-03,   17.20   5.9235E-03,   17.40   5.5761E-03,   17.60   5.2493E-03,   17.80   4.9418E-03, 
  18.00   4.6525E-03,   18.20   4.3803E-03,   18.40   4.1241E-03,   18.60   3.8831E-03,   18.80   3.6563E-03,   19.00   3.4428E-03, 
  19.20   3.2419E-03,   19.40   3.0528E-03,   19.60   2.8749E-03,   19.80   2.7073E-03,   20.00   2.5497E-03,   20.20   2.4012E-03, 
  20.40   2.2615E-03,   20.60   2.1299E-03,   20.80   2.0061E-03,   21.00   1.8895E-03,   21.20   1.7797E-03,   21.40   1.6763E-03, 
  21.60   1.5790E-03,   21.80   1.4874E-03,   22.00   1.4011E-03,   22.20   1.3198E-03,   22.40   1.2433E-03,   22.60   1.1712E-03, 
  22.80   1.1034E-03,   23.00   1.0395E-03,   23.20   9.7928E-04,   23.40   9.2258E-04,   23.60   8.6919E-04,   23.80   8.1890E-04, 
  24.00   7.7153E-04,   24.20   7.2692E-04,   24.40   6.8489E-04,   24.60   6.4531E-04,   24.80   6.0802E-04,   25.00   5.7290E-04, 
  25.20   5.3981E-04,   25.40   5.0864E-04,   25.60   4.7928E-04,   25.80   4.5161E-04,   26.00   4.2555E-04,   26.20   4.0100E-04, 
  26.40   3.7787E-04,   26.60   3.5608E-04,   26.80   3.3555E-04,   27.00   3.1621E-04,   27.20   2.9798E-04,   27.40   2.8081E-04, 
  27.60   2.6463E-04,   27.80   2.4939E-04,   28.00   2.3503E-04,   28.20   2.2149E-04,   28.40   2.0874E-04,   28.60   1.9673E-04, 
  28.80   1.8540E-04,   29.00   1.7473E-04,   29.20   1.6468E-04,   29.40   1.5521E-04,   29.60   1.4628E-04,   29.80   1.3787E-04, 
  30.00   1.2994E-04, 

 No.   P1 P2 IN KIND T N  L  S1 IA J/S  IB BIND XFER  BE    SC PC FIL AFRAC Adjust  to  Z  Mass   K     Norm    rms      D0     D   ANC/Gsp

    At R=   29.900, ANC in ch  2 is     0.75886
0   2:  1  2  2  0     1  1 0.5  1 1.5   0   4   0   2.0340  1  3  0 0.0000 VR  0.5956; 0. 1.007 0.2927 1.0000  3.665 -101.4 -114.5  0.7589

 ************************************************************************************************************************************

 ONE-way COUPLING # 1 for partitions -2 <-  1 of KIND  7,   0  0  5 -1 -1 & P1,P2 =    0.0000   0.0000 : for J <=    60.5 & R <  29.7 fm.


 data =  1  1  1  1  1.0000,  so  < [d        # 1] / [p        # 1]  * Eigen-form #  1>  =   1.0000            BE =  2.225     1

 data = -2  1  1  2  1.0000,  so  < [8Li      # 1] / [7Li      # 1]  * Eigen-form #  2>  =   1.0000            BE =  2.034     2
 KNT =   2, KNP =   1: NK,NG,loc=   1   1   1  17  T  T  F

     So FINITE-RANGE TRANSFER : IP1 = 0 (POST ), IP2= 0 =NONE        ,  for   1 pairs of bound states summed into   1 pairs
      The main coupling potential is that binding the transferred particle to the p        core.

   A real*8 is  8  bytes
   NLL,NLN,NLO = 150 151 181
0File  11 needs RL =   27150    REAL*8 numbers, and NR =    68. i.e.  14.77 Megabytes
   File  11  RECL = 217200
0RECOMMENDED NON-LOCAL WIDTH IS GREATER THAN    4.40 FM.,  RECOMMENDED CENTRATION  -0.10, after    0.06 secs.
0Relative non-local usages (rms) are
    0.000   0.000   0.000   0.000   0.000   0.000   0.000   0.000   0.000   0.000   0.000   0.000   0.000   0.000   0.000
    0.000   0.000   0.000   0.000   0.000   0.000   0.000   0.000   0.000   0.000   0.000   0.000   0.000   0.000   0.000
    0.000   0.000   0.000   0.000   0.000   0.000   0.000   0.000   0.000   0.000   0.000   0.000   0.000   0.000   0.000
    0.000   0.000   0.000   0.000   0.000   0.000   0.000   0.001   0.001   0.001   0.002   0.003   0.004   0.006   0.009
    0.013   0.020   0.029   0.044   0.064   0.098   0.141   0.214   0.302   0.456   0.637   0.955   1.323   1.980   2.712
    4.021   5.428   7.929  10.507  14.986  19.362  26.649  33.306  43.668  52.373  64.652  73.894  85.143  92.164  98.694
  100.000  97.052  90.800  81.404  70.533  59.144  48.059  37.893  29.039  21.671  15.786  11.252   7.871   5.420   3.683
    2.478   1.655   1.099   0.727   0.480   0.317   0.209   0.139   0.092   0.061   0.041   0.027   0.018   0.012   0.008
    0.006   0.004   0.003   0.002   0.001   0.001   0.001   0.000   0.000   0.000   0.000   0.000   0.000   0.000   0.000
    0.000   0.000   0.000   0.000   0.000   0.000   0.000   0.000   0.000   0.000   0.000   0.000   0.000   0.000   0.000
    0.000   0.000   0.000   0.000   0.000   0.000   0.000   0.000   0.000   0.000   0.000   0.000   0.000   0.000   0.000
    0.000   0.000   0.000   0.000   0.000   0.000   0.000   0.000   0.000   0.000   0.000   0.000   0.000   0.000   0.000
    0.000
0Incoming partition  1 in excitation state # 1,   Laboratory Energy given for partition  1 Nucleus 1 in Excitation pair 1

0Lab. ENERGY ranges :

   from    12.0000     to   0.00000     in     0 intervals
   from    0.00000     to   0.00000     in     0 intervals
   from    0.00000     to   0.00000     in     0 intervals

 Largest real,imaginary parts of any form factor at R=   28.90 are   4.98E-02  7.78E-14 MeV
 Finished all Couplings @  0.0625

 Non-symmetric Hamiltonian
1***********************************************************************************************************************************
************************************************************************************************************************************

        INCOMING d        ;    LABORATORY d        ENERGY =   12.000     MeV.

 ***********************************************************************************************************************************
 ***********************************************************************************************************************************


  NOTE: Coulomb excitation cut off below   0.367 deg by JTMAX, and below   0.885 deg by Rmax

 Allocate arrays for  5  channels, of which  3  need wfs.
 Allocate arrays for  9  channels, of which  5  need wfs.
 Allocate arrays for  11  channels, of which  6  need wfs.
