 FRESCO - FRES 3.2: Coupled Reaction Channels
 Assuming NAMELIST input.

 19F(6Li,d)23Na at 16 MeV                                                        

   0.100  30.000   0.100   0.100  18.000   0.000   0.000   0.000   0.000   0.000

 Centre-of-mass Range is    302 * 0.1000 fm., Maximum at  30.00 fm., Interpolating NL forms every  0.10 fm.
 Non - locality width is    181 * 0.1000 fm., Maximum of  18.00 fm., Centred at  0.00 fm.
 2-Nucleon Separation of      0 * 0.1000 fm., Maximum of   0.00 fm., Minimum at  0.00 fm.
 Maximum single particle bins of 30.0000 fm.
               M,Mint =          301         301


 Range of total J is     0.0 <= J <=    40.0 (at least     0.0) and Absorbtion =>    -1.0000 mb.
 Dry Run = F, CC set limits =  0  0, Relativistic kinematics =  , Both/Far/Near Analyses =  1

 Cross Sections (and up to T0 for 0=projectile) for Theta from   0.0 to  80.0 in steps of  0.1 degrees, DGAM=0,  Coordinates = 0 (Mads)

 Lower Radial Cutoff = maximum of -2.00*L*h &       0.0 fm.,  Lower Cutoff for Couplings =   0.0  fm.


 Iterate Couplings between   0 and   1 times, to  0.001 % if sooner.                                          
  Block solved exactly =   8 chs., with Pade = 0 & Isocen =  =0, NOSOL = F, initwf =  0
  NL quadrature with   24 Gaussian points, Calculate multipoles up to    46 from   0
  M-transfers for lp+lt greater than or equal to  6, Angular Integration Cutoff below  1.5625 %


 Trace switches are :  CHANS =  0, LISTCC =  0, TRENEG =  0, CDETR =  0, SMATS =  0, XSTABL =  1, NLPL =  0

                       WAVES =  0, LAMPL =  0, VEFF =  0, KFUS =  0, WDISK =  0, BPM =  0, MELFIL =  0

                       CDCC =  0, NFUS =  0

 Using unit mass = 1.000000 amu and 1/fine-structure constant = 137.03599 ( 1.000000 * true ) with hc = 197.32705 MeV.fm,
  thus 2*amu/hbar^2 = 0.0478450 = 1/20.9008 and Coulomb constant = 0.1574855 so e^2 = 1.43997, and nuclear magneton= 0.1261183

 Now pre-scan input and save to file 3

  Missing fractional overlaps! for coupling            1
  Projectile uses: T T
  Target     uses: F F


 *********** PARTITION NUMBER  1 ******************************************************************************************

   PROJ=6Li        MASS=  6.0151 Z=   3.0,        # STATES=   -1T, TARG=19F      MASS= 18.9980 Z=   9.0,     Q-VALUE =   0.0000 MEV.

     1:  J= 1.0+ (B# 1), E=  0.0000, K= 0.0              Potl#  1       J= 0.5+ (B# 1), E=  0.0000, K= 0.5    


 *********** PARTITION NUMBER  2 ******************************************************************************************

   PROJ=d          MASS=  2.0141 Z=   1.0,        # STATES=   -1T, TARG=23Na     MASS= 22.9890 Z=  11.0,     Q-VALUE =   8.9930 MEV.

     1:  J= 1.0+ (B# 1), E=  0.0000, K= 0.0              Potl#  2       J= 1.5+ (B# 1), E=  0.0000, K= 0.5    


 ************************************************************************************************************************************

 The following POTENTIALS are defined :

  KP#       TYPE      IT    SHAPE      at     V1        r1        a1        V2        r2        a2        A-in     A-used


                                            A#1       A#2        r0c       ac                                                h @ 1
    1    0=Coulomb       0=CHARGE (WS)  1     6.000     1.300    0.0000    0.0000    0.0000    0.0000     0.000    24.604   0.10000

    1    1=Volume        0=Woods-Saxon  2    1.0002    0.6924    0.0000    0.0000    0.0000    0.0000     0.000    24.604

    1    2=Surface       0=Woods-Saxon  3    1.2300    0.9700    0.0000    0.0000    0.0000    0.0000     0.000    24.604

    1    3=Projtl S.O.   0=Woods-Saxon  4    1.1600    0.6500    0.0000    0.0000    0.0000    0.0000     0.000    24.604
   --------------------------------------------------------------------------------------------------------------------

                                            A#1       A#2        r0c       ac                                                h @ 2
    2    0=Coulomb       0=CHARGE (WS)  5     0.000     1.300    0.0000    0.0000    0.0000    0.0000     0.000     1.300   0.10000

    2    1=Volume        0=Woods-Saxon  6    1.1500    0.7600    0.0000    0.0000    0.0000    0.0000     0.000     1.300

    2    2=Surface       0=Woods-Saxon  7    1.3400    0.5700    0.0000    0.0000    0.0000    0.0000     0.000     1.300

    2    3=Projtl S.O.   0=Woods-Saxon  8    0.9700    1.0100    0.0000    0.0000    0.0000    0.0000     0.000     1.300
   --------------------------------------------------------------------------------------------------------------------

                                            A#1       A#2        r0c       ac                                                h @ 0
    3    0=Coulomb       0=CHARGE (WS)  9     1.250     0.000    0.0000    0.0000    0.0000    0.0000     0.000     1.250   0.10000

    3    1=Volume        0=Woods-Saxon 10    1.2500    0.6500    0.0000    0.0000    0.0000    0.0000     0.000     1.250
   --------------------------------------------------------------------------------------------------------------------

                                            A#1       A#2        r0c       ac                                                h @ 0
    4    0=Coulomb       0=CHARGE (WS) 11     1.250     0.000    0.0000    0.0000    0.0000    0.0000     0.000     1.250   0.10000

    4    1=Volume        0=Woods-Saxon 12    1.2500    0.6500    0.0000    0.0000    0.0000    0.0000     0.000     1.250


 ************************************************************************************************************************************

 The following SINGLE-PARTICLE FORM FACTORS are constructed :


 No.   P1 P2 IN KIND T N  L  S1 IA J/S  IB BIND XFER  BE    SC PC FIL AFRAC Adjust  to  Z  Mass   K     Norm    rms      D0     D   ANC/Gsp
   NO SUITABLE CHANNELS FOUND ????  INPUT DATA WERE:
  1  0 1 2 1 0   2 0 0 1.0 0 0.0 0  3  0  1.4740 -1  3  0  0  0.0000
  ### VR  potential at   3 permanently scaled by   1.0000
  ### VR  potential at  11 permanently scaled by   1.0000
  ### VR  potential at  12 permanently scaled by   1.0000

 No.   P1 P2 IN KIND T N  L  S1 IA J/S  IB BIND XFER  BE    SC PC FIL AFRAC Adjust  to  Z  Mass   K     Norm    rms      D0     D   ANC/Gsp

    Parameters      Mismatch   Nodes -> 4 in ch  1

      1.000000    -1.66256500     1   225
      2.000000    -1.66256500     1   225
      4.000000    -1.66256500     1   225
      8.000000    -1.66256500     1   225
     16.000000    -1.66256500     1   225
     32.000000    -1.66256500     1   225
     64.000000    -1.66256500     1   225
    128.000000    -1.38629944     1    20
    256.000000    -1.47303204     2    35
    512.000000    -0.61182396     3    44
   1024.000000    -0.67847423     5    52
    768.000000    -0.46813751     4    52
    790.662130     0.38432566     4    52
    785.185413     0.06768716     4    52
    783.766813     0.00291090     4    52
    783.700223     0.00000618     4    52

 For Channel #  1 with l = 2,  j =  2.0, around core state #  1

   R    Y(R)
   0.00  -0.0000E+00,    0.10   4.2709E-03,    0.20   3.2614E-02,    0.30   9.5785E-02,    0.40   1.8650E-01,    0.50   2.8131E-01, 
   0.60   3.4979E-01,    0.70   3.6584E-01,    0.80   3.1675E-01,    0.90   2.0706E-01,    1.00   5.6805E-02,    1.10  -1.0462E-01, 
   1.20  -2.4623E-01,    1.30  -3.4265E-01,    1.40  -3.7881E-01,    1.50  -3.5160E-01,    1.60  -2.6877E-01,    1.70  -1.4590E-01, 
   1.80  -2.5661E-03,    1.90   1.4133E-01,    2.00   2.6850E-01,    2.10   3.6607E-01,    2.20   4.2635E-01,    2.30   4.4665E-01, 
   2.40   4.2851E-01,    2.50   3.7664E-01,    2.60   2.9771E-01,    2.70   1.9930E-01,    2.80   8.9034E-02,    2.90  -2.6081E-02, 
   3.00  -1.4004E-01,    3.10  -2.4805E-01,    3.20  -3.4657E-01,    3.30  -4.3321E-01,    3.40  -5.0666E-01,    3.50  -5.6642E-01, 
   3.60  -6.1271E-01,    3.70  -6.4622E-01,    3.80  -6.6799E-01,    3.90  -6.7926E-01,    4.00  -6.8139E-01,    4.10  -6.7573E-01, 
   4.20  -6.6361E-01,    4.30  -6.4626E-01,    4.40  -6.2482E-01,    4.50  -6.0029E-01,    4.60  -5.7355E-01,    4.70  -5.4536E-01, 
   4.80  -5.1636E-01,    4.90  -4.8707E-01,    5.00  -4.5792E-01,    5.10  -4.2925E-01,    5.20  -4.0134E-01,    5.30  -3.7437E-01, 
   5.40  -3.4851E-01,    5.50  -3.2384E-01,    5.60  -3.0044E-01,    5.70  -2.7832E-01,    5.80  -2.5751E-01,    5.90  -2.3799E-01, 
   6.00  -2.1972E-01,    6.10  -2.0268E-01,    6.20  -1.8681E-01,    6.30  -1.7207E-01,    6.40  -1.5839E-01,    6.50  -1.4572E-01, 
   6.60  -1.3400E-01,    6.70  -1.2317E-01,    6.80  -1.1317E-01,    6.90  -1.0396E-01,    7.00  -9.5462E-02,    7.10  -8.7642E-02, 
   7.20  -8.0446E-02,    7.30  -7.3828E-02,    7.40  -6.7744E-02,    7.50  -6.2153E-02,    7.60  -5.7018E-02,    7.70  -5.2303E-02, 
   7.80  -4.7974E-02,    7.90  -4.4002E-02,    8.00  -4.0356E-02,    8.10  -3.7012E-02,    8.20  -3.3944E-02,    8.30  -3.1130E-02, 
   8.40  -2.8550E-02,    8.50  -2.6183E-02,    8.60  -2.4013E-02,    8.70  -2.2024E-02,    8.80  -2.0199E-02,    8.90  -1.8526E-02, 
   9.00  -1.6993E-02,    9.10  -1.5587E-02,    9.20  -1.4297E-02,    9.30  -1.3115E-02,    9.40  -1.2031E-02,    9.50  -1.1038E-02, 
   9.60  -1.0126E-02,    9.70  -9.2909E-03,    9.80  -8.5246E-03,    9.90  -7.8219E-03,   10.00  -7.1775E-03,   10.10  -6.5865E-03, 
  10.20  -6.0445E-03,   10.30  -5.5473E-03,   10.40  -5.0913E-03,   10.50  -4.6730E-03,   10.60  -4.2893E-03,   10.70  -3.9373E-03, 
  10.80  -3.6143E-03,   10.90  -3.3180E-03,   11.00  -3.0461E-03,   11.10  -2.7966E-03,   11.20  -2.5677E-03,   11.30  -2.3576E-03, 
  11.40  -2.1648E-03,   11.50  -1.9879E-03,   11.60  -1.8255E-03,   11.70  -1.6764E-03,   11.80  -1.5396E-03,   11.90  -1.4140E-03, 
  12.00  -1.2987E-03,   12.10  -1.1928E-03,   12.20  -1.0956E-03,   12.30  -1.0064E-03,   12.40  -9.2449E-04,   12.50  -8.4927E-04, 
  12.60  -7.8020E-04,   12.70  -7.1677E-04,   12.80  -6.5852E-04,   12.90  -6.0502E-04,   13.00  -5.5589E-04,   13.10  -5.1077E-04, 
  13.20  -4.6932E-04,   13.30  -4.3125E-04,   13.40  -3.9628E-04,   13.50  -3.6416E-04,   13.60  -3.3466E-04,   13.70  -3.0755E-04, 
  13.80  -2.8265E-04,   13.90  -2.5977E-04,   14.00  -2.3875E-04,   14.10  -2.1943E-04,   14.20  -2.0169E-04,   14.30  -1.8538E-04, 
  14.40  -1.7040E-04,   14.50  -1.5663E-04,   14.60  -1.4398E-04,   14.70  -1.3235E-04,   14.80  -1.2167E-04,   14.90  -1.1185E-04, 
  15.00  -1.0282E-04,   15.10  -9.4530E-05,   15.20  -8.6907E-05,   15.30  -7.9901E-05,   15.40  -7.3461E-05,   15.50  -6.7541E-05, 
  15.60  -6.2100E-05,   15.70  -5.7098E-05,   15.80  -5.2501E-05,   15.90  -4.8274E-05,   16.00  -4.4389E-05,   16.10  -4.0817E-05, 
  16.20  -3.7533E-05,   16.30  -3.4515E-05,   16.40  -3.1739E-05,   16.50  -2.9187E-05,   16.60  -2.6841E-05,   16.70  -2.4684E-05, 
  16.80  -2.2701E-05,   16.90  -2.0877E-05,   17.00  -1.9201E-05,   17.10  -1.7659E-05,   17.20  -1.6241E-05,   17.30  -1.4937E-05, 
  17.40  -1.3739E-05,   17.50  -1.2636E-05,   17.60  -1.1622E-05,   17.70  -1.0690E-05,   17.80  -9.8328E-06,   17.90  -9.0443E-06, 
  18.00  -8.3192E-06,   18.10  -7.6524E-06,   18.20  -7.0391E-06,   18.30  -6.4750E-06,   18.40  -5.9562E-06,   18.50  -5.4791E-06, 
  18.60  -5.0403E-06,   18.70  -4.6366E-06,   18.80  -4.2654E-06,   18.90  -3.9239E-06,   19.00  -3.6098E-06,   19.10  -3.3209E-06, 
  19.20  -3.0551E-06,   19.30  -2.8107E-06,   19.40  -2.5858E-06,   19.50  -2.3790E-06,   19.60  -2.1887E-06,   19.70  -2.0137E-06, 
  19.80  -1.8527E-06,   19.90  -1.7045E-06,   20.00  -1.5683E-06,   20.10  -1.4429E-06,   20.20  -1.3276E-06,   20.30  -1.2215E-06, 
  20.40  -1.1239E-06,   20.50  -1.0341E-06,   20.60  -9.5153E-07,   20.70  -8.7553E-07,   20.80  -8.0561E-07,   20.90  -7.4128E-07, 
  21.00  -6.8209E-07,   21.10  -6.2763E-07,   21.20  -5.7753E-07,   21.30  -5.3143E-07,   21.40  -4.8902E-07,   21.50  -4.5000E-07, 
  21.60  -4.1409E-07,   21.70  -3.8105E-07,   21.80  -3.5065E-07,   21.90  -3.2268E-07,   22.00  -2.9694E-07,   22.10  -2.7326E-07, 
  22.20  -2.5147E-07,   22.30  -2.3142E-07,   22.40  -2.1297E-07,   22.50  -1.9599E-07,   22.60  -1.8037E-07,   22.70  -1.6599E-07, 
  22.80  -1.5276E-07,   22.90  -1.4059E-07,   23.00  -1.2938E-07,   23.10  -1.1907E-07,   23.20  -1.0959E-07,   23.30  -1.0086E-07, 
  23.40  -9.2822E-08,   23.50  -8.5428E-08,   23.60  -7.8624E-08,   23.70  -7.2362E-08,   23.80  -6.6600E-08,   23.90  -6.1297E-08, 
  24.00  -5.6416E-08,   24.10  -5.1925E-08,   24.20  -4.7791E-08,   24.30  -4.3987E-08,   24.40  -4.0485E-08,   24.50  -3.7263E-08, 
  24.60  -3.4298E-08,   24.70  -3.1568E-08,   24.80  -2.9056E-08,   24.90  -2.6744E-08,   25.00  -2.4616E-08,   25.10  -2.2658E-08, 
  25.20  -2.0856E-08,   25.30  -1.9197E-08,   25.40  -1.7670E-08,   25.50  -1.6264E-08,   25.60  -1.4971E-08,   25.70  -1.3780E-08, 
  25.80  -1.2684E-08,   25.90  -1.1676E-08,   26.00  -1.0747E-08,   26.10  -9.8930E-09,   26.20  -9.1065E-09,   26.30  -8.3826E-09, 
  26.40  -7.7163E-09,   26.50  -7.1029E-09,   26.60  -6.5384E-09,   26.70  -6.0188E-09,   26.80  -5.5404E-09,   26.90  -5.1002E-09, 
  27.00  -4.6949E-09,   27.10  -4.3219E-09,   27.20  -3.9785E-09,   27.30  -3.6624E-09,   27.40  -3.3714E-09,   27.50  -3.1036E-09, 
  27.60  -2.8571E-09,   27.70  -2.6301E-09,   27.80  -2.4212E-09,   27.90  -2.2289E-09,   28.00  -2.0519E-09,   28.10  -1.8890E-09, 
  28.20  -1.7390E-09,   28.30  -1.6009E-09,   28.40  -1.4738E-09,   28.50  -1.3567E-09,   28.60  -1.2490E-09,   28.70  -1.1499E-09, 
  28.80  -1.0586E-09,   28.90  -9.7455E-10,   29.00  -8.9719E-10,   29.10  -8.2598E-10,   29.20  -7.6042E-10,   29.30  -7.0007E-10, 
  29.40  -6.4451E-10,   29.50  -5.9336E-10,   29.60  -5.4627E-10,   29.70  -5.0292E-10,   29.80  -4.6302E-10,   29.90  -4.2628E-10, 
  30.00  -3.9246E-10, 

 No.   P1 P2 IN KIND T N  L  S1 IA J/S  IB BIND XFER  BE    SC PC FIL AFRAC Adjust  to  Z  Mass   K     Norm    rms      D0     D   ANC/Gsp

    At R=   29.900, ANC in ch  2 is   -25.436    ,   eta,eta*ln(2*rho)+rho =   0.11268        24.929    

    2:  2  1  1  0     4  2 1.0  1 2.0   0   4   0  10.4670  1  3  0 0.0000 VR *******; 2. 4.001 0.8191 1.0000  4.014   71.7   41.9-25.4361

 ************************************************************************************************************************************

 TWO-way COUPLING # 1 for partitions  2 <-  1 of KIND  7,   1  2  3 -1 -1 & P1,P2 =    0.0000   0.0000 : for J <=    40.5 & R <  29.7 fm.


 data =  1  1  1  2  1.0000,  so  < [6Li      #  1] / [d        #  1]  * Eigen-form #  2>  =   1.0000            BE = 10.467     2
0NO COUPLED PAIRS OF FORM FACTORS ARE FOUND!!!

0Use with 6Li      of the  2 form factors are
  F T
0Use with 19F      of the  2 form factors are
  F F
 STOPPING, as some coupling failures
    See WARNING messages above

 ************************************************************************************************************************************

 TWO-way COUPLING # 2 for partitions  2 <-  1 of KIND  8,   1  0  0  0  0 & P1,P2 =    0.0000   0.0000 : for J <=    40.5 & R <  29.7 fm.

0NO COUPLED PAIRS OF FORM FACTORS ARE FOUND!!!

0Use with 6Li      of the  2 form factors are
  F T
0Use with 19F      of the  2 form factors are
  F F
 STOPPING, as some coupling failures
    See WARNING messages above

 Incoming partition  1 in excitation state # 1,   Laboratory Energy given for partition  1 Nucleus 1 in Excitation pair 1

0Lab. ENERGY ranges :

   from    16.0000     to   0.00000     in     0 intervals
   from    0.00000     to   0.00000     in     0 intervals
   from    0.00000     to   0.00000     in     0 intervals

 Largest real,imaginary parts of any form factor at R=   29.00 are   4.97E-02  0.00E+00 MeV
 Finished all Couplings @    0.00000000              12

 Symmetric Hamiltonian
1***********************************************************************************************************************************
************************************************************************************************************************************

        INCOMING 6Li      ;    LABORATORY 6Li      ENERGY =   16.000     MeV.

 ***********************************************************************************************************************************
 ***********************************************************************************************************************************

 Allocate arrays for            5  channels, of which            5  need wfs.
 Allocate arrays for            8  channels, of which            8  need wfs.
 Allocate arrays for            9  channels, of which            9  need wfs.
 Reaction Xsec    37.5+/36 @ 1 =   0.000#, Out:   0.000#   0.000#   0.000f
 Reaction Xsec    37.5+/38 @ 2 =   0.000#, Out:   0.000#   0.000#   0.000f
 Reaction Xsec    37.5+/38 @ 3 =   0.000#, Out:   0.000#   0.000#   0.000f
 Reaction Xsec    37.5-/37 @ 1 =   0.000#, Out:   0.000#   0.000#   0.000f
 Reaction Xsec    37.5-/37 @ 2 =   0.000#, Out:   0.000#   0.000#   0.000f
 Reaction Xsec    37.5-/39 @ 3 =   0.000#, Out:   0.000#   0.000#   0.000f
 Reaction Xsec    38.5+/38 @ 1 =   0.000#, Out:   0.000#   0.000#   0.000f
 Reaction Xsec    38.5+/38 @ 2 =   0.000#, Out:   0.000#   0.000#   0.000f
 Reaction Xsec    38.5+/40 @ 3 =   0.000#, Out:   0.000#   0.000#   0.000f
 Reaction Xsec    38.5-/37 @ 1 =   0.000#, Out:   0.000#   0.000#   0.000f
 Reaction Xsec    38.5-/39 @ 2 =   0.000#, Out:   0.000#   0.000#   0.000f
 Reaction Xsec    38.5-/39 @ 3 =   0.000#, Out:   0.000#   0.000#   0.000f
 Reaction Xsec    39.5+/38 @ 1 =   0.000#, Out:   0.000#   0.000#   0.000f
 Reaction Xsec    39.5+/40 @ 2 =   0.000#, Out:   0.000#   0.000#   0.000f
 Reaction Xsec    39.5+/40 @ 3 =   0.000#, Out:   0.000#   0.000#   0.000f
 Reaction Xsec    39.5-/39 @ 1 =   0.000#, Out:   0.000#   0.000#   0.000f
 Reaction Xsec    39.5-/39 @ 2 =   0.000#, Out:   0.000#   0.000#   0.000f
 Reaction Xsec    39.5-/41 @ 3 =   0.000#, Out:   0.000#   0.000#   0.000f
 Reaction Xsec    40.5+/40 @ 1 =   0.000#, Out:   0.000#   0.000#   0.000f
 Reaction Xsec    40.5+/40 @ 2 =   0.000#, Out:   0.000#   0.000#   0.000f
 Reaction Xsec    40.5+/42 @ 3 =   0.000#, Out:   0.000#   0.000#   0.000f
 Reaction Xsec    40.5-/39 @ 1 =   0.000#, Out:   0.000#   0.000#   0.000f
 Reaction Xsec    40.5-/41 @ 2 =   0.000#, Out:   0.000#   0.000#   0.000f
 Reaction Xsec    40.5-/41 @ 3 =   0.000#, Out:   0.000#   0.000#   0.000f
 Finished all CC sets @    4.68750000E-02
0CUMULATIVE REACTION cross section                 =    0.00000  <L> =    27.43  <L**2> =    844.0
0CUMULATIVE outgoing cross sections in partition 1 :    0.00000
0CUMULATIVE outgoing cross sections in partition 2 :    0.00000
0Cumulative ABSORBTION by Imaginary Potentials     =    0.00000  <L> =    27.43  <L**2> =    844.0
   Fusion for specific 6Li      M-states :    0.000000   -0.000000   -0.000000
0CUMULATIVE OUTGOING cross section                 =    0.00000
 To convert to S-factors (MeV.mb = keV.b),  multiply by  1.5810E+08


 CROSS SECTIONS FOR OUTGOING 6Li      & 19F      in state #   1 with spins & parities 1.0  + &  0.5  +;  0


 CROSS SECTIONS FOR OUTGOING d        & 23Na     in state #   1 with spins & parities 1.0  + &  1.5  +;  0

 Finished all xsecs @    4.68750000E-02

  The following files have been created:
   3:local copy of User input.            6:standard output.                   
  12:transfer kernels.                   13:total cross sections/state.        
  35:Astrophysics S-factors  / Ecm.      39:cross sections for each Ecm.       
  40:all cross sectns. for each Elab.    46:bs wave functions & ANC ratios.    
  56:Fusion for each Jtotal.             58:Single-particle wfns.              
  75:S-factors for lab energies.        

 PARAMETERS : MAXQRN   MFNL   MLOC  LMAX1 MCLIST
    ALLOWED :      1     81     12     60      6
    REQUIRED:      0      0     12     44      4


 ACCURACY ANALYSIS at    16.000 MeV :

  Elastic h*k = 0.163 so OK       compared with 0.200

   Real(S-el) > 0.01 first at J =       0.5
   Real(S-el) > 0.10 first at J =       0.5
   Real(S-el) > 0.50 first at J =       0.5
   Real(S-el) > 0.90 first at J =       0.5
   Real(S-el) > 0.99 first at J =       3.5
   R-turn =    26.50 fm    at J =      40.5

 Forward-angle excitation cut off below   7.287 deg by max JT =      40.5
                              and below   6.110 deg by max R.

 Total CPU  0 time =       0.05 seconds
