 FRESCO - FRES 3.2: Coupled Reaction Channels
 Assuming NAMELIST input.

 19F(6Li,d)23Na at 16 MeV                                                        

   0.100  30.000   0.100   0.100  18.000   0.000   0.000   0.000   0.000   0.000

 Centre-of-mass Range is    302 * 0.1000 fm., Maximum at  30.00 fm., Interpolating NL forms every  0.10 fm.
 Non - locality width is    181 * 0.1000 fm., Maximum of  18.00 fm., Centred at  0.00 fm.
 2-Nucleon Separation of      0 * 0.1000 fm., Maximum of   0.00 fm., Minimum at  0.00 fm.
 Maximum single particle bins of 30.0000 fm.
               M,Mint =          301         301


 Range of total J is     0.0 <= J <=    40.0 (at least     0.0) and Absorbtion =>    -1.0000 mb.
 Dry Run = F, CC set limits =  0  0, Relativistic kinematics =  , Both/Far/Near Analyses =  1

 Cross Sections (and up to T0 for 0=projectile) for Theta from   0.0 to  80.0 in steps of  0.1 degrees, DGAM=0,  Coordinates = 0 (Mads)

 Lower Radial Cutoff = maximum of -2.00*L*h &       0.0 fm.,  Lower Cutoff for Couplings =   0.0  fm.


 Iterate Couplings between   0 and   1 times, to  0.001 % if sooner.                                          
  Block solved exactly =   8 chs., with Pade = 0 & Isocen =  =0, NOSOL = F, initwf =  0
  NL quadrature with   24 Gaussian points, Calculate multipoles up to    46 from   0
  M-transfers for lp+lt greater than or equal to  6, Angular Integration Cutoff below  1.5625 %


 Trace switches are :  CHANS =  0, LISTCC =  0, TRENEG =  0, CDETR =  0, SMATS =  0, XSTABL =  1, NLPL =  0

                       WAVES =  0, LAMPL =  0, VEFF =  0, KFUS =  0, WDISK =  0, BPM =  0, MELFIL =  0

                       CDCC =  0, NFUS =  0

 Using unit mass = 1.000000 amu and 1/fine-structure constant = 137.03599 ( 1.000000 * true ) with hc = 197.32705 MeV.fm,
  thus 2*amu/hbar^2 = 0.0478450 = 1/20.9008 and Coulomb constant = 0.1574855 so e^2 = 1.43997, and nuclear magneton= 0.1261183

 Now pre-scan input and save to file 3

  Missing fractional overlaps! for coupling            1
  Projectile uses: T T
  Target     uses: F F


 *********** PARTITION NUMBER  1 ******************************************************************************************

   PROJ=6Li        MASS=  6.0151 Z=   3.0,        # STATES=   -1T, TARG=19F      MASS= 18.9980 Z=   9.0,     Q-VALUE =   0.0000 MEV.

     1:  J= 1.0+ (B# 1), E=  0.0000, K= 0.0              Potl#  1       J= 0.5+ (B# 1), E=  0.0000, K= 0.5    


 *********** PARTITION NUMBER  2 ******************************************************************************************

   PROJ=d          MASS=  2.0141 Z=   1.0,        # STATES=   -1T, TARG=23Na     MASS= 22.9890 Z=  11.0,     Q-VALUE =   8.9930 MEV.

     1:  J= 1.0+ (B# 1), E=  0.0000, K= 0.0              Potl#  2       J= 1.5+ (B# 1), E=  0.0000, K= 0.5    


 ************************************************************************************************************************************

 The following POTENTIALS are defined :

  KP#       TYPE      IT    SHAPE      at     V1        r1        a1        V2        r2        a2        A-in     A-used


                                            A#1       A#2        r0c       ac                                                h @ 1
    1    0=Coulomb       0=CHARGE (WS)  1    19.000     6.000    1.3000    0.0000    0.0000    0.0000     0.000    90.248   0.10000

    1    1=Volume        0=Woods-Saxon  2  265.8000    1.0002    0.6924    0.0000    0.0000    0.0000     0.000    90.248

    1    2=Surface       0=Woods-Saxon  3    0.0000    0.0000    0.0000   19.0000    1.2300    0.9700     0.000    90.248

    1    3=Projtl S.O.   0=Woods-Saxon  4    2.0000    1.1600    0.6500    0.0000    0.0000    0.0000     0.000    90.248
   --------------------------------------------------------------------------------------------------------------------

                                            A#1       A#2        r0c       ac                                                h @ 2
    2    0=Coulomb       0=CHARGE (WS)  5     8.000     0.000    1.3000    0.0000    0.0000    0.0000     0.000     8.000   0.10000

    2    1=Volume        0=Woods-Saxon  6   89.7500    1.1500    0.7600    1.3400    1.3400    0.5700     0.000     8.000

    2    2=Surface       0=Woods-Saxon  7    0.0000    0.0000    0.0000   10.5100    1.3400    0.5700     0.000     8.000

    2    3=Projtl S.O.   0=Woods-Saxon  8    3.5600    0.9700    1.0100    0.0000    0.0000    0.0000     0.000     8.000
   --------------------------------------------------------------------------------------------------------------------

                                            A#1       A#2        r0c       ac                                                h @ 0
    3    0=Coulomb       0=CHARGE (WS)  9     1.000     0.600    1.2500    0.0000    0.0000    0.0000     0.000     6.264   0.10000

    3    1=Volume        0=Woods-Saxon 10   78.0000    1.2500    0.6500    0.0000    0.0000    0.0000     0.000     6.264
   --------------------------------------------------------------------------------------------------------------------

                                            A#1       A#2        r0c       ac                                                h @ 0
    4    0=Coulomb       0=CHARGE (WS) 11     1.000     0.600    1.2500    0.0000    0.0000    0.0000     0.000     6.264   0.10000

    4    1=Volume        0=Woods-Saxon 12   78.0000    1.2500    0.6500    0.0000    0.0000    0.0000     0.000     6.264
   --------------------------------------------------------------------------------------------------------------------

                                            A#1       A#2        r0c       ac                                                h @ 0
    5    0=Coulomb       0=CHARGE (WS) 13     8.000     0.000    1.3000    0.0000    0.0000    0.0000     0.000     8.000   0.10000

    5    1=Volume        0=Woods-Saxon 14   89.7500    1.1500    0.7600    1.3400    1.3400    0.5700     0.000     8.000

    5    2=Surface       0=Woods-Saxon 15    0.0000    0.0000    0.0000   10.5100    1.3400    0.5700     0.000     8.000

    5    3=Projtl S.O.   0=Woods-Saxon 16    3.5600    0.9700    1.0100    0.0000    0.0000    0.0000     0.000     8.000


 ************************************************************************************************************************************

 The following SINGLE-PARTICLE FORM FACTORS are constructed :


 No.   P1 P2 IN KIND T N  L  S1 IA J/S  IB BIND XFER  BE    SC PC FIL AFRAC Adjust  to  Z  Mass   K     Norm    rms      D0     D   ANC/Gsp
   NO SUITABLE CHANNELS FOUND ????  INPUT DATA WERE:
  1  0 1 2 1 0   2 0 0 1.0 0 0.0 0  3  0  1.4740 -1  3  0  0  0.0000
  ### VR  potential at   1 permanently scaled by   1.0000
  ### VR  potential at   2 permanently scaled by   1.0000
  ### VR  potential at   3 permanently scaled by   1.0000
  ### VR  potential at   4 permanently scaled by   1.0000
  ### VR  potential at   5 permanently scaled by   1.0000
  ### VR  potential at   6 permanently scaled by   1.0000
  ### VR  potential at   7 permanently scaled by   1.0000
  ### VR  potential at   8 permanently scaled by   1.0000
  ### VR  potential at   9 permanently scaled by   1.0000
  ### VR  potential at  10 permanently scaled by   1.0000
  ### VR  potential at  11 permanently scaled by   1.0000
  ### VR  potential at  12 permanently scaled by   1.0000
  ### VR  potential at  13 permanently scaled by   1.0000
  ### VR  potential at  14 permanently scaled by   1.0000
  ### VR  potential at  15 permanently scaled by   1.0000
  ### VR  potential at  16 permanently scaled by   1.0000

 No.   P1 P2 IN KIND T N  L  S1 IA J/S  IB BIND XFER  BE    SC PC FIL AFRAC Adjust  to  Z  Mass   K     Norm    rms      D0     D   ANC/Gsp

    Parameters      Mismatch   Nodes -> 4 in ch  1

      1.000000    -0.69505448     1    29
      2.000000    -0.92690189     2    37
      4.000000    17.35449519     3    42
      8.000000     0.80610152     5    47
      6.000000    -4.07735215     5    47
      5.000000    -1.26199770     4    47
      6.423231    -1.89755927     5    47
      5.711615     1.08507184     4    47
      5.649708     0.31391338     4    47
      5.614365     0.04361596     4    47
      5.607750     0.00109492     4    47
      5.607575     0.00000086     4    47

 For Channel #  1 with l = 2,  j =  2.0, around core state #  1

   R    Y(R)
   0.00  -0.0000E+00,    0.10   3.3189E-03,    0.20   2.5958E-02,    0.30   7.9561E-02,    0.40   1.6430E-01,    0.50   2.6731E-01, 
   0.60   3.6567E-01,    0.70   4.3258E-01,    0.80   4.4497E-01,    0.90   3.9032E-01,    1.00   2.7084E-01,    1.10   1.0379E-01, 
   1.20  -8.2008E-02,    1.30  -2.5264E-01,    1.40  -3.7663E-01,    1.50  -4.3168E-01,    1.60  -4.0904E-01,    1.70  -3.1453E-01, 
   1.80  -1.6642E-01,    1.90   9.0885E-03,    2.00   1.8341E-01,    2.10   3.3085E-01,    2.20   4.3244E-01,    2.30   4.7793E-01, 
   2.40   4.6584E-01,    2.50   4.0200E-01,    2.60   2.9730E-01,    2.70   1.6509E-01,    2.80   1.9038E-02,    2.90  -1.2864E-01, 
   3.00  -2.6811E-01,    3.10  -3.9238E-01,    3.20  -4.9717E-01,    3.30  -5.8058E-01,    3.40  -6.4260E-01,    3.50  -6.8452E-01, 
   3.60  -7.0846E-01,    3.70  -7.1700E-01,    3.80  -7.1281E-01,    3.90  -6.9851E-01,    4.00  -6.7647E-01,    4.10  -6.4878E-01, 
   4.20  -6.1723E-01,    4.30  -5.8327E-01,    4.40  -5.4811E-01,    4.50  -5.1265E-01,    4.60  -4.7760E-01,    4.70  -4.4348E-01, 
   4.80  -4.1067E-01,    4.90  -3.7941E-01,    5.00  -3.4985E-01,    5.10  -3.2208E-01,    5.20  -2.9611E-01,    5.30  -2.7194E-01, 
   5.40  -2.4952E-01,    5.50  -2.2877E-01,    5.60  -2.0963E-01,    5.70  -1.9199E-01,    5.80  -1.7577E-01,    5.90  -1.6087E-01, 
   6.00  -1.4720E-01,    6.10  -1.3467E-01,    6.20  -1.2319E-01,    6.30  -1.1268E-01,    6.40  -1.0307E-01,    6.50  -9.4269E-02, 
   6.60  -8.6224E-02,    6.70  -7.8869E-02,    6.80  -7.2145E-02,    6.90  -6.5998E-02,    7.00  -6.0380E-02,    7.10  -5.5245E-02, 
   7.20  -5.0551E-02,    7.30  -4.6260E-02,    7.40  -4.2338E-02,    7.50  -3.8752E-02,    7.60  -3.5474E-02,    7.70  -3.2477E-02, 
   7.80  -2.9736E-02,    7.90  -2.7229E-02,    8.00  -2.4936E-02,    8.10  -2.2839E-02,    8.20  -2.0920E-02,    8.30  -1.9164E-02, 
   8.40  -1.7558E-02,    8.50  -1.6088E-02,    8.60  -1.4742E-02,    8.70  -1.3510E-02,    8.80  -1.2383E-02,    8.90  -1.1350E-02, 
   9.00  -1.0405E-02,    9.10  -9.5386E-03,    9.20  -8.7455E-03,    9.30  -8.0190E-03,    9.40  -7.3535E-03,    9.50  -6.7437E-03, 
   9.60  -6.1850E-03,    9.70  -5.6730E-03,    9.80  -5.2038E-03,    9.90  -4.7737E-03,   10.00  -4.3795E-03,   10.10  -4.0181E-03, 
  10.20  -3.6868E-03,   10.30  -3.3830E-03,   10.40  -3.1044E-03,   10.50  -2.8490E-03,   10.60  -2.6147E-03,   10.70  -2.3999E-03, 
  10.80  -2.2028E-03,   10.90  -2.0220E-03,   11.00  -1.8562E-03,   11.10  -1.7040E-03,   11.20  -1.5644E-03,   11.30  -1.4364E-03, 
  11.40  -1.3188E-03,   11.50  -1.2110E-03,   11.60  -1.1120E-03,   11.70  -1.0211E-03,   11.80  -9.3777E-04,   11.90  -8.6124E-04, 
  12.00  -7.9099E-04,   12.10  -7.2649E-04,   12.20  -6.6729E-04,   12.30  -6.1293E-04,   12.40  -5.6303E-04,   12.50  -5.1721E-04, 
  12.60  -4.7513E-04,   12.70  -4.3650E-04,   12.80  -4.0102E-04,   12.90  -3.6844E-04,   13.00  -3.3852E-04,   13.10  -3.1103E-04, 
  13.20  -2.8579E-04,   13.30  -2.6261E-04,   13.40  -2.4131E-04,   13.50  -2.2175E-04,   13.60  -2.0378E-04,   13.70  -1.8728E-04, 
  13.80  -1.7211E-04,   13.90  -1.5818E-04,   14.00  -1.4538E-04,   14.10  -1.3362E-04,   14.20  -1.2281E-04,   14.30  -1.1288E-04, 
  14.40  -1.0376E-04,   14.50  -9.5374E-05,   14.60  -8.7670E-05,   14.70  -8.0591E-05,   14.80  -7.4085E-05,   14.90  -6.8105E-05, 
  15.00  -6.2610E-05,   15.10  -5.7560E-05,   15.20  -5.2918E-05,   15.30  -4.8652E-05,   15.40  -4.4730E-05,   15.50  -4.1126E-05, 
  15.60  -3.7813E-05,   15.70  -3.4767E-05,   15.80  -3.1968E-05,   15.90  -2.9394E-05,   16.00  -2.7028E-05,   16.10  -2.4854E-05, 
  16.20  -2.2854E-05,   16.30  -2.1016E-05,   16.40  -1.9326E-05,   16.50  -1.7772E-05,   16.60  -1.6344E-05,   16.70  -1.5030E-05, 
  16.80  -1.3823E-05,   16.90  -1.2712E-05,   17.00  -1.1691E-05,   17.10  -1.0752E-05,   17.20  -9.8891E-06,   17.30  -9.0953E-06, 
  17.40  -8.3654E-06,   17.50  -7.6941E-06,   17.60  -7.0768E-06,   17.70  -6.5092E-06,   17.80  -5.9872E-06,   17.90  -5.5071E-06, 
  18.00  -5.0656E-06,   18.10  -4.6595E-06,   18.20  -4.2861E-06,   18.30  -3.9426E-06,   18.40  -3.6267E-06,   18.50  -3.3362E-06, 
  18.60  -3.0690E-06,   18.70  -2.8232E-06,   18.80  -2.5972E-06,   18.90  -2.3892E-06,   19.00  -2.1980E-06,   19.10  -2.0221E-06, 
  19.20  -1.8603E-06,   19.30  -1.7114E-06,   19.40  -1.5745E-06,   19.50  -1.4486E-06,   19.60  -1.3327E-06,   19.70  -1.2261E-06, 
  19.80  -1.1281E-06,   19.90  -1.0379E-06,   20.00  -9.5492E-07,   20.10  -8.7860E-07,   20.20  -8.0838E-07,   20.30  -7.4378E-07, 
  20.40  -6.8436E-07,   20.50  -6.2968E-07,   20.60  -5.7938E-07,   20.70  -5.3311E-07,   20.80  -4.9053E-07,   20.90  -4.5136E-07, 
  21.00  -4.1532E-07,   21.10  -3.8216E-07,   21.20  -3.5166E-07,   21.30  -3.2359E-07,   21.40  -2.9776E-07,   21.50  -2.7400E-07, 
  21.60  -2.5214E-07,   21.70  -2.3202E-07,   21.80  -2.1351E-07,   21.90  -1.9648E-07,   22.00  -1.8081E-07,   22.10  -1.6639E-07, 
  22.20  -1.5312E-07,   22.30  -1.4091E-07,   22.40  -1.2968E-07,   22.50  -1.1934E-07,   22.60  -1.0982E-07,   22.70  -1.0107E-07, 
  22.80  -9.3015E-08,   22.90  -8.5602E-08,   23.00  -7.8781E-08,   23.10  -7.2503E-08,   23.20  -6.6727E-08,   23.30  -6.1411E-08, 
  23.40  -5.6519E-08,   23.50  -5.2017E-08,   23.60  -4.7874E-08,   23.70  -4.4061E-08,   23.80  -4.0553E-08,   23.90  -3.7323E-08, 
  24.00  -3.4352E-08,   24.10  -3.1617E-08,   24.20  -2.9100E-08,   24.30  -2.6783E-08,   24.40  -2.4651E-08,   24.50  -2.2689E-08, 
  24.60  -2.0884E-08,   24.70  -1.9222E-08,   24.80  -1.7692E-08,   24.90  -1.6285E-08,   25.00  -1.4989E-08,   25.10  -1.3796E-08, 
  25.20  -1.2699E-08,   25.30  -1.1689E-08,   25.40  -1.0759E-08,   25.50  -9.9033E-09,   25.60  -9.1157E-09,   25.70  -8.3907E-09, 
  25.80  -7.7235E-09,   25.90  -7.1094E-09,   26.00  -6.5441E-09,   26.10  -6.0238E-09,   26.20  -5.5449E-09,   26.30  -5.1041E-09, 
  26.40  -4.6984E-09,   26.50  -4.3250E-09,   26.60  -3.9812E-09,   26.70  -3.6648E-09,   26.80  -3.3736E-09,   26.90  -3.1055E-09, 
  27.00  -2.8587E-09,   27.10  -2.6316E-09,   27.20  -2.4225E-09,   27.30  -2.2300E-09,   27.40  -2.0529E-09,   27.50  -1.8898E-09, 
  27.60  -1.7397E-09,   27.70  -1.6015E-09,   27.80  -1.4743E-09,   27.90  -1.3572E-09,   28.00  -1.2494E-09,   28.10  -1.1502E-09, 
  28.20  -1.0588E-09,   28.30  -9.7477E-10,   28.40  -8.9737E-10,   28.50  -8.2612E-10,   28.60  -7.6053E-10,   28.70  -7.0015E-10, 
  28.80  -6.4457E-10,   28.90  -5.9340E-10,   29.00  -5.4630E-10,   29.10  -5.0294E-10,   29.20  -4.6302E-10,   29.30  -4.2627E-10, 
  29.40  -3.9244E-10,   29.50  -3.6129E-10,   29.60  -3.3262E-10,   29.70  -3.0623E-10,   29.80  -2.8193E-10,   29.90  -2.5956E-10, 
  30.00  -2.3897E-10, 

 No.   P1 P2 IN KIND T N  L  S1 IA J/S  IB BIND XFER  BE    SC PC FIL AFRAC Adjust  to  Z  Mass   K     Norm    rms      D0     D   ANC/Gsp

    At R=   29.900, ANC in ch  2 is   -15.488    ,   eta,eta*ln(2*rho)+rho =   0.11268        24.929    

    2:  2  1  1  0     4  2 1.0  1 2.0   0   4   0  10.4670  1  3  0 0.0000 VR  5.6076; 2. 4.001 0.8191 1.0000  3.661   54.1  -24.8-15.4880

 ************************************************************************************************************************************

 TWO-way COUPLING # 1 for partitions  2 <-  1 of KIND  7,   1  2  3 -1 -1 & P1,P2 =    0.0000   0.0000 : for J <=    40.5 & R <  29.7 fm.


 data =  1  1  1  2  1.0000,  so  < [6Li      #  1] / [d        #  1]  * Eigen-form #  2>  =   1.0000            BE = 10.467     2
0NO COUPLED PAIRS OF FORM FACTORS ARE FOUND!!!

0Use with 6Li      of the  2 form factors are
  F T
0Use with 19F      of the  2 form factors are
  F F
 STOPPING, as some coupling failures
    See WARNING messages above

 ************************************************************************************************************************************

 TWO-way COUPLING # 2 for partitions  2 <-  1 of KIND  8,   1  0  0****** & P1,P2 =    0.0000   0.0000 : for J <=    40.5 & R <  29.7 fm.

0NO COUPLED PAIRS OF FORM FACTORS ARE FOUND!!!

0Use with 6Li      of the  2 form factors are
  F T
0Use with 19F      of the  2 form factors are
  F F
 STOPPING, as some coupling failures
    See WARNING messages above

 Incoming partition  1 in excitation state # 1,   Laboratory Energy given for partition  1 Nucleus 1 in Excitation pair 1

0Lab. ENERGY ranges :

   from    16.0000     to   0.00000     in     0 intervals
   from    0.00000     to   0.00000     in     0 intervals
   from    0.00000     to   0.00000     in     0 intervals

 Largest real,imaginary parts of any form factor at R=   29.00 are   4.97E-02  2.33E-09 MeV
 Finished all Couplings @    0.00000000              16

 Symmetric Hamiltonian
1***********************************************************************************************************************************
************************************************************************************************************************************

        INCOMING 6Li      ;    LABORATORY 6Li      ENERGY =   16.000     MeV.

 ***********************************************************************************************************************************
 ***********************************************************************************************************************************

 Allocate arrays for            5  channels, of which            5  need wfs.
 Allocate arrays for            8  channels, of which            8  need wfs.
 Allocate arrays for            9  channels, of which            9  need wfs.
 Reaction Xsec    37.5+/36 @ 1 =   0.139/, Out:   0.000#   0.000#   0.000f
 Reaction Xsec    37.5+/38 @ 2 =   0.041/, Out:   0.000#   0.000#   0.000f
 Reaction Xsec    37.5+/38 @ 3 =   0.041/, Out:   0.000#   0.000#   0.000f
 Reaction Xsec    37.5-/37 @ 1 =   0.075/, Out:   0.000#   0.000#   0.000f
 Reaction Xsec    37.5-/37 @ 2 =   0.075/, Out:   0.000#   0.000#   0.000f
 Reaction Xsec    37.5-/39 @ 3 =   0.022/, Out:   0.000#   0.000#   0.000f
 Reaction Xsec    38.5+/38 @ 1 =   0.042/, Out:   0.000#   0.000#   0.000f
 Reaction Xsec    38.5+/38 @ 2 =   0.042/, Out:   0.000#   0.000#   0.000f
 Reaction Xsec    38.5+/40 @ 3 =   0.012/, Out:   0.000#   0.000#   0.000f
 Reaction Xsec    38.5-/37 @ 1 =   0.077/, Out:   0.000#   0.000#   0.000f
 Reaction Xsec    38.5-/39 @ 2 =   0.023/, Out:   0.000#   0.000#   0.000f
 Reaction Xsec    38.5-/39 @ 3 =   0.023/, Out:   0.000#   0.000#   0.000f
 Reaction Xsec    39.5+/38 @ 1 =   0.043/, Out:   0.000#   0.000#   0.000f
 Reaction Xsec    39.5+/40 @ 2 =   0.013/, Out:   0.000#   0.000#   0.000f
 Reaction Xsec    39.5+/40 @ 3 =   0.013/, Out:   0.000#   0.000#   0.000f
 Reaction Xsec    39.5-/39 @ 1 =   0.023/, Out:   0.000#   0.000#   0.000f
 Reaction Xsec    39.5-/39 @ 2 =   0.023/, Out:   0.000#   0.000#   0.000f
 Reaction Xsec    39.5-/41 @ 3 =   6.796#, Out:   0.000#   0.000#   0.000f
 Reaction Xsec    40.5+/40 @ 1 =   0.013/, Out:   0.000#   0.000#   0.000f
 Reaction Xsec    40.5+/40 @ 2 =   0.013/, Out:   0.000#   0.000#   0.000f
 Reaction Xsec    40.5+/42 @ 3 =   3.664#, Out:   0.000#   0.000#   0.000f
 Reaction Xsec    40.5-/39 @ 1 =   0.024/, Out:   0.000#   0.000#   0.000f
 Reaction Xsec    40.5-/41 @ 2 =   6.966#, Out:   0.000#   0.000#   0.000f
 Reaction Xsec    40.5-/41 @ 3 =   6.966#, Out:   0.000#   0.000#   0.000f
 Finished all CC sets @    4.68750000E-02
0CUMULATIVE REACTION cross section                 = 2449.61095  <L> =     9.64  <L**2> =    109.3
0CUMULATIVE outgoing cross sections in partition 1 :    0.00000
0CUMULATIVE outgoing cross sections in partition 2 :    0.00000
0Cumulative ABSORBTION by Imaginary Potentials     = 2449.61095  <L> =     9.64  <L**2> =    109.3
   Fusion for specific 6Li      M-states : 2437.793809 2449.597020 2437.793809
0CUMULATIVE OUTGOING cross section                 =    0.00000
 To convert to S-factors (MeV.mb = keV.b),  multiply by  1.5810E+08


 CROSS SECTIONS FOR OUTGOING 6Li      & 19F      in state #   1 with spins & parities 1.0  + &  0.5  +;  0


 CROSS SECTIONS FOR OUTGOING d        & 23Na     in state #   1 with spins & parities 1.0  + &  1.5  +;  0

 Finished all xsecs @    4.68750000E-02
