 FRESCO - FRES 3.2: Coupled Reaction Channels
 Assuming NAMELIST input.

 19F(6Li,d)23Na at 16 MeV                                                        

   0.100  30.000   0.100   0.100  18.000   0.000   0.000   0.000   0.000   0.000

 Centre-of-mass Range is    302 * 0.1000 fm., Maximum at  30.00 fm., Interpolating NL forms every  0.10 fm.
 Non - locality width is    181 * 0.1000 fm., Maximum of  18.00 fm., Centred at  0.00 fm.
 2-Nucleon Separation of      0 * 0.1000 fm., Maximum of   0.00 fm., Minimum at  0.00 fm.
 Maximum single particle bins of 30.0000 fm.
               M,Mint =          301         301


 Range of total J is     0.0 <= J <=    40.0 (at least     0.0) and Absorbtion =>    -1.0000 mb.
 Dry Run = F, CC set limits =  0  0, Relativistic kinematics =  , Both/Far/Near Analyses =  1

 Cross Sections (and up to T0 for 0=projectile) for Theta from   0.0 to  80.0 in steps of  0.1 degrees, DGAM=0,  Coordinates = 0 (Mads)

 Lower Radial Cutoff = maximum of -2.00*L*h &       0.0 fm.,  Lower Cutoff for Couplings =   0.0  fm.


 Iterate Couplings between   0 and   1 times, to  0.001 % if sooner.                                          
  Block solved exactly =   8 chs., with Pade = 0 & Isocen =  =0, NOSOL = F, initwf =  0
  NL quadrature with   24 Gaussian points, Calculate multipoles up to    46 from   0
  M-transfers for lp+lt greater than or equal to  6, Angular Integration Cutoff below  1.5625 %


 Trace switches are :  CHANS =  0, LISTCC =  0, TRENEG =  0, CDETR =  0, SMATS =  0, XSTABL =  1, NLPL =  0

                       WAVES =  0, LAMPL =  0, VEFF =  0, KFUS =  0, WDISK =  0, BPM =  0, MELFIL =  0

                       CDCC =  0, NFUS =  0

 Using unit mass = 1.000000 amu and 1/fine-structure constant = 137.03599 ( 1.000000 * true ) with hc = 197.32705 MeV.fm,
  thus 2*amu/hbar^2 = 0.0478450 = 1/20.9008 and Coulomb constant = 0.1574855 so e^2 = 1.43997, and nuclear magneton= 0.1261183

 Now pre-scan input and save to file 3

  Missing fractional overlaps! for coupling            1
  Projectile uses: T T
  Target     uses: F F


 *********** PARTITION NUMBER  1 ******************************************************************************************

   PROJ=6Li        MASS=  6.0151 Z=   3.0,        # STATES=   -1T, TARG=19F      MASS= 18.9980 Z=   9.0,     Q-VALUE =   0.0000 MEV.

     1:  J= 1.0+ (B# 1), E=  0.0000, K= 0.0              Potl#  1       J= 0.5+ (B# 1), E=  0.0000, K= 0.5    


 *********** PARTITION NUMBER  2 ******************************************************************************************

   PROJ=d          MASS=  2.0141 Z=   1.0,        # STATES=   -1T, TARG=23Na     MASS= 22.9890 Z=  11.0,     Q-VALUE =   8.9930 MEV.

     1:  J= 1.0+ (B# 1), E=  0.0000, K= 0.0              Potl#  2       J= 1.5+ (B# 1), E=  0.0000, K= 0.5    


 ************************************************************************************************************************************

 The following POTENTIALS are defined :

  KP#       TYPE      IT    SHAPE      at     V1        r1        a1        V2        r2        a2        A-in     A-used


                                            A#1       A#2        r0c       ac                                                h @ 1
    1    0=Coulomb       0=CHARGE (WS)  1     6.000     1.300    0.0000    0.0000    0.0000    0.0000     0.000    24.604   0.10000

    1    1=Volume        0=Woods-Saxon  2    1.0002    0.6924    0.0000    0.0000    0.0000    0.0000     0.000    24.604

    1    2=Surface       0=Woods-Saxon  3    1.2300    0.9700    0.0000    0.0000    0.0000    0.0000     0.000    24.604

    1    3=Projtl S.O.   0=Woods-Saxon  4    1.1600    0.6500    0.0000    0.0000    0.0000    0.0000     0.000    24.604
   --------------------------------------------------------------------------------------------------------------------

                                            A#1       A#2        r0c       ac                                                h @ 2
    2    0=Coulomb       0=CHARGE (WS)  5     2.000     1.300    0.0000    0.0000    0.0000    0.0000     0.000    13.000   0.10000

    2    1=Volume        0=Woods-Saxon  6    1.1500    0.7600    0.0000    0.0000    0.0000    0.0000     0.000    13.000

    2    2=Surface       0=Woods-Saxon  7    1.3400    0.5700    0.0000    0.0000    0.0000    0.0000     0.000    13.000

    2    3=Projtl S.O.   0=Woods-Saxon  8    0.9700    1.0100    0.0000    0.0000    0.0000    0.0000     0.000    13.000
   --------------------------------------------------------------------------------------------------------------------

                                            A#1       A#2        r0c       ac                                                h @ 0
    3    0=Coulomb       0=CHARGE (WS)  9     2.000     1.250    0.0000    0.0000    0.0000    0.0000     0.000    12.766   0.10000

    3    1=Volume        0=Woods-Saxon 10    1.2500    0.6500    0.0000    0.0000    0.0000    0.0000     0.000    12.766
   --------------------------------------------------------------------------------------------------------------------

                                            A#1       A#2        r0c       ac                                                h @ 0
    4    0=Coulomb       0=CHARGE (WS) 11     2.000     1.250    0.0000    0.0000    0.0000    0.0000     0.000    12.766   0.10000

    4    1=Volume        0=Woods-Saxon 12    1.2500    0.6500    0.0000    0.0000    0.0000    0.0000     0.000    12.766


 ************************************************************************************************************************************

 The following SINGLE-PARTICLE FORM FACTORS are constructed :


 No.   P1 P2 IN KIND T N  L  S1 IA J/S  IB BIND XFER  BE    SC PC FIL AFRAC Adjust  to  Z  Mass   K     Norm    rms      D0     D   ANC/Gsp

    Parameters      Mismatch   Nodes -> 2 in ch  1

      1.000000    -0.64113605     1   225
      2.000000    -0.64113591     1   225
      4.000000    -0.96581478     1    16
      8.000000    -0.60856061     1    26
     16.000000    -0.24127288     1    36
     32.000000    -0.99368868     2    44
     49.256680    -0.46195753     2    44
     67.331609     0.25823063     2    44
     63.881317     0.04251083     2    44
     63.072955     0.00144824     2    44
     63.043451     0.00000177     2    44

 For Channel #  1 with l = 0,  j =  0.0, around core state #  1

   R    Y(R)
   0.00  -0.0000E+00,    0.10   6.1144E-02,    0.20   1.2091E-01,    0.30   1.7710E-01,    0.40   2.2767E-01,    0.50   2.7086E-01, 
   0.60   3.0529E-01,    0.70   3.2996E-01,    0.80   3.4428E-01,    0.90   3.4806E-01,    1.00   3.4147E-01,    1.10   3.2505E-01, 
   1.20   2.9960E-01,    1.30   2.6614E-01,    1.40   2.2586E-01,    1.50   1.8006E-01,    1.60   1.3005E-01,    1.70   7.7158E-02, 
   1.80   2.2643E-02,    1.90  -3.2330E-02,    2.00  -8.6713E-02,    2.10  -1.3960E-01,    2.20  -1.9022E-01,    2.30  -2.3796E-01, 
   2.40  -2.8236E-01,    2.50  -3.2307E-01,    2.60  -3.5988E-01,    2.70  -3.9269E-01,    2.80  -4.2149E-01,    2.90  -4.4634E-01, 
   3.00  -4.6737E-01,    3.10  -4.8476E-01,    3.20  -4.9872E-01,    3.30  -5.0948E-01,    3.40  -5.1730E-01,    3.50  -5.2243E-01, 
   3.60  -5.2514E-01,    3.70  -5.2566E-01,    3.80  -5.2425E-01,    3.90  -5.2113E-01,    4.00  -5.1652E-01,    4.10  -5.1062E-01, 
   4.20  -5.0361E-01,    4.30  -4.9567E-01,    4.40  -4.8695E-01,    4.50  -4.7759E-01,    4.60  -4.6771E-01,    4.70  -4.5742E-01, 
   4.80  -4.4681E-01,    4.90  -4.3599E-01,    5.00  -4.2501E-01,    5.10  -4.1395E-01,    5.20  -4.0287E-01,    5.30  -3.9180E-01, 
   5.40  -3.8081E-01,    5.50  -3.6991E-01,    5.60  -3.5914E-01,    5.70  -3.4853E-01,    5.80  -3.3810E-01,    5.90  -3.2786E-01, 
   6.00  -3.1783E-01,    6.10  -3.0801E-01,    6.20  -2.9842E-01,    6.30  -2.8907E-01,    6.40  -2.7995E-01,    6.50  -2.7107E-01, 
   6.60  -2.6243E-01,    6.70  -2.5402E-01,    6.80  -2.4586E-01,    6.90  -2.3793E-01,    7.00  -2.3024E-01,    7.10  -2.2277E-01, 
   7.20  -2.1553E-01,    7.30  -2.0852E-01,    7.40  -2.0172E-01,    7.50  -1.9513E-01,    7.60  -1.8875E-01,    7.70  -1.8257E-01, 
   7.80  -1.7660E-01,    7.90  -1.7081E-01,    8.00  -1.6521E-01,    8.10  -1.5979E-01,    8.20  -1.5454E-01,    8.30  -1.4947E-01, 
   8.40  -1.4457E-01,    8.50  -1.3982E-01,    8.60  -1.3523E-01,    8.70  -1.3079E-01,    8.80  -1.2650E-01,    8.90  -1.2235E-01, 
   9.00  -1.1834E-01,    9.10  -1.1446E-01,    9.20  -1.1070E-01,    9.30  -1.0707E-01,    9.40  -1.0357E-01,    9.50  -1.0018E-01, 
   9.60  -9.6896E-02,    9.70  -9.3726E-02,    9.80  -9.0660E-02,    9.90  -8.7696E-02,   10.00  -8.4831E-02,   10.10  -8.2060E-02, 
  10.20  -7.9381E-02,   10.30  -7.6791E-02,   10.40  -7.4286E-02,   10.50  -7.1864E-02,   10.60  -6.9523E-02,   10.70  -6.7258E-02, 
  10.80  -6.5069E-02,   10.90  -6.2952E-02,   11.00  -6.0904E-02,   11.10  -5.8925E-02,   11.20  -5.7010E-02,   11.30  -5.5159E-02, 
  11.40  -5.3369E-02,   11.50  -5.1637E-02,   11.60  -4.9963E-02,   11.70  -4.8343E-02,   11.80  -4.6777E-02,   11.90  -4.5262E-02, 
  12.00  -4.3797E-02,   12.10  -4.2380E-02,   12.20  -4.1010E-02,   12.30  -3.9684E-02,   12.40  -3.8402E-02,   12.50  -3.7161E-02, 
  12.60  -3.5962E-02,   12.70  -3.4801E-02,   12.80  -3.3679E-02,   12.90  -3.2593E-02,   13.00  -3.1542E-02,   13.10  -3.0526E-02, 
  13.20  -2.9543E-02,   13.30  -2.8592E-02,   13.40  -2.7672E-02,   13.50  -2.6782E-02,   13.60  -2.5921E-02,   13.70  -2.5088E-02, 
  13.80  -2.4281E-02,   13.90  -2.3502E-02,   14.00  -2.2747E-02,   14.10  -2.2017E-02,   14.20  -2.1311E-02,   14.30  -2.0627E-02, 
  14.40  -1.9966E-02,   14.50  -1.9326E-02,   14.60  -1.8707E-02,   14.70  -1.8108E-02,   14.80  -1.7528E-02,   14.90  -1.6967E-02, 
  15.00  -1.6424E-02,   15.10  -1.5899E-02,   15.20  -1.5390E-02,   15.30  -1.4898E-02,   15.40  -1.4422E-02,   15.50  -1.3961E-02, 
  15.60  -1.3515E-02,   15.70  -1.3084E-02,   15.80  -1.2666E-02,   15.90  -1.2262E-02,   16.00  -1.1871E-02,   16.10  -1.1492E-02, 
  16.20  -1.1126E-02,   16.30  -1.0771E-02,   16.40  -1.0428E-02,   16.50  -1.0096E-02,   16.60  -9.7745E-03,   16.70  -9.4633E-03, 
  16.80  -9.1621E-03,   16.90  -8.8706E-03,   17.00  -8.5884E-03,   17.10  -8.3152E-03,   17.20  -8.0508E-03,   17.30  -7.7949E-03, 
  17.40  -7.5472E-03,   17.50  -7.3074E-03,   17.60  -7.0753E-03,   17.70  -6.8506E-03,   17.80  -6.6331E-03,   17.90  -6.4226E-03, 
  18.00  -6.2187E-03,   18.10  -6.0214E-03,   18.20  -5.8304E-03,   18.30  -5.6455E-03,   18.40  -5.4666E-03,   18.50  -5.2933E-03, 
  18.60  -5.1255E-03,   18.70  -4.9631E-03,   18.80  -4.8059E-03,   18.90  -4.6537E-03,   19.00  -4.5064E-03,   19.10  -4.3637E-03, 
  19.20  -4.2256E-03,   19.30  -4.0919E-03,   19.40  -3.9624E-03,   19.50  -3.8371E-03,   19.60  -3.7157E-03,   19.70  -3.5983E-03, 
  19.80  -3.4845E-03,   19.90  -3.3744E-03,   20.00  -3.2677E-03,   20.10  -3.1645E-03,   20.20  -3.0646E-03,   20.30  -2.9678E-03, 
  20.40  -2.8741E-03,   20.50  -2.7833E-03,   20.60  -2.6955E-03,   20.70  -2.6104E-03,   20.80  -2.5280E-03,   20.90  -2.4483E-03, 
  21.00  -2.3711E-03,   21.10  -2.2963E-03,   21.20  -2.2239E-03,   21.30  -2.1538E-03,   21.40  -2.0859E-03,   21.50  -2.0202E-03, 
  21.60  -1.9565E-03,   21.70  -1.8949E-03,   21.80  -1.8352E-03,   21.90  -1.7774E-03,   22.00  -1.7214E-03,   22.10  -1.6672E-03, 
  22.20  -1.6148E-03,   22.30  -1.5639E-03,   22.40  -1.5147E-03,   22.50  -1.4671E-03,   22.60  -1.4209E-03,   22.70  -1.3762E-03, 
  22.80  -1.3329E-03,   22.90  -1.2910E-03,   23.00  -1.2504E-03,   23.10  -1.2111E-03,   23.20  -1.1731E-03,   23.30  -1.1362E-03, 
  23.40  -1.1005E-03,   23.50  -1.0659E-03,   23.60  -1.0325E-03,   23.70  -1.0000E-03,   23.80  -9.6863E-04,   23.90  -9.3822E-04, 
  24.00  -9.0876E-04,   24.10  -8.8024E-04,   24.20  -8.5261E-04,   24.30  -8.2586E-04,   24.40  -7.9994E-04,   24.50  -7.7485E-04, 
  24.60  -7.5054E-04,   24.70  -7.2700E-04,   24.80  -7.0421E-04,   24.90  -6.8213E-04,   25.00  -6.6074E-04,   25.10  -6.4003E-04, 
  25.20  -6.1997E-04,   25.30  -6.0054E-04,   25.40  -5.8172E-04,   25.50  -5.6349E-04,   25.60  -5.4584E-04,   25.70  -5.2874E-04, 
  25.80  -5.1218E-04,   25.90  -4.9614E-04,   26.00  -4.8061E-04,   26.10  -4.6556E-04,   26.20  -4.5099E-04,   26.30  -4.3687E-04, 
  26.40  -4.2320E-04,   26.50  -4.0995E-04,   26.60  -3.9713E-04,   26.70  -3.8470E-04,   26.80  -3.7267E-04,   26.90  -3.6101E-04, 
  27.00  -3.4972E-04,   27.10  -3.3878E-04,   27.20  -3.2819E-04,   27.30  -3.1793E-04,   27.40  -3.0799E-04,   27.50  -2.9836E-04, 
  27.60  -2.8904E-04,   27.70  -2.8000E-04,   27.80  -2.7125E-04,   27.90  -2.6278E-04,   28.00  -2.5457E-04,   28.10  -2.4661E-04, 
  28.20  -2.3891E-04,   28.30  -2.3145E-04,   28.40  -2.2422E-04,   28.50  -2.1722E-04,   28.60  -2.1044E-04,   28.70  -2.0387E-04, 
  28.80  -1.9750E-04,   28.90  -1.9134E-04,   29.00  -1.8537E-04,   29.10  -1.7958E-04,   29.20  -1.7398E-04,   29.30  -1.6855E-04, 
  29.40  -1.6329E-04,   29.50  -1.5820E-04,   29.60  -1.5326E-04,   29.70  -1.4848E-04,   29.80  -1.4385E-04,   29.90  -1.3937E-04, 
  30.00  -1.3502E-04, 

 No.   P1 P2 IN KIND T N  L  S1 IA J/S  IB BIND XFER  BE    SC PC FIL AFRAC Adjust  to  Z  Mass   K     Norm    rms      D0     D   ANC/Gsp

    At R=   29.900, ANC in ch  1 is   -3.3410    ,   eta,eta*ln(2*rho)+rho =   0.30028        10.065    

    1:  2  1  1  0     2  0 0.0  1 0.0   0   3   0   1.4740  1  3  0 0.0000 VR 63.0435; 2. 4.001 0.3074 1.0000  4.677   79.2   76.6 -3.3410

    Parameters      Mismatch   Nodes -> 4 in ch  1

      1.000000    -1.66256500     1   225
      2.000000    -1.66256500     1   225
      4.000000    -1.66256500     1   225
      8.000000    -1.66256500     1   225
     16.000000    -1.66256500     1   225
     32.000000    -1.66256500     1   225
     64.000000    -1.49436610     1    23
    128.000000    -2.93212722     2    36
    256.000000    -1.25561131     3    45
    512.000000    -1.80890212     5    53
    384.000000    -1.27887997     4    53
    506.775205    -1.97811074     5    53
    445.387602    -0.32842521     4    53
    454.700368     0.12337994     4    53
    452.872052     0.00898786     4    53
    452.717206     0.00005515     4    53

 For Channel #  1 with l = 2,  j =  2.0, around core state #  1

   R    Y(R)
   0.00  -0.0000E+00,    0.10   2.8341E-03,    0.20   2.2142E-02,    0.30   6.7659E-02,    0.40   1.3920E-01,    0.50   2.2574E-01, 
   0.60   3.0840E-01,    0.70   3.6580E-01,    0.80   3.8004E-01,    0.90   3.4159E-01,    1.00   2.5180E-01,    1.10   1.2270E-01, 
   1.20  -2.5836E-02,    1.30  -1.7033E-01,    1.40  -2.8844E-01,    1.50  -3.6294E-01,    1.60  -3.8427E-01,    1.70  -3.5141E-01, 
   1.80  -2.7110E-01,    1.90  -1.5587E-01,    2.00  -2.1527E-02,    2.10   1.1544E-01,    2.20   2.4011E-01,    2.30   3.4063E-01, 
   2.40   4.0910E-01,    2.50   4.4174E-01,    2.60   4.3846E-01,    2.70   4.0221E-01,    2.80   3.3808E-01,    2.90   2.5241E-01, 
   3.00   1.5198E-01,    3.10   4.3406E-02,    3.20  -6.7345E-02,    3.30  -1.7524E-01,    3.40  -2.7629E-01,    3.50  -3.6761E-01, 
   3.60  -4.4730E-01,    3.70  -5.1435E-01,    3.80  -5.6847E-01,    3.90  -6.0996E-01,    4.00  -6.3954E-01,    4.10  -6.5820E-01, 
   4.20  -6.6713E-01,    4.30  -6.6758E-01,    4.40  -6.6083E-01,    4.50  -6.4810E-01,    4.60  -6.3054E-01,    4.70  -6.0920E-01, 
   4.80  -5.8501E-01,    4.90  -5.5881E-01,    5.00  -5.3128E-01,    5.10  -5.0302E-01,    5.20  -4.7453E-01,    5.30  -4.4620E-01, 
   5.40  -4.1837E-01,    5.50  -3.9128E-01,    5.60  -3.6511E-01,    5.70  -3.4000E-01,    5.80  -3.1606E-01,    5.90  -2.9333E-01, 
   6.00  -2.7185E-01,    6.10  -2.5163E-01,    6.20  -2.3265E-01,    6.30  -2.1489E-01,    6.40  -1.9831E-01,    6.50  -1.8286E-01, 
   6.60  -1.6850E-01,    6.70  -1.5517E-01,    6.80  -1.4282E-01,    6.90  -1.3139E-01,    7.00  -1.2082E-01,    7.10  -1.1106E-01, 
   7.20  -1.0206E-01,    7.30  -9.3757E-02,    7.40  -8.6110E-02,    7.50  -7.9070E-02,    7.60  -7.2592E-02,    7.70  -6.6634E-02, 
   7.80  -6.1157E-02,    7.90  -5.6124E-02,    8.00  -5.1501E-02,    8.10  -4.7254E-02,    8.20  -4.3356E-02,    8.30  -3.9777E-02, 
   8.40  -3.6492E-02,    8.50  -3.3477E-02,    8.60  -3.0711E-02,    8.70  -2.8174E-02,    8.80  -2.5846E-02,    8.90  -2.3710E-02, 
   9.00  -2.1752E-02,    9.10  -1.9955E-02,    9.20  -1.8307E-02,    9.30  -1.6796E-02,    9.40  -1.5410E-02,    9.50  -1.4139E-02, 
   9.60  -1.2973E-02,    9.70  -1.1903E-02,    9.80  -1.0923E-02,    9.90  -1.0023E-02,   10.00  -9.1979E-03,   10.10  -8.4411E-03, 
  10.20  -7.7469E-03,   10.30  -7.1100E-03,   10.40  -6.5259E-03,   10.50  -5.9899E-03,   10.60  -5.4983E-03,   10.70  -5.0472E-03, 
  10.80  -4.6333E-03,   10.90  -4.2536E-03,   11.00  -3.9051E-03,   11.10  -3.5854E-03,   11.20  -3.2920E-03,   11.30  -3.0227E-03, 
  11.40  -2.7755E-03,   11.50  -2.5487E-03,   11.60  -2.3405E-03,   11.70  -2.1494E-03,   11.80  -1.9740E-03,   11.90  -1.8130E-03, 
  12.00  -1.6652E-03,   12.10  -1.5295E-03,   12.20  -1.4049E-03,   12.30  -1.2905E-03,   12.40  -1.1854E-03,   12.50  -1.0890E-03, 
  12.60  -1.0004E-03,   12.70  -9.1909E-04,   12.80  -8.4440E-04,   12.90  -7.7581E-04,   13.00  -7.1281E-04,   13.10  -6.5495E-04, 
  13.20  -6.0181E-04,   13.30  -5.5299E-04,   13.40  -5.0816E-04,   13.50  -4.6697E-04,   13.60  -4.2913E-04,   13.70  -3.9437E-04, 
  13.80  -3.6244E-04,   13.90  -3.3310E-04,   14.00  -3.0615E-04,   14.10  -2.8138E-04,   14.20  -2.5863E-04,   14.30  -2.3772E-04, 
  14.40  -2.1850E-04,   14.50  -2.0085E-04,   14.60  -1.8463E-04,   14.70  -1.6972E-04,   14.80  -1.5602E-04,   14.90  -1.4343E-04, 
  15.00  -1.3185E-04,   15.10  -1.2122E-04,   15.20  -1.1144E-04,   15.30  -1.0246E-04,   15.40  -9.4200E-05,   15.50  -8.6610E-05, 
  15.60  -7.9632E-05,   15.70  -7.3219E-05,   15.80  -6.7323E-05,   15.90  -6.1903E-05,   16.00  -5.6921E-05,   16.10  -5.2341E-05, 
  16.20  -4.8130E-05,   16.30  -4.4259E-05,   16.40  -4.0700E-05,   16.50  -3.7428E-05,   16.60  -3.4419E-05,   16.70  -3.1653E-05, 
  16.80  -2.9110E-05,   16.90  -2.6771E-05,   17.00  -2.4621E-05,   17.10  -2.2644E-05,   17.20  -2.0826E-05,   17.30  -1.9154E-05, 
  17.40  -1.7617E-05,   17.50  -1.6204E-05,   17.60  -1.4904E-05,   17.70  -1.3708E-05,   17.80  -1.2609E-05,   17.90  -1.1598E-05, 
  18.00  -1.0668E-05,   18.10  -9.8128E-06,   18.20  -9.0264E-06,   18.30  -8.3031E-06,   18.40  -7.6378E-06,   18.50  -7.0260E-06, 
  18.60  -6.4633E-06,   18.70  -5.9457E-06,   18.80  -5.4696E-06,   18.90  -5.0317E-06,   19.00  -4.6289E-06,   19.10  -4.2584E-06, 
  19.20  -3.9177E-06,   19.30  -3.6042E-06,   19.40  -3.3159E-06,   19.50  -3.0506E-06,   19.60  -2.8066E-06,   19.70  -2.5822E-06, 
  19.80  -2.3757E-06,   19.90  -2.1858E-06,   20.00  -2.0111E-06,   20.10  -1.8503E-06,   20.20  -1.7024E-06,   20.30  -1.5664E-06, 
  20.40  -1.4412E-06,   20.50  -1.3261E-06,   20.60  -1.2202E-06,   20.70  -1.1227E-06,   20.80  -1.0331E-06,   20.90  -9.5056E-07, 
  21.00  -8.7466E-07,   21.10  -8.0483E-07,   21.20  -7.4058E-07,   21.30  -6.8147E-07,   21.40  -6.2708E-07,   21.50  -5.7704E-07, 
  21.60  -5.3100E-07,   21.70  -4.8863E-07,   21.80  -4.4965E-07,   21.90  -4.1378E-07,   22.00  -3.8078E-07,   22.10  -3.5041E-07, 
  22.20  -3.2247E-07,   22.30  -2.9675E-07,   22.40  -2.7309E-07,   22.50  -2.5132E-07,   22.60  -2.3129E-07,   22.70  -2.1285E-07, 
  22.80  -1.9589E-07,   22.90  -1.8028E-07,   23.00  -1.6591E-07,   23.10  -1.5269E-07,   23.20  -1.4053E-07,   23.30  -1.2933E-07, 
  23.40  -1.1903E-07,   23.50  -1.0955E-07,   23.60  -1.0082E-07,   23.70  -9.2792E-08,   23.80  -8.5403E-08,   23.90  -7.8602E-08, 
  24.00  -7.2344E-08,   24.10  -6.6584E-08,   24.20  -6.1284E-08,   24.30  -5.6405E-08,   24.40  -5.1916E-08,   24.50  -4.7784E-08, 
  24.60  -4.3981E-08,   24.70  -4.0481E-08,   24.80  -3.7260E-08,   24.90  -3.4295E-08,   25.00  -3.1566E-08,   25.10  -2.9055E-08, 
  25.20  -2.6744E-08,   25.30  -2.4616E-08,   25.40  -2.2658E-08,   25.50  -2.0856E-08,   25.60  -1.9197E-08,   25.70  -1.7671E-08, 
  25.80  -1.6266E-08,   25.90  -1.4972E-08,   26.00  -1.3782E-08,   26.10  -1.2686E-08,   26.20  -1.1678E-08,   26.30  -1.0749E-08, 
  26.40  -9.8948E-09,   26.50  -9.1083E-09,   26.60  -8.3844E-09,   26.70  -7.7180E-09,   26.80  -7.1047E-09,   26.90  -6.5401E-09, 
  27.00  -6.0204E-09,   27.10  -5.5420E-09,   27.20  -5.1017E-09,   27.30  -4.6964E-09,   27.40  -4.3233E-09,   27.50  -3.9798E-09, 
  27.60  -3.6637E-09,   27.70  -3.3727E-09,   27.80  -3.1048E-09,   27.90  -2.8582E-09,   28.00  -2.6312E-09,   28.10  -2.4223E-09, 
  28.20  -2.2299E-09,   28.30  -2.0528E-09,   28.40  -1.8898E-09,   28.50  -1.7398E-09,   28.60  -1.6017E-09,   28.70  -1.4745E-09, 
  28.80  -1.3575E-09,   28.90  -1.2497E-09,   29.00  -1.1505E-09,   29.10  -1.0592E-09,   29.20  -9.7511E-10,   29.30  -8.9771E-10, 
  29.40  -8.2647E-10,   29.50  -7.6088E-10,   29.60  -7.0050E-10,   29.70  -6.4491E-10,   29.80  -5.9374E-10,   29.90  -5.4663E-10, 
  30.00  -5.0326E-10, 

 No.   P1 P2 IN KIND T N  L  S1 IA J/S  IB BIND XFER  BE    SC PC FIL AFRAC Adjust  to  Z  Mass   K     Norm    rms      D0     D   ANC/Gsp

    At R=   29.900, ANC in ch  2 is   -32.617    ,   eta,eta*ln(2*rho)+rho =   0.11268        24.929    

    2:  2  1  1  0     4  2 0.0  1 2.0   0   4   0  10.4670  1  3  0 0.0000 VR *******; 2. 4.001 0.8191 1.0000  4.222   82.2   96.8-32.6173

 ************************************************************************************************************************************

 TWO-way COUPLING # 1 for partitions  2 <-  1 of KIND  7,   1  2  3 -1 -1 & P1,P2 =    1.0000   0.0000 : for J <=    40.5 & R <  29.7 fm.


 data =  1  1  1  1  1.0000,  so  < [6Li      #  1] / [d        #  1]  * Eigen-form #  1>  =   1.0000            BE =  1.474     1

 data =  1  1  1  2  1.0000,  so  < [6Li      #  1] / [d        #  1]  * Eigen-form #  2>  =   1.0000            BE = 10.467     2
0NO COUPLED PAIRS OF FORM FACTORS ARE FOUND!!!

0Use with 6Li      of the  2 form factors are
  T T
0Use with 19F      of the  2 form factors are
  F F
 STOPPING, as some coupling failures
    See WARNING messages above

 ************************************************************************************************************************************

 TWO-way COUPLING # 2 for partitions  2 <-  1 of KIND  8,   1  0  0***  0 & P1,P2 =    0.0000   0.0000 : for J <=    40.5 & R <  29.7 fm.

0NO COUPLED PAIRS OF FORM FACTORS ARE FOUND!!!

0Use with 6Li      of the  2 form factors are
  T T
0Use with 19F      of the  2 form factors are
  F F
 STOPPING, as some coupling failures
    See WARNING messages above

 Incoming partition  1 in excitation state # 1,   Laboratory Energy given for partition  1 Nucleus 1 in Excitation pair 1

0Lab. ENERGY ranges :

   from    16.0000     to   0.00000     in     0 intervals
   from    0.00000     to   0.00000     in     0 intervals
   from    0.00000     to   0.00000     in     0 intervals

 Largest real,imaginary parts of any form factor at R=   29.00 are   4.97E-02  0.00E+00 MeV
 Finished all Couplings @    0.00000000              12

 Symmetric Hamiltonian
1***********************************************************************************************************************************
************************************************************************************************************************************

        INCOMING 6Li      ;    LABORATORY 6Li      ENERGY =   16.000     MeV.

 ***********************************************************************************************************************************
 ***********************************************************************************************************************************

 Allocate arrays for            5  channels, of which            5  need wfs.
 Allocate arrays for            8  channels, of which            8  need wfs.
 Allocate arrays for            9  channels, of which            9  need wfs.
 Reaction Xsec    37.5+/36 @ 1 =   0.000#, Out:   0.000#   0.000#   0.000f
 Reaction Xsec    37.5+/38 @ 2 =   0.000#, Out:   0.000#   0.000#   0.000f
 Reaction Xsec    37.5+/38 @ 3 =   0.000#, Out:   0.000#   0.000#   0.000f
 Reaction Xsec    37.5-/37 @ 1 =   0.000#, Out:   0.000#   0.000#   0.000f
 Reaction Xsec    37.5-/37 @ 2 =   0.000#, Out:   0.000#   0.000#   0.000f
 Reaction Xsec    37.5-/39 @ 3 =   0.000#, Out:   0.000#   0.000#   0.000f
 Reaction Xsec    38.5+/38 @ 1 =   0.000#, Out:   0.000#   0.000#   0.000f
 Reaction Xsec    38.5+/38 @ 2 =   0.000#, Out:   0.000#   0.000#   0.000f
 Reaction Xsec    38.5+/40 @ 3 =   0.000#, Out:   0.000#   0.000#   0.000f
 Reaction Xsec    38.5-/37 @ 1 =   0.000#, Out:   0.000#   0.000#   0.000f
 Reaction Xsec    38.5-/39 @ 2 =   0.000#, Out:   0.000#   0.000#   0.000f
 Reaction Xsec    38.5-/39 @ 3 =   0.000#, Out:   0.000#   0.000#   0.000f
 Reaction Xsec    39.5+/38 @ 1 =   0.000#, Out:   0.000#   0.000#   0.000f
 Reaction Xsec    39.5+/40 @ 2 =   0.000#, Out:   0.000#   0.000#   0.000f
 Reaction Xsec    39.5+/40 @ 3 =   0.000#, Out:   0.000#   0.000#   0.000f
 Reaction Xsec    39.5-/39 @ 1 =   0.000#, Out:   0.000#   0.000#   0.000f
 Reaction Xsec    39.5-/39 @ 2 =   0.000#, Out:   0.000#   0.000#   0.000f
 Reaction Xsec    39.5-/41 @ 3 =   0.000#, Out:   0.000#   0.000#   0.000f
 Reaction Xsec    40.5+/40 @ 1 =   0.000#, Out:   0.000#   0.000#   0.000f
 Reaction Xsec    40.5+/40 @ 2 =   0.000#, Out:   0.000#   0.000#   0.000f
 Reaction Xsec    40.5+/42 @ 3 =   0.000#, Out:   0.000#   0.000#   0.000f
 Reaction Xsec    40.5-/39 @ 1 =   0.000#, Out:   0.000#   0.000#   0.000f
 Reaction Xsec    40.5-/41 @ 2 =   0.000#, Out:   0.000#   0.000#   0.000f
 Reaction Xsec    40.5-/41 @ 3 =   0.000#, Out:   0.000#   0.000#   0.000f
 Finished all CC sets @    4.68750000E-02
0CUMULATIVE REACTION cross section                 =    0.00000  <L> =    27.61  <L**2> =    856.4
0CUMULATIVE outgoing cross sections in partition 1 :    0.00000
0CUMULATIVE outgoing cross sections in partition 2 :    0.00000
0Cumulative ABSORBTION by Imaginary Potentials     =    0.00000  <L> =    27.61  <L**2> =    856.4
   Fusion for specific 6Li      M-states :    0.000000   -0.000000   -0.000000
0CUMULATIVE OUTGOING cross section                 =    0.00000
 To convert to S-factors (MeV.mb = keV.b),  multiply by  1.5810E+08


 CROSS SECTIONS FOR OUTGOING 6Li      & 19F      in state #   1 with spins & parities 1.0  + &  0.5  +;  0


 CROSS SECTIONS FOR OUTGOING d        & 23Na     in state #   1 with spins & parities 1.0  + &  1.5  +;  0

 Finished all xsecs @    4.68750000E-02
