 FRESCO - FRES 2.3: Coupled Reaction Channels
 Assuming NAMELIST input.

 19F(6Li,d)23Na at 12 MeV                                                        

   0.050  30.000   0.050   0.100  18.000  -0.000   0.000   0.000   0.000   0.000

 Centre-of-mass Range is    602 * 0.0500 fm., Maximum at  30.00 fm., Interpolating NL forms every  0.05 fm.
 Non - locality width is    181 * 0.1000 fm., Maximum of  18.00 fm., Centred at  0.00 fm.
 2-Nucleon Separation of      0 * 0.0500 fm., Maximum of   0.00 fm., Minimum at  0.00 fm.
 Maximum single particle bins of 30.0000 fm.
               M,Mint =  601 601


 Range of total J is     0.0 <= J <=    60.0 and Absorbtion =>    -1.0000 mb.
 Dry Run = F, CC set limits =  0  0, Relativistic kinematics =  , Both/Far/Near Analyses =  1

 Cross Sections (and up to T0 for 0=projectile) for Theta from   0.0 to  80.0 in steps of  0.1 degrees.  Coordinates = 0 (Mads)

 Lower Radial Cutoff = maximum of -2.00*L*h &       0.0 fm.,  Lower Cutoff for Couplings =   0.0  fm.


 Iterate Couplings between   1 and   1 times, to  0.001 % if sooner.                                          
  Block solved exactly =   8 chs., with Pade = 0 & Isocen =  =0, NOSOL = F
  NL quadrature with   24 Gaussian points, Calculate multipoles up to    66 from   0
  M-transfers for lp+lt greater than or equal to  6, Angular Integration Cutoff below  1.5625 %


 Trace switches are :  CHANS =  0, LISTCC =  0, TRENEG =  0, CDETR =  0, SMATS =  0, XSTABL =  1, NLPL =  0

                       WAVES =  0, LAMPL =  0, VEFF =  0, KFUS =  0, WDISK =  0, BPM =  0, MELFIL =  0

                       CDCC =  0, NFUS =  0

 Using unit mass = 1.000000 amu and 1/fine-structure constant = 137.03599 ( 1.000000 * true ) with hc = 197.32705 MeV.fm,
  thus 2*amu/hbar^2 = 0.0478450 = 1/20.9008 and Coulomb constant = 0.1574855 so e^2 = 1.43997, and nuclear magneton= 0.1261183

 Now pre-scan input and save to file 3

Allocating FORMF(  602      16) in   0.000 GB


 *********** PARTITION NUMBER  1 ******************************************************************************************

   PROJ=6Li        MASS=  6.0151 Z=   3.0,        # STATES= -1T, TARG=19F      MASS= 18.9980 Z=   9.0,     Q-VALUE =   0.0000 MEV.

  1:  J= 1.0+ (B# 1), E=  0.0000, K= 0.0              Potl#  1       J= 1.5- (B#-1), E=  0.0000, K= 0.5    


 *********** PARTITION NUMBER  2 ******************************************************************************************

   PROJ=d          MASS=  2.0141 Z=   1.0,        # STATES= -1T, TARG=23Na     MASS= 22.9890 Z=  11.0,     Q-VALUE =   8.9930 MEV.

  1:  J= 1.0+ (B# 1), E=  0.0000, K= 0.0              Potl#  1       J= 1.5- (B#-1), E=  0.0000, K= 0.5    


 ************************************************************************************************************************************

 The following POTENTIALS are defined :

  KP#       TYPE      IT    SHAPE      at     V1        r1        a1        V2        r2        a2        A-in     A-used


                                            A#1       A#2        r0c       ac                                                h @ 2
    1    0=Coulomb       0=CHARGE (WS)  1     7.000     0.000    1.3000    0.0000    0.0000    0.0000     0.000     7.000   0.05000

    1    1=Volume        0=Woods-Saxon  2  118.0000    0.8860    0.9070    0.0000    0.0000    0.0000     0.000     7.000

    1    2=Surface       0=Woods-Saxon  3    0.0000    0.0000    0.0000    5.8000    1.5700    0.7770     0.000     7.000

    1    3=Projtl S.O.   0=Woods-Saxon  4    5.8000    0.8860    0.9070    0.0000    0.0000    0.0000     0.000     7.000
   --------------------------------------------------------------------------------------------------------------------

                                            A#1       A#2        r0c       ac                                                h @ 0
    2    0=Coulomb       0=CHARGE (WS)  5     8.000     0.000    1.3000    0.0000    0.0000    0.0000     0.000     8.000   0.05000

    2    1=Volume        0=Woods-Saxon  6   45.0000    1.3200    0.5700    0.0000    0.0000    0.0000     0.000     8.000

    2    2=Surface       0=Woods-Saxon  7    0.0000    0.0000    0.0000   11.0000    1.3200    0.3450     0.000     8.000

    2    3=Projtl S.O.   0=Woods-Saxon  8    5.0000    1.3200    0.5700    0.0000    0.0000    0.0000     0.000     8.000
   --------------------------------------------------------------------------------------------------------------------

                                            A#1       A#2        r0c       ac                                                h @ 0
    3    0=Coulomb       0=CHARGE (WS)  9     1.000     0.000    1.2500    0.0000    0.0000    0.0000     0.000     1.000   0.05000

    3    1=Volume        0=Woods-Saxon 10   78.0000    1.2500    0.6500    0.0000    0.0000    0.0000     0.000     1.000
   --------------------------------------------------------------------------------------------------------------------

                                            A#1       A#2        r0c       ac                                                h @ 0
    4    0=Coulomb       0=CHARGE (WS) 11     7.000     0.000    1.2500    0.0000    0.0000    0.0000     0.000     7.000   0.05000

    4    1=Volume        0=Woods-Saxon 12   78.0000    1.2500    0.6500    0.0000    0.0000    0.0000     0.000     7.000
   --------------------------------------------------------------------------------------------------------------------

                                            A#1       A#2        r0c       ac                                                h @ 0
    5    0=Coulomb       0=CHARGE (WS) 13     7.000     0.000    1.3030    0.0000    0.0000    0.0000     0.000     7.000   0.05000

    5    1=Volume        0=Woods-Saxon 14   53.6000    1.1324    0.6900    0.0000    0.0000    0.0000     0.000     7.000

    5    2=Surface       0=Woods-Saxon 15    0.0000    0.0000    0.0000    8.8500    1.1104    0.6900     0.000     7.000

    5    3=Projtl S.O.   0=Woods-Saxon 16    5.9000    0.7127    0.6300    0.0000    0.0000    0.0000     0.000     7.000


 ************************************************************************************************************************************

 The following SINGLE-PARTICLE FORM FACTORS are constructed :


 No.   P1 P2 IN KIND T N  L  S1 IA J/S  IB BIND XFER  BE    SC PC FIL AFRAC Adjust  to  Z  Mass   K     Norm    rms      D0     D   ANC/Gsp

    Parameters      Mismatch   Nodes -> 1 in ch  1

      1.000000    -0.95698479     2    67
      0.500000     0.29862480     1    57
      0.469268     0.04975921     1    57
      0.461912     0.00185430     1    57
      0.461617     0.00000275     1    57

 For Channel #  1 with l = 0,  j =  0.5, around core state #  1

   R    Y(R)
   0.00   0.0000E+00,    0.05   3.4353E-02,    0.10   6.8566E-02,    0.15   1.0250E-01,    0.20   1.3604E-01,    0.25   1.6904E-01, 
   0.30   2.0139E-01,    0.35   2.3298E-01,    0.40   2.6370E-01,    0.45   2.9347E-01,    0.50   3.2218E-01,    0.55   3.4976E-01, 
   0.60   3.7615E-01,    0.65   4.0128E-01,    0.70   4.2509E-01,    0.75   4.4755E-01,    0.80   4.6863E-01,    0.85   4.8830E-01, 
   0.90   5.0654E-01,    0.95   5.2334E-01,    1.00   5.3872E-01,    1.05   5.5268E-01,    1.10   5.6523E-01,    1.15   5.7639E-01, 
   1.20   5.8620E-01,    1.25   5.9469E-01,    1.30   6.0189E-01,    1.35   6.0786E-01,    1.40   6.1263E-01,    1.45   6.1625E-01, 
   1.50   6.1879E-01,    1.55   6.2029E-01,    1.60   6.2081E-01,    1.65   6.2041E-01,    1.70   6.1916E-01,    1.75   6.1710E-01, 
   1.80   6.1429E-01,    1.85   6.1080E-01,    1.90   6.0667E-01,    1.95   6.0197E-01,    2.00   5.9674E-01,    2.05   5.9104E-01, 
   2.10   5.8490E-01,    2.15   5.7839E-01,    2.20   5.7154E-01,    2.25   5.6439E-01,    2.30   5.5698E-01,    2.35   5.4935E-01, 
   2.40   5.4154E-01,    2.45   5.3356E-01,    2.50   5.2545E-01,    2.55   5.1724E-01,    2.60   5.0896E-01,    2.65   5.0061E-01, 
   2.70   4.9224E-01,    2.75   4.8384E-01,    2.80   4.7545E-01,    2.85   4.6708E-01,    2.90   4.5873E-01,    2.95   4.5043E-01, 
   3.00   4.4218E-01,    3.05   4.3400E-01,    3.10   4.2588E-01,    3.15   4.1785E-01,    3.20   4.0991E-01,    3.25   4.0205E-01, 
   3.30   3.9430E-01,    3.35   3.8665E-01,    3.40   3.7910E-01,    3.45   3.7167E-01,    3.50   3.6434E-01,    3.55   3.5713E-01, 
   3.60   3.5004E-01,    3.65   3.4306E-01,    3.70   3.3620E-01,    3.75   3.2946E-01,    3.80   3.2284E-01,    3.85   3.1633E-01, 
   3.90   3.0994E-01,    3.95   3.0367E-01,    4.00   2.9752E-01,    4.05   2.9148E-01,    4.10   2.8556E-01,    4.15   2.7975E-01, 
   4.20   2.7405E-01,    4.25   2.6846E-01,    4.30   2.6299E-01,    4.35   2.5762E-01,    4.40   2.5236E-01,    4.45   2.4720E-01, 
   4.50   2.4215E-01,    4.55   2.3720E-01,    4.60   2.3235E-01,    4.65   2.2760E-01,    4.70   2.2294E-01,    4.75   2.1838E-01, 
   4.80   2.1391E-01,    4.85   2.0954E-01,    4.90   2.0525E-01,    4.95   2.0105E-01,    5.00   1.9694E-01,    5.05   1.9291E-01, 
   5.10   1.8897E-01,    5.15   1.8511E-01,    5.20   1.8133E-01,    5.25   1.7763E-01,    5.30   1.7400E-01,    5.35   1.7045E-01, 
   5.40   1.6697E-01,    5.45   1.6356E-01,    5.50   1.6023E-01,    5.55   1.5696E-01,    5.60   1.5377E-01,    5.65   1.5064E-01, 
   5.70   1.4757E-01,    5.75   1.4457E-01,    5.80   1.4163E-01,    5.85   1.3875E-01,    5.90   1.3593E-01,    5.95   1.3317E-01, 
   6.00   1.3046E-01,    6.05   1.2782E-01,    6.10   1.2522E-01,    6.15   1.2268E-01,    6.20   1.2020E-01,    6.25   1.1776E-01, 
   6.30   1.1538E-01,    6.35   1.1304E-01,    6.40   1.1076E-01,    6.45   1.0852E-01,    6.50   1.0632E-01,    6.55   1.0417E-01, 
   6.60   1.0207E-01,    6.65   1.0001E-01,    6.70   9.7992E-02,    6.75   9.6016E-02,    6.80   9.4080E-02,    6.85   9.2184E-02, 
   6.90   9.0327E-02,    6.95   8.8508E-02,    7.00   8.6726E-02,    7.05   8.4981E-02,    7.10   8.3272E-02,    7.15   8.1598E-02, 
   7.20   7.9958E-02,    7.25   7.8352E-02,    7.30   7.6778E-02,    7.35   7.5237E-02,    7.40   7.3727E-02,    7.45   7.2248E-02, 
   7.50   7.0800E-02,    7.55   6.9381E-02,    7.60   6.7991E-02,    7.65   6.6629E-02,    7.70   6.5295E-02,    7.75   6.3988E-02, 
   7.80   6.2708E-02,    7.85   6.1454E-02,    7.90   6.0225E-02,    7.95   5.9021E-02,    8.00   5.7842E-02,    8.05   5.6687E-02, 
   8.10   5.5555E-02,    8.15   5.4446E-02,    8.20   5.3360E-02,    8.25   5.2296E-02,    8.30   5.1253E-02,    8.35   5.0231E-02, 
   8.40   4.9230E-02,    8.45   4.8250E-02,    8.50   4.7289E-02,    8.55   4.6347E-02,    8.60   4.5425E-02,    8.65   4.4521E-02, 
   8.70   4.3636E-02,    8.75   4.2768E-02,    8.80   4.1918E-02,    8.85   4.1085E-02,    8.90   4.0269E-02,    8.95   3.9469E-02, 
   9.00   3.8685E-02,    9.05   3.7917E-02,    9.10   3.7165E-02,    9.15   3.6427E-02,    9.20   3.5705E-02,    9.25   3.4997E-02, 
   9.30   3.4303E-02,    9.35   3.3623E-02,    9.40   3.2957E-02,    9.45   3.2304E-02,    9.50   3.1665E-02,    9.55   3.1038E-02, 
   9.60   3.0424E-02,    9.65   2.9822E-02,    9.70   2.9232E-02,    9.75   2.8653E-02,    9.80   2.8087E-02,    9.85   2.7532E-02, 
   9.90   2.6988E-02,    9.95   2.6454E-02,   10.00   2.5932E-02,   10.05   2.5420E-02,   10.10   2.4918E-02,   10.15   2.4426E-02, 
  10.20   2.3944E-02,   10.25   2.3471E-02,   10.30   2.3008E-02,   10.35   2.2555E-02,   10.40   2.2110E-02,   10.45   2.1674E-02, 
  10.50   2.1247E-02,   10.55   2.0828E-02,   10.60   2.0418E-02,   10.65   2.0016E-02,   10.70   1.9621E-02,   10.75   1.9235E-02, 
  10.80   1.8857E-02,   10.85   1.8485E-02,   10.90   1.8122E-02,   10.95   1.7765E-02,   11.00   1.7416E-02,   11.05   1.7073E-02, 
  11.10   1.6738E-02,   11.15   1.6409E-02,   11.20   1.6086E-02,   11.25   1.5770E-02,   11.30   1.5460E-02,   11.35   1.5157E-02, 
  11.40   1.4859E-02,   11.45   1.4567E-02,   11.50   1.4281E-02,   11.55   1.4001E-02,   11.60   1.3726E-02,   11.65   1.3457E-02, 
  11.70   1.3193E-02,   11.75   1.2934E-02,   11.80   1.2680E-02,   11.85   1.2432E-02,   11.90   1.2188E-02,   11.95   1.1949E-02, 
  12.00   1.1715E-02,   12.05   1.1486E-02,   12.10   1.1261E-02,   12.15   1.1040E-02,   12.20   1.0824E-02,   12.25   1.0612E-02, 
  12.30   1.0404E-02,   12.35   1.0201E-02,   12.40   1.0001E-02,   12.45   9.8052E-03,   12.50   9.6134E-03,   12.55   9.4254E-03, 
  12.60   9.2410E-03,   12.65   9.0603E-03,   12.70   8.8832E-03,   12.75   8.7095E-03,   12.80   8.5393E-03,   12.85   8.3724E-03, 
  12.90   8.2088E-03,   12.95   8.0484E-03,   13.00   7.8912E-03,   13.05   7.7371E-03,   13.10   7.5860E-03,   13.15   7.4379E-03, 
  13.20   7.2927E-03,   13.25   7.1503E-03,   13.30   7.0108E-03,   13.35   6.8740E-03,   13.40   6.7398E-03,   13.45   6.6084E-03, 
  13.50   6.4794E-03,   13.55   6.3531E-03,   13.60   6.2292E-03,   13.65   6.1077E-03,   13.70   5.9887E-03,   13.75   5.8719E-03, 
  13.80   5.7575E-03,   13.85   5.6453E-03,   13.90   5.5353E-03,   13.95   5.4274E-03,   14.00   5.3217E-03,   14.05   5.2181E-03, 
  14.10   5.1164E-03,   14.15   5.0168E-03,   14.20   4.9191E-03,   14.25   4.8234E-03,   14.30   4.7295E-03,   14.35   4.6374E-03, 
  14.40   4.5472E-03,   14.45   4.4587E-03,   14.50   4.3720E-03,   14.55   4.2869E-03,   14.60   4.2035E-03,   14.65   4.1218E-03, 
  14.70   4.0416E-03,   14.75   3.9630E-03,   14.80   3.8860E-03,   14.85   3.8105E-03,   14.90   3.7364E-03,   14.95   3.6638E-03, 
  15.00   3.5926E-03,   15.05   3.5228E-03,   15.10   3.4543E-03,   15.15   3.3872E-03,   15.20   3.3214E-03,   15.25   3.2569E-03, 
  15.30   3.1937E-03,   15.35   3.1317E-03,   15.40   3.0709E-03,   15.45   3.0113E-03,   15.50   2.9528E-03,   15.55   2.8955E-03, 
  15.60   2.8393E-03,   15.65   2.7842E-03,   15.70   2.7302E-03,   15.75   2.6772E-03,   15.80   2.6253E-03,   15.85   2.5744E-03, 
  15.90   2.5244E-03,   15.95   2.4755E-03,   16.00   2.4275E-03,   16.05   2.3804E-03,   16.10   2.3343E-03,   16.15   2.2890E-03, 
  16.20   2.2446E-03,   16.25   2.2011E-03,   16.30   2.1585E-03,   16.35   2.1167E-03,   16.40   2.0756E-03,   16.45   2.0354E-03, 
  16.50   1.9960E-03,   16.55   1.9573E-03,   16.60   1.9194E-03,   16.65   1.8823E-03,   16.70   1.8458E-03,   16.75   1.8101E-03, 
  16.80   1.7750E-03,   16.85   1.7407E-03,   16.90   1.7070E-03,   16.95   1.6739E-03,   17.00   1.6415E-03,   17.05   1.6098E-03, 
  17.10   1.5786E-03,   17.15   1.5481E-03,   17.20   1.5181E-03,   17.25   1.4888E-03,   17.30   1.4600E-03,   17.35   1.4317E-03, 
  17.40   1.4040E-03,   17.45   1.3769E-03,   17.50   1.3503E-03,   17.55   1.3242E-03,   17.60   1.2986E-03,   17.65   1.2735E-03, 
  17.70   1.2488E-03,   17.75   1.2247E-03,   17.80   1.2010E-03,   17.85   1.1778E-03,   17.90   1.1551E-03,   17.95   1.1327E-03, 
  18.00   1.1109E-03,   18.05   1.0894E-03,   18.10   1.0684E-03,   18.15   1.0477E-03,   18.20   1.0275E-03,   18.25   1.0076E-03, 
  18.30   9.8818E-04,   18.35   9.6910E-04,   18.40   9.5039E-04,   18.45   9.3204E-04,   18.50   9.1405E-04,   18.55   8.9641E-04, 
  18.60   8.7911E-04,   18.65   8.6214E-04,   18.70   8.4550E-04,   18.75   8.2918E-04,   18.80   8.1318E-04,   18.85   7.9750E-04, 
  18.90   7.8211E-04,   18.95   7.6702E-04,   19.00   7.5223E-04,   19.05   7.3772E-04,   19.10   7.2349E-04,   19.15   7.0954E-04, 
  19.20   6.9585E-04,   19.25   6.8243E-04,   19.30   6.6928E-04,   19.35   6.5637E-04,   19.40   6.4372E-04,   19.45   6.3131E-04, 
  19.50   6.1914E-04,   19.55   6.0721E-04,   19.60   5.9550E-04,   19.65   5.8403E-04,   19.70   5.7277E-04,   19.75   5.6174E-04, 
  19.80   5.5091E-04,   19.85   5.4030E-04,   19.90   5.2989E-04,   19.95   5.1968E-04,   20.00   5.0967E-04,   20.05   4.9985E-04, 
  20.10   4.9023E-04,   20.15   4.8079E-04,   20.20   4.7153E-04,   20.25   4.6245E-04,   20.30   4.5354E-04,   20.35   4.4481E-04, 
  20.40   4.3625E-04,   20.45   4.2785E-04,   20.50   4.1961E-04,   20.55   4.1154E-04,   20.60   4.0362E-04,   20.65   3.9585E-04, 
  20.70   3.8823E-04,   20.75   3.8076E-04,   20.80   3.7343E-04,   20.85   3.6625E-04,   20.90   3.5920E-04,   20.95   3.5229E-04, 
  21.00   3.4551E-04,   21.05   3.3887E-04,   21.10   3.3235E-04,   21.15   3.2595E-04,   21.20   3.1969E-04,   21.25   3.1354E-04, 
  21.30   3.0751E-04,   21.35   3.0159E-04,   21.40   2.9580E-04,   21.45   2.9011E-04,   21.50   2.8453E-04,   21.55   2.7906E-04, 
  21.60   2.7370E-04,   21.65   2.6843E-04,   21.70   2.6328E-04,   21.75   2.5821E-04,   21.80   2.5325E-04,   21.85   2.4839E-04, 
  21.90   2.4361E-04,   21.95   2.3893E-04,   22.00   2.3434E-04,   22.05   2.2984E-04,   22.10   2.2542E-04,   22.15   2.2109E-04, 
  22.20   2.1684E-04,   22.25   2.1268E-04,   22.30   2.0859E-04,   22.35   2.0459E-04,   22.40   2.0066E-04,   22.45   1.9680E-04, 
  22.50   1.9302E-04,   22.55   1.8932E-04,   22.60   1.8568E-04,   22.65   1.8212E-04,   22.70   1.7862E-04,   22.75   1.7519E-04, 
  22.80   1.7183E-04,   22.85   1.6853E-04,   22.90   1.6529E-04,   22.95   1.6212E-04,   23.00   1.5901E-04,   23.05   1.5596E-04, 
  23.10   1.5296E-04,   23.15   1.5003E-04,   23.20   1.4715E-04,   23.25   1.4433E-04,   23.30   1.4156E-04,   23.35   1.3884E-04, 
  23.40   1.3618E-04,   23.45   1.3356E-04,   23.50   1.3100E-04,   23.55   1.2849E-04,   23.60   1.2602E-04,   23.65   1.2361E-04, 
  23.70   1.2124E-04,   23.75   1.1891E-04,   23.80   1.1663E-04,   23.85   1.1439E-04,   23.90   1.1220E-04,   23.95   1.1005E-04, 
  24.00   1.0794E-04,   24.05   1.0587E-04,   24.10   1.0384E-04,   24.15   1.0185E-04,   24.20   9.9895E-05,   24.25   9.7980E-05, 
  24.30   9.6102E-05,   24.35   9.4259E-05,   24.40   9.2453E-05,   24.45   9.0681E-05,   24.50   8.8943E-05,   24.55   8.7238E-05, 
  24.60   8.5566E-05,   24.65   8.3927E-05,   24.70   8.2318E-05,   24.75   8.0741E-05,   24.80   7.9194E-05,   24.85   7.7677E-05, 
  24.90   7.6188E-05,   24.95   7.4729E-05,   25.00   7.3297E-05,   25.05   7.1893E-05,   25.10   7.0516E-05,   25.15   6.9165E-05, 
  25.20   6.7840E-05,   25.25   6.6541E-05,   25.30   6.5267E-05,   25.35   6.4017E-05,   25.40   6.2791E-05,   25.45   6.1588E-05, 
  25.50   6.0409E-05,   25.55   5.9252E-05,   25.60   5.8118E-05,   25.65   5.7005E-05,   25.70   5.5914E-05,   25.75   5.4843E-05, 
  25.80   5.3793E-05,   25.85   5.2764E-05,   25.90   5.1754E-05,   25.95   5.0763E-05,   26.00   4.9791E-05,   26.05   4.8838E-05, 
  26.10   4.7904E-05,   26.15   4.6987E-05,   26.20   4.6088E-05,   26.25   4.5206E-05,   26.30   4.4341E-05,   26.35   4.3492E-05, 
  26.40   4.2660E-05,   26.45   4.1844E-05,   26.50   4.1043E-05,   26.55   4.0258E-05,   26.60   3.9488E-05,   26.65   3.8732E-05, 
  26.70   3.7991E-05,   26.75   3.7265E-05,   26.80   3.6552E-05,   26.85   3.5853E-05,   26.90   3.5167E-05,   26.95   3.4494E-05, 
  27.00   3.3835E-05,   27.05   3.3187E-05,   27.10   3.2553E-05,   27.15   3.1930E-05,   27.20   3.1320E-05,   27.25   3.0721E-05, 
  27.30   3.0133E-05,   27.35   2.9557E-05,   27.40   2.8992E-05,   27.45   2.8438E-05,   27.50   2.7894E-05,   27.55   2.7361E-05, 
  27.60   2.6838E-05,   27.65   2.6325E-05,   27.70   2.5822E-05,   27.75   2.5328E-05,   27.80   2.4844E-05,   27.85   2.4369E-05, 
  27.90   2.3903E-05,   27.95   2.3446E-05,   28.00   2.2998E-05,   28.05   2.2559E-05,   28.10   2.2128E-05,   28.15   2.1705E-05, 
  28.20   2.1290E-05,   28.25   2.0883E-05,   28.30   2.0484E-05,   28.35   2.0093E-05,   28.40   1.9709E-05,   28.45   1.9333E-05, 
  28.50   1.8963E-05,   28.55   1.8601E-05,   28.60   1.8246E-05,   28.65   1.7897E-05,   28.70   1.7555E-05,   28.75   1.7220E-05, 
  28.80   1.6891E-05,   28.85   1.6568E-05,   28.90   1.6252E-05,   28.95   1.5942E-05,   29.00   1.5637E-05,   29.05   1.5338E-05, 
  29.10   1.5046E-05,   29.15   1.4758E-05,   29.20   1.4476E-05,   29.25   1.4200E-05,   29.30   1.3929E-05,   29.35   1.3663E-05, 
  29.40   1.3402E-05,   29.45   1.3146E-05,   29.50   1.2895E-05,   29.55   1.2649E-05,   29.60   1.2408E-05,   29.65   1.2171E-05, 
  29.70   1.1938E-05,   29.75   1.1710E-05,   29.80   1.1487E-05,   29.85   1.1268E-05,   29.90   1.1053E-05,   29.95   1.0842E-05, 
  30.00   1.0635E-05, 

 No.   P1 P2 IN KIND T N  L  S1 IA J/S  IB BIND XFER  BE    SC PC FIL AFRAC Adjust  to  Z  Mass   K     Norm    rms      D0     D   ANC/Gsp

    At R=   29.950, ANC in ch  1 is     1.92222
0   1:  2  1  1  0     1  0 0.5  1 0.5   0   3   0   2.2250 -1  3  0 0.0000 VR  0.4616; 2. 4.001 0.3776 1.0000  2.706  -66.2  -49.4  1.9222
  ### VR  potential at  10 permanently scaled by   0.4616

    Parameters      Mismatch   Nodes -> 1 in ch  1

      1.000000    -2.60692185     3    73
      0.500000     1.24264928     1    58
      0.484973     0.35111736     1    58
      0.476778     0.04477197     1    58
      0.475408     0.00090890     1    58
      0.475379     0.00000039     1    58

 For Channel #  1 with l = 1,  j =  1.5, around core state #  1

   R    Y(R)
   0.00   0.0000E+00,    0.05   1.5130E-03,    0.10   5.8409E-03,    0.15   1.3032E-02,    0.20   2.3025E-02,    0.25   3.5733E-02, 
   0.30   5.1050E-02,    0.35   6.8851E-02,    0.40   8.8989E-02,    0.45   1.1130E-01,    0.50   1.3560E-01,    0.55   1.6170E-01, 
   0.60   1.8938E-01,    0.65   2.1843E-01,    0.70   2.4862E-01,    0.75   2.7971E-01,    0.80   3.1145E-01,    0.85   3.4361E-01, 
   0.90   3.7593E-01,    0.95   4.0818E-01,    1.00   4.4012E-01,    1.05   4.7151E-01,    1.10   5.0212E-01,    1.15   5.3175E-01, 
   1.20   5.6019E-01,    1.25   5.8726E-01,    1.30   6.1277E-01,    1.35   6.3658E-01,    1.40   6.5855E-01,    1.45   6.7856E-01, 
   1.50   6.9651E-01,    1.55   7.1232E-01,    1.60   7.2595E-01,    1.65   7.3734E-01,    1.70   7.4649E-01,    1.75   7.5339E-01, 
   1.80   7.5807E-01,    1.85   7.6057E-01,    1.90   7.6095E-01,    1.95   7.5927E-01,    2.00   7.5562E-01,    2.05   7.5010E-01, 
   2.10   7.4281E-01,    2.15   7.3387E-01,    2.20   7.2340E-01,    2.25   7.1153E-01,    2.30   6.9838E-01,    2.35   6.8408E-01, 
   2.40   6.6876E-01,    2.45   6.5256E-01,    2.50   6.3558E-01,    2.55   6.1797E-01,    2.60   5.9983E-01,    2.65   5.8129E-01, 
   2.70   5.6245E-01,    2.75   5.4343E-01,    2.80   5.2431E-01,    2.85   5.0520E-01,    2.90   4.8618E-01,    2.95   4.6731E-01, 
   3.00   4.4868E-01,    3.05   4.3034E-01,    3.10   4.1234E-01,    3.15   3.9472E-01,    3.20   3.7754E-01,    3.25   3.6081E-01, 
   3.30   3.4456E-01,    3.35   3.2882E-01,    3.40   3.1359E-01,    3.45   2.9890E-01,    3.50   2.8474E-01,    3.55   2.7111E-01, 
   3.60   2.5802E-01,    3.65   2.4546E-01,    3.70   2.3342E-01,    3.75   2.2190E-01,    3.80   2.1089E-01,    3.85   2.0036E-01, 
   3.90   1.9032E-01,    3.95   1.8074E-01,    4.00   1.7161E-01,    4.05   1.6292E-01,    4.10   1.5465E-01,    4.15   1.4678E-01, 
   4.20   1.3929E-01,    4.25   1.3218E-01,    4.30   1.2543E-01,    4.35   1.1901E-01,    4.40   1.1293E-01,    4.45   1.0715E-01, 
   4.50   1.0166E-01,    4.55   9.6464E-02,    4.60   9.1531E-02,    4.65   8.6854E-02,    4.70   8.2420E-02,    4.75   7.8216E-02, 
   4.80   7.4231E-02,    4.85   7.0454E-02,    4.90   6.6874E-02,    4.95   6.3481E-02,    5.00   6.0265E-02,    5.05   5.7217E-02, 
   5.10   5.4329E-02,    5.15   5.1591E-02,    5.20   4.8997E-02,    5.25   4.6537E-02,    5.30   4.4206E-02,    5.35   4.1996E-02, 
   5.40   3.9902E-02,    5.45   3.7916E-02,    5.50   3.6032E-02,    5.55   3.4247E-02,    5.60   3.2554E-02,    5.65   3.0948E-02, 
   5.70   2.9425E-02,    5.75   2.7980E-02,    5.80   2.6609E-02,    5.85   2.5309E-02,    5.90   2.4075E-02,    5.95   2.2904E-02, 
   6.00   2.1792E-02,    6.05   2.0737E-02,    6.10   1.9735E-02,    6.15   1.8784E-02,    6.20   1.7881E-02,    6.25   1.7024E-02, 
   6.30   1.6209E-02,    6.35   1.5435E-02,    6.40   1.4700E-02,    6.45   1.4002E-02,    6.50   1.3338E-02,    6.55   1.2707E-02, 
   6.60   1.2107E-02,    6.65   1.1537E-02,    6.70   1.0995E-02,    6.75   1.0480E-02,    6.80   9.9900E-03,    6.85   9.5239E-03, 
   6.90   9.0805E-03,    6.95   8.6587E-03,    7.00   8.2573E-03,    7.05   7.8754E-03,    7.10   7.5119E-03,    7.15   7.1660E-03, 
   7.20   6.8367E-03,    7.25   6.5231E-03,    7.30   6.2246E-03,    7.35   5.9404E-03,    7.40   5.6696E-03,    7.45   5.4118E-03, 
   7.50   5.1662E-03,    7.55   4.9322E-03,    7.60   4.7092E-03,    7.65   4.4967E-03,    7.70   4.2943E-03,    7.75   4.1013E-03, 
   7.80   3.9173E-03,    7.85   3.7420E-03,    7.90   3.5748E-03,    7.95   3.4154E-03,    8.00   3.2633E-03,    8.05   3.1184E-03, 
   8.10   2.9801E-03,    8.15   2.8482E-03,    8.20   2.7223E-03,    8.25   2.6023E-03,    8.30   2.4877E-03,    8.35   2.3784E-03, 
   8.40   2.2740E-03,    8.45   2.1744E-03,    8.50   2.0794E-03,    8.55   1.9886E-03,    8.60   1.9020E-03,    8.65   1.8193E-03, 
   8.70   1.7403E-03,    8.75   1.6648E-03,    8.80   1.5928E-03,    8.85   1.5240E-03,    8.90   1.4582E-03,    8.95   1.3954E-03, 
   9.00   1.3354E-03,    9.05   1.2781E-03,    9.10   1.2233E-03,    9.15   1.1710E-03,    9.20   1.1210E-03,    9.25   1.0731E-03, 
   9.30   1.0274E-03,    9.35   9.8374E-04,    9.40   9.4196E-04,    9.45   9.0202E-04,    9.50   8.6383E-04,    9.55   8.2731E-04, 
   9.60   7.9239E-04,    9.65   7.5899E-04,    9.70   7.2704E-04,    9.75   6.9648E-04,    9.80   6.6725E-04,    9.85   6.3928E-04, 
   9.90   6.1253E-04,    9.95   5.8692E-04,   10.00   5.6243E-04,   10.05   5.3899E-04,   10.10   5.1655E-04,   10.15   4.9508E-04, 
  10.20   4.7453E-04,   10.25   4.5485E-04,   10.30   4.3602E-04,   10.35   4.1799E-04,   10.40   4.0073E-04,   10.45   3.8421E-04, 
  10.50   3.6838E-04,   10.55   3.5323E-04,   10.60   3.3872E-04,   10.65   3.2482E-04,   10.70   3.1151E-04,   10.75   2.9876E-04, 
  10.80   2.8655E-04,   10.85   2.7485E-04,   10.90   2.6364E-04,   10.95   2.5290E-04,   11.00   2.4261E-04,   11.05   2.3276E-04, 
  11.10   2.2331E-04,   11.15   2.1426E-04,   11.20   2.0558E-04,   11.25   1.9727E-04,   11.30   1.8930E-04,   11.35   1.8166E-04, 
  11.40   1.7434E-04,   11.45   1.6732E-04,   11.50   1.6059E-04,   11.55   1.5414E-04,   11.60   1.4796E-04,   11.65   1.4203E-04, 
  11.70   1.3634E-04,   11.75   1.3089E-04,   11.80   1.2566E-04,   11.85   1.2065E-04,   11.90   1.1584E-04,   11.95   1.1122E-04, 
  12.00   1.0680E-04,   12.05   1.0256E-04,   12.10   9.8486E-05,   12.15   9.4580E-05,   12.20   9.0834E-05,   12.25   8.7239E-05, 
  12.30   8.3790E-05,   12.35   8.0481E-05,   12.40   7.7306E-05,   12.45   7.4259E-05,   12.50   7.1335E-05,   12.55   6.8529E-05, 
  12.60   6.5836E-05,   12.65   6.3252E-05,   12.70   6.0771E-05,   12.75   5.8390E-05,   12.80   5.6104E-05,   12.85   5.3910E-05, 
  12.90   5.1804E-05,   12.95   4.9781E-05,   13.00   4.7840E-05,   13.05   4.5976E-05,   13.10   4.4186E-05,   13.15   4.2468E-05, 
  13.20   4.0818E-05,   13.25   3.9233E-05,   13.30   3.7712E-05,   13.35   3.6250E-05,   13.40   3.4847E-05,   13.45   3.3499E-05, 
  13.50   3.2204E-05,   13.55   3.0961E-05,   13.60   2.9766E-05,   13.65   2.8619E-05,   13.70   2.7517E-05,   13.75   2.6458E-05, 
  13.80   2.5441E-05,   13.85   2.4464E-05,   13.90   2.3525E-05,   13.95   2.2622E-05,   14.00   2.1756E-05,   14.05   2.0923E-05, 
  14.10   2.0122E-05,   14.15   1.9353E-05,   14.20   1.8614E-05,   14.25   1.7904E-05,   14.30   1.7221E-05,   14.35   1.6565E-05, 
  14.40   1.5934E-05,   14.45   1.5328E-05,   14.50   1.4746E-05,   14.55   1.4186E-05,   14.60   1.3647E-05,   14.65   1.3130E-05, 
  14.70   1.2632E-05,   14.75   1.2154E-05,   14.80   1.1694E-05,   14.85   1.1252E-05,   14.90   1.0827E-05,   14.95   1.0418E-05, 
  15.00   1.0025E-05,   15.05   9.6476E-06,   15.10   9.2843E-06,   15.15   8.9349E-06,   15.20   8.5988E-06,   15.25   8.2757E-06, 
  15.30   7.9649E-06,   15.35   7.6661E-06,   15.40   7.3786E-06,   15.45   7.1021E-06,   15.50   6.8362E-06,   15.55   6.5804E-06, 
  15.60   6.3344E-06,   15.65   6.0977E-06,   15.70   5.8700E-06,   15.75   5.6510E-06,   15.80   5.4403E-06,   15.85   5.2376E-06, 
  15.90   5.0425E-06,   15.95   4.8549E-06,   16.00   4.6744E-06,   16.05   4.5007E-06,   16.10   4.3335E-06,   16.15   4.1727E-06, 
  16.20   4.0180E-06,   16.25   3.8691E-06,   16.30   3.7258E-06,   16.35   3.5879E-06,   16.40   3.4552E-06,   16.45   3.3274E-06, 
  16.50   3.2045E-06,   16.55   3.0862E-06,   16.60   2.9724E-06,   16.65   2.8628E-06,   16.70   2.7573E-06,   16.75   2.6558E-06, 
  16.80   2.5580E-06,   16.85   2.4640E-06,   16.90   2.3734E-06,   16.95   2.2862E-06,   17.00   2.2023E-06,   17.05   2.1215E-06, 
  17.10   2.0437E-06,   17.15   1.9688E-06,   17.20   1.8967E-06,   17.25   1.8273E-06,   17.30   1.7605E-06,   17.35   1.6961E-06, 
  17.40   1.6342E-06,   17.45   1.5745E-06,   17.50   1.5171E-06,   17.55   1.4617E-06,   17.60   1.4085E-06,   17.65   1.3572E-06, 
  17.70   1.3078E-06,   17.75   1.2602E-06,   17.80   1.2144E-06,   17.85   1.1702E-06,   17.90   1.1277E-06,   17.95   1.0868E-06, 
  18.00   1.0474E-06,   18.05   1.0094E-06,   18.10   9.7280E-07,   18.15   9.3756E-07,   18.20   9.0363E-07,   18.25   8.7093E-07, 
  18.30   8.3944E-07,   18.35   8.0910E-07,   18.40   7.7988E-07,   18.45   7.5173E-07,   18.50   7.2460E-07,   18.55   6.9847E-07, 
  18.60   6.7330E-07,   18.65   6.4904E-07,   18.70   6.2568E-07,   18.75   6.0316E-07,   18.80   5.8147E-07,   18.85   5.6057E-07, 
  18.90   5.4043E-07,   18.95   5.2102E-07,   19.00   5.0232E-07,   19.05   4.8430E-07,   19.10   4.6693E-07,   19.15   4.5020E-07, 
  19.20   4.3408E-07,   19.25   4.1854E-07,   19.30   4.0356E-07,   19.35   3.8913E-07,   19.40   3.7522E-07,   19.45   3.6181E-07, 
  19.50   3.4889E-07,   19.55   3.3644E-07,   19.60   3.2444E-07,   19.65   3.1287E-07,   19.70   3.0172E-07,   19.75   2.9097E-07, 
  19.80   2.8061E-07,   19.85   2.7062E-07,   19.90   2.6099E-07,   19.95   2.5171E-07,   20.00   2.4277E-07,   20.05   2.3415E-07, 
  20.10   2.2583E-07,   20.15   2.1782E-07,   20.20   2.1009E-07,   20.25   2.0264E-07,   20.30   1.9546E-07,   20.35   1.8854E-07, 
  20.40   1.8186E-07,   20.45   1.7543E-07,   20.50   1.6922E-07,   20.55   1.6324E-07,   20.60   1.5747E-07,   20.65   1.5191E-07, 
  20.70   1.4654E-07,   20.75   1.4137E-07,   20.80   1.3638E-07,   20.85   1.3157E-07,   20.90   1.2694E-07,   20.95   1.2246E-07, 
  21.00   1.1815E-07,   21.05   1.1399E-07,   21.10   1.0998E-07,   21.15   1.0611E-07,   21.20   1.0238E-07,   21.25   9.8786E-08, 
  21.30   9.5316E-08,   21.35   9.1969E-08,   21.40   8.8742E-08,   21.45   8.5629E-08,   21.50   8.2626E-08,   21.55   7.9730E-08, 
  21.60   7.6937E-08,   21.65   7.4243E-08,   21.70   7.1644E-08,   21.75   6.9137E-08,   21.80   6.6719E-08,   21.85   6.4386E-08, 
  21.90   6.2136E-08,   21.95   5.9965E-08,   22.00   5.7871E-08,   22.05   5.5851E-08,   22.10   5.3902E-08,   22.15   5.2022E-08, 
  22.20   5.0209E-08,   22.25   4.8459E-08,   22.30   4.6771E-08,   22.35   4.5142E-08,   22.40   4.3571E-08,   22.45   4.2055E-08, 
  22.50   4.0592E-08,   22.55   3.9181E-08,   22.60   3.7819E-08,   22.65   3.6505E-08,   22.70   3.5238E-08,   22.75   3.4014E-08, 
  22.80   3.2834E-08,   22.85   3.1695E-08,   22.90   3.0596E-08,   22.95   2.9536E-08,   23.00   2.8512E-08,   23.05   2.7525E-08, 
  23.10   2.6572E-08,   23.15   2.5652E-08,   23.20   2.4765E-08,   23.25   2.3908E-08,   23.30   2.3082E-08,   23.35   2.2284E-08, 
  23.40   2.1515E-08,   23.45   2.0772E-08,   23.50   2.0055E-08,   23.55   1.9363E-08,   23.60   1.8695E-08,   23.65   1.8050E-08, 
  23.70   1.7428E-08,   23.75   1.6827E-08,   23.80   1.6248E-08,   23.85   1.5688E-08,   23.90   1.5148E-08,   23.95   1.4627E-08, 
  24.00   1.4124E-08,   24.05   1.3638E-08,   24.10   1.3170E-08,   24.15   1.2717E-08,   24.20   1.2280E-08,   24.25   1.1859E-08, 
  24.30   1.1452E-08,   24.35   1.1059E-08,   24.40   1.0679E-08,   24.45   1.0313E-08,   24.50   9.9597E-09,   24.55   9.6185E-09, 
  24.60   9.2890E-09,   24.65   8.9709E-09,   24.70   8.6638E-09,   24.75   8.3674E-09,   24.80   8.0812E-09,   24.85   7.8048E-09, 
  24.90   7.5380E-09,   24.95   7.2804E-09,   25.00   7.0317E-09,   25.05   6.7916E-09,   25.10   6.5597E-09,   25.15   6.3358E-09, 
  25.20   6.1197E-09,   25.25   5.9109E-09,   25.30   5.7094E-09,   25.35   5.5148E-09,   25.40   5.3269E-09,   25.45   5.1454E-09, 
  25.50   4.9702E-09,   25.55   4.8010E-09,   25.60   4.6377E-09,   25.65   4.4799E-09,   25.70   4.3275E-09,   25.75   4.1804E-09, 
  25.80   4.0383E-09,   25.85   3.9011E-09,   25.90   3.7686E-09,   25.95   3.6406E-09,   26.00   3.5171E-09,   26.05   3.3977E-09, 
  26.10   3.2824E-09,   26.15   3.1711E-09,   26.20   3.0636E-09,   26.25   2.9598E-09,   26.30   2.8595E-09,   26.35   2.7626E-09, 
  26.40   2.6691E-09,   26.45   2.5787E-09,   26.50   2.4915E-09,   26.55   2.4072E-09,   26.60   2.3257E-09,   26.65   2.2471E-09, 
  26.70   2.1712E-09,   26.75   2.0978E-09,   26.80   2.0269E-09,   26.85   1.9585E-09,   26.90   1.8923E-09,   26.95   1.8285E-09, 
  27.00   1.7668E-09,   27.05   1.7072E-09,   27.10   1.6496E-09,   27.15   1.5940E-09,   27.20   1.5403E-09,   27.25   1.4884E-09, 
  27.30   1.4382E-09,   27.35   1.3898E-09,   27.40   1.3430E-09,   27.45   1.2978E-09,   27.50   1.2541E-09,   27.55   1.2119E-09, 
  27.60   1.1712E-09,   27.65   1.1318E-09,   27.70   1.0938E-09,   27.75   1.0570E-09,   27.80   1.0215E-09,   27.85   9.8722E-10, 
  27.90   9.5407E-10,   27.95   9.2205E-10,   28.00   8.9111E-10,   28.05   8.6122E-10,   28.10   8.3234E-10,   28.15   8.0443E-10, 
  28.20   7.7747E-10,   28.25   7.5142E-10,   28.30   7.2625E-10,   28.35   7.0192E-10,   28.40   6.7842E-10,   28.45   6.5571E-10, 
  28.50   6.3377E-10,   28.55   6.1257E-10,   28.60   5.9208E-10,   28.65   5.7228E-10,   28.70   5.5315E-10,   28.75   5.3466E-10, 
  28.80   5.1680E-10,   28.85   4.9954E-10,   28.90   4.8285E-10,   28.95   4.6673E-10,   29.00   4.5115E-10,   29.05   4.3610E-10, 
  29.10   4.2155E-10,   29.15   4.0749E-10,   29.20   3.9390E-10,   29.25   3.8077E-10,   29.30   3.6808E-10,   29.35   3.5582E-10, 
  29.40   3.4397E-10,   29.45   3.3251E-10,   29.50   3.2144E-10,   29.55   3.1074E-10,   29.60   3.0040E-10,   29.65   2.9041E-10, 
  29.70   2.8075E-10,   29.75   2.7141E-10,   29.80   2.6239E-10,   29.85   2.5367E-10,   29.90   2.4524E-10,   29.95   2.3709E-10, 
  30.00   2.2922E-10, 

 No.   P1 P2 IN KIND T N  L  S1 IA J/S  IB BIND XFER  BE    SC PC FIL AFRAC Adjust  to  Z  Mass   K     Norm    rms      D0     D   ANC/Gsp

    At R=   29.950, ANC in ch  2 is  2726.73225
0   2:  1  2  2  0     1  1 0.5  1 1.5   0   4   0   2.0340  1  3  0 0.0000 VR  0.4754; 2. 3.991 0.5665 1.0000  2.207  -16.1   19.9********

 ************************************************************************************************************************************

 ONE-way COUPLING # 1 for partitions -2 <-  1 of KIND  7,   0  0  5 -1 -1 & P1,P2 =    0.0000   0.0000 : for J <=    60.5 & R <  29.9 fm.


 data =  1  1  1  1  1.0000,  so  < [6Li      # 1] / [d        # 1]  * Eigen-form #  1>  =   1.0000            BE =  2.225     1



 **** WARNING *** -- FORM FACTOR  1 GIVES  NO COUPLING AS PARITY ERROR, OR D( 1.0, 0.5, 1.0) FAILS  ****



 data = -2  1  1  2  1.0000,  so  < [23Na     # 1] / [19F      # 1]  * Eigen-form #  2>  =   1.0000            BE =  2.034     2



 **** WARNING *** -- FORM FACTOR  2 GIVES  NO COUPLING AS PARITY ERROR, OR D( 1.5, 1.5, 1.5) FAILS  ****


 KNT =   2, KNP =   1: NK,NG,loc=   1   1   1  17  T  T  F

     So FINITE-RANGE TRANSFER : IP1 = 0 (POST ), IP2= 0 =NONE        ,  for   1 pairs of bound states summed into   1 pairs
      The main coupling potential is that binding the transferred particle to the d        core.

   A real*8 is  8  bytes
   NLL,NLN,NLO = 598 601 181
0File  11 needs RL =  108238    REAL*8 numbers, and NR =    68. i.e.  58.88 Megabytes
   File  11  RECL = 868800
0RECOMMENDED NON-LOCAL WIDTH IS GREATER THAN    6.10 FM.,  RECOMMENDED CENTRATION  -0.85, after    0.35 secs.
0Relative non-local usages (rms) are
    0.001   0.001   0.001   0.001   0.002   0.002   0.002   0.002   0.002   0.002   0.003   0.003   0.003   0.004   0.004
    0.004   0.005   0.005   0.006   0.006   0.007   0.007   0.008   0.009   0.010   0.011   0.012   0.013   0.015   0.016
    0.018   0.020   0.022   0.024   0.027   0.030   0.033   0.037   0.041   0.045   0.050   0.056   0.062   0.069   0.077
    0.085   0.095   0.105   0.117   0.130   0.145   0.160   0.178   0.196   0.216   0.238   0.260   0.283   0.306   0.327
    0.345   0.359   0.365   0.360   0.343   0.317   0.304   0.367   0.569   0.928   1.466   2.227   3.269   4.670   6.521
    8.923  11.989  15.827  20.534  26.174  32.764  40.243  48.468  57.218  66.204  75.052  83.311  90.476  96.008  99.359
  100.000  97.491  92.158  84.668  75.728  66.033  56.187  46.684  37.898  30.073  23.337  17.716  13.159   9.568   6.816
    4.761   3.266   2.202   1.460   0.954   0.614   0.390   0.244   0.151   0.091   0.055   0.032   0.018   0.010   0.005
    0.003   0.001   0.001   0.001   0.001   0.001   0.001   0.001   0.001   0.001   0.000   0.000   0.000   0.000   0.000
    0.000   0.000   0.000   0.000   0.000   0.000   0.000   0.000   0.000   0.000   0.000   0.000   0.000   0.000   0.000
    0.000   0.000   0.000   0.000   0.000   0.000   0.000   0.000   0.000   0.000   0.000   0.000   0.000   0.000   0.000
    0.000   0.000   0.000   0.000   0.000   0.000   0.000   0.000   0.000   0.000   0.000   0.000   0.000   0.000   0.000
    0.000
0Binding Energies: (6Li      # 1 / d        # 1)(BE =  2.225)-(23Na     # 1 / 19F      # 1)(BE =  2.034)- DISCREPANCY = -9.1840
 STOPPING, as some coupling failures
    See WARNING messages above
