 FRESCO - FRES 2.3: Coupled Reaction Channels
 Assuming NAMELIST input.

 Amer 2025 Fit 19F+d                                                             

   0.050  30.000   0.500   0.000   0.000   0.000   0.000   0.000   0.000   0.000

 Centre-of-mass Range is    602 * 0.0500 fm., Maximum at  30.00 fm., Interpolating NL forms every  0.50 fm.
 Non - locality width is      4 * 0.0500 fm., Maximum of   0.15 fm., Centred at  0.00 fm.
 2-Nucleon Separation of      0 * 0.5000 fm., Maximum of   0.00 fm., Minimum at  0.00 fm.
 Maximum single particle bins of 30.0000 fm.
               M,Mint =  601 601


 Range of total J is     0.0 <= J <=    60.0 and Absorbtion =>     0.0100 mb.
 Dry Run = F, CC set limits =  0  0, Relativistic kinematics =  , Both/Far/Near Analyses =  1

 Cross Sections (and up to T0 for 0=projectile) for Theta from   0.0 to 180.0 in steps of  1.0 degrees.  Coordinates = 0 (Mads)

 Lower Radial Cutoff = maximum of -1.60*L*h &       0.0 fm.,  Lower Cutoff for Couplings =   0.0  fm.


 Iterate Couplings between   0 and   0 times, to  0.000 % if sooner.                                          
  Block solved exactly =   0 chs., with Pade = 0 & Isocen =  =0, NOSOL = F
  NL quadrature with   18 Gaussian points, Calculate multipoles up to    66 from   0
  M-transfers for lp+lt greater than or equal to  6, Angular Integration Cutoff below  2.7778 %


 Trace switches are :  CHANS =  1, LISTCC =  0, TRENEG =  0, CDETR =  0, SMATS =  2, XSTABL =  1, NLPL =  0

                       WAVES =  0, LAMPL =  0, VEFF =  0, KFUS =  0, WDISK =  0, BPM =  0, MELFIL =  0

                       CDCC =  0, NFUS =  0

 Using unit mass = 1.000000 amu and 1/fine-structure constant = 137.03599 ( 1.000000 * true ) with hc = 197.32705 MeV.fm,
  thus 2*amu/hbar^2 = 0.0478450 = 1/20.9008 and Coulomb constant = 0.1574855 so e^2 = 1.43997, and nuclear magneton= 0.1261183

 Now pre-scan input and save to file 3

Allocating FORMF(  602       5) in   0.000 GB


 *********** PARTITION NUMBER  1 ******************************************************************************************

   PROJ=d          MASS=  2.0140 Z=   1.0,        # STATES=  1T, TARG=19F      MASS= 18.9980 Z=   9.0,     Q-VALUE =   0.0000 MEV.

  1:  J= 1.0+ (B# 1), E=  0.0000, K= 0.0              Potl#  1       J= 0.5+ (B# 1), E=  0.0000, K= 0.5    


 ************************************************************************************************************************************

 The following POTENTIALS are defined :

  KP#       TYPE      IT    SHAPE      at     V1        r1        a1        V2        r2        a2        A-in     A-used


                                            A#1       A#2        r0c       ac                                                h @ 1
    1    0=Coulomb       0=CHARGE (WS)  1    18.998     0.000    1.3030    0.0000    0.0000    0.0000     0.000    18.998   0.05000

    1    1=Volume        0=Woods-Saxon  2   78.1200    1.1771    0.7650    0.0000    0.0000    0.0000     0.000    18.998

    1    1=Volume        0=Woods-Saxon  3    0.0000    0.0000    0.0000    1.6400    1.1771    0.5670     0.000    18.998

    1    2=Surface       0=Woods-Saxon  4   14.3700    1.1771    0.7640    0.0000    0.0000    0.0000     0.000    18.998

    1    3=Projtl S.O.   0=Woods-Saxon  5    3.5570    0.9720    1.0110    0.0000    0.0000    0.0000     0.000    18.998
0Incoming partition  1 in excitation state # 1,   Laboratory Energy given for partition  1 Nucleus 1 in Excitation pair 1

0Lab. ENERGY ranges :

   from    2.10000     to   0.00000     in     0 intervals
   from    0.00000     to   0.00000     in     0 intervals
   from    0.00000     to   0.00000     in     0 intervals

 Largest real,imaginary parts of any form factor at R=   29.45 are   4.89E-02  1.16E-20 MeV
 Finished all Couplings @  0.

 Symmetric Hamiltonian
1***********************************************************************************************************************************
************************************************************************************************************************************

        INCOMING d        ;    LABORATORY d        ENERGY =   2.1000     MeV.

 ***********************************************************************************************************************************
 ***********************************************************************************************************************************


  NOTE: Coulomb excitation cut off below   2.629 deg by JTMAX, and below  13.036 deg by Rmax

 Allocate arrays for  2  channels, of which  2  need wfs.

 ######################################################################################################################
 #                                                                                                                    #
 # Total SPIN and PARITY =     0.5 +,  2 channels,  0 in 1st block.  Rmin & Coul turning =    0.0    6.8 fm.  #
 #                                                                                                                    #
 ######################################################################################################################



   C Projectl Target   # EX.   (L  Proj) J  + Targ = Jtotal     E-cm      Re K     Re Eta     RM*K            CH
   1 d        19F      # 1 : I   0 1.0    1.0  0.5     0.5     1.89872   0.40672   1.38804   12.2017  -0.52087   0.11370 1 1 1 1
   2 d        19F      # 1 : I   2 1.0    1.0  0.5     0.5     1.89872   0.40672   1.38804   12.2017  -0.01557   0.53996 1 1 1 1
   S-matrix    1 =   -0.49038   0.20176 for L=    0, J=    1.0 channel on core I =   0.5 from L=    0,  Acc. loss =  0.0 D.
 Elastic phase shift   1 =   78.818  18.174 deg. for the L =    0, J =    1.0 channel.
       0.5 -0.49038145  0.20175536i: elastic S-matrix  @@      0.00  0   0 F  0
 Reaction Xsec     0.5+/ 0 @ 1 =  45.504 , Out:   0.000#

   S-matrix    2 =    0.97477   0.12685 for L=    2, J=    1.0 channel on core I =   0.5 from L=    2,  Acc. loss =  0.0 D.
 Elastic phase shift   2 =    3.707   0.492 deg. for the L =    2, J =    1.0 channel.
       0.5  0.97476866  0.12685373i: elastic S-matrix  @@      0.00  0   0 F  0
 Reaction Xsec     0.5+/ 2 @ 2 =   2.136 , Out:   0.000#


 Total SPIN, PARITY =     0.5 -,   2 chs,   0 cc.  Rmin & Coul turning =    0.0    6.8
   S-matrix    1 =    0.93019  -0.22425 for L=    1, J=    0.0 channel on core I =   0.5 from L=    1,  Acc. loss =  0.0 D.
 Elastic phase shift   1 =   -6.777   1.264 deg. for the L =    1, J =    0.0 channel.
       0.5  0.93018701 -0.22425441i: elastic S-matrix  @@      0.00  0   0 F  0
 Reaction Xsec     0.5-/ 1 @ 1 =   5.347 , Out:   0.000#

   S-matrix    2 =    0.94584  -0.16962 for L=    1, J=    1.0 channel on core I =   0.5 from L=    1,  Acc. loss =  0.0 D.
 Elastic phase shift   2 =   -5.084   1.142 deg. for the L =    1, J =    1.0 channel.
       0.5  0.94583983 -0.16962479i: elastic S-matrix  @@      0.00  0   0 F  0
 Reaction Xsec     0.5-/ 1 @ 2 =   4.850 , Out:   0.000#

 Allocate arrays for  3  channels, of which  3  need wfs.

 Total SPIN, PARITY =     1.5 +,   3 chs,   0 cc.  Rmin & Coul turning =    0.1    8.3
   S-matrix    1 =   -0.49038   0.20176 for L=    0, J=    1.0 channel on core I =   0.5 from L=    0,  Acc. loss =  0.0 D.
 Elastic phase shift   1 =   78.818  18.174 deg. for the L =    0, J =    1.0 channel.
       1.5 -0.49038145  0.20175536i: elastic S-matrix  @@      0.00  0   0 F  0
 Reaction Xsec     1.5+/ 0 @ 1 =  91.009 , Out:   0.000#

   S-matrix    2 =    0.97477   0.12685 for L=    2, J=    1.0 channel on core I =   0.5 from L=    2,  Acc. loss =  0.0 D.
 Elastic phase shift   2 =    3.707   0.492 deg. for the L =    2, J =    1.0 channel.
       1.5  0.97476866  0.12685373i: elastic S-matrix  @@      0.00  0   0 F  0
 Reaction Xsec     1.5+/ 2 @ 2 =   4.271 , Out:   0.000#

   S-matrix    3 =    0.94611   0.19554 for L=    2, J=    2.0 channel on core I =   0.5 from L=    2,  Acc. loss =  0.0 D.
 Elastic phase shift   3 =    5.839   0.988 deg. for the L =    2, J =    2.0 channel.
       1.5  0.94611435  0.19553674i: elastic S-matrix  @@      0.00  0   0 F  0
 Reaction Xsec     1.5+/ 2 @ 3 =   8.436 , Out:   0.000#


 Total SPIN, PARITY =     1.5 -,   3 chs,   0 cc.  Rmin & Coul turning =    0.1    8.3
   S-matrix    1 =    0.94584  -0.16962 for L=    1, J=    1.0 channel on core I =   0.5 from L=    1,  Acc. loss =  0.0 D.
 Elastic phase shift   1 =   -5.084   1.142 deg. for the L =    1, J =    1.0 channel.
       1.5  0.94583983 -0.16962479i: elastic S-matrix  @@      0.00  0   0 F  0
 Reaction Xsec     1.5-/ 1 @ 1 =   9.700 , Out:   0.000#

   S-matrix    2 =    0.96138  -0.06533 for L=    1, J=    2.0 channel on core I =   0.5 from L=    1,  Acc. loss =  0.0 D.
 Elastic phase shift   2 =   -1.944   1.062 deg. for the L =    1, J =    2.0 channel.
       1.5  0.96137538 -0.06533363i: elastic S-matrix  @@      0.00  0   0 F  0
 Reaction Xsec     1.5-/ 1 @ 2 =   9.051 , Out:   0.000#

   S-matrix    3 =    0.99296  -0.01023 for L=    3, J=    2.0 channel on core I =   0.5 from L=    3,  Acc. loss =  0.0 D.
 Elastic phase shift   3 =   -0.295   0.201 deg. for the L =    3, J =    2.0 channel.
       1.5  0.99295852 -0.01022859i: elastic S-matrix  @@      0.00  0   0 F  0
 Reaction Xsec     1.5-/ 3 @ 3 =   1.763 , Out:   0.000#


 Total SPIN, PARITY =     2.5 +,   3 chs,   0 cc.  Rmin & Coul turning =    0.2   10.3
   S-matrix    1 =    0.94611   0.19554 for L=    2, J=    2.0 channel on core I =   0.5 from L=    2,  Acc. loss =  0.0 D.
 Elastic phase shift   1 =    5.839   0.988 deg. for the L =    2, J =    2.0 channel.
       2.5  0.94611435  0.19553674i: elastic S-matrix  @@      0.00  0   0 F  0
 Reaction Xsec     2.5+/ 2 @ 1 =  12.654 , Out:   0.000#

   S-matrix    2 =    0.59271   0.39058 for L=    2, J=    3.0 channel on core I =   0.5 from L=    2,  Acc. loss =  0.0 D.
 Elastic phase shift   2 =   16.692   9.818 deg. for the L =    2, J =    3.0 channel.
       2.5  0.59271039  0.39058478i: elastic S-matrix  @@      0.00  0   0 F  0
 Reaction Xsec     2.5+/ 2 @ 2 =  94.223 , Out:   0.000#

   S-matrix    3 =    0.99997   0.00144 for L=    4, J=    3.0 channel on core I =   0.5 from L=    4,  Acc. loss =  0.0 D.
 Elastic phase shift   3 =    0.041   0.001 deg. for the L =    4, J =    3.0 channel.
       2.5  0.99996759  0.00143617i: elastic S-matrix  @@      0.00  0   0 F  0
 Reaction Xsec     2.5+/ 4 @ 3 =   0.012 , Out:   0.000#


 Total SPIN, PARITY =     2.5 -,   3 chs,   0 cc.  Rmin & Coul turning =    0.2   10.3
   S-matrix    1 =    0.96138  -0.06533 for L=    1, J=    2.0 channel on core I =   0.5 from L=    1,  Acc. loss =  0.0 D.
 Elastic phase shift   1 =   -1.944   1.062 deg. for the L =    1, J =    2.0 channel.
       2.5  0.96137538 -0.06533363i: elastic S-matrix  @@      0.00  0   0 F  0
 Reaction Xsec     2.5-/ 1 @ 1 =  13.577 , Out:   0.000#

   S-matrix    2 =    0.99296  -0.01023 for L=    3, J=    2.0 channel on core I =   0.5 from L=    3,  Acc. loss =  0.0 D.
 Elastic phase shift   2 =   -0.295   0.201 deg. for the L =    3, J =    2.0 channel.
       2.5  0.99295852 -0.01022859i: elastic S-matrix  @@      0.00  0   0 F  0
 Reaction Xsec     2.5-/ 3 @ 2 =   2.645 , Out:   0.000#

   S-matrix    3 =    0.99807   0.00359 for L=    3, J=    3.0 channel on core I =   0.5 from L=    3,  Acc. loss =  0.0 D.
 Elastic phase shift   3 =    0.103   0.055 deg. for the L =    3, J =    3.0 channel.
       2.5  0.99807231  0.00358944i: elastic S-matrix  @@      0.00  0   0 F  0
 Reaction Xsec     2.5-/ 3 @ 3 =   0.729 , Out:   0.000#


 Total SPIN, PARITY =     3.5 +,   3 chs,   0 cc.  Rmin & Coul turning =    0.2   12.6
   S-matrix    1 =    0.59271   0.39058 for L=    2, J=    3.0 channel on core I =   0.5 from L=    2,  Acc. loss =  0.0 D.
 Elastic phase shift   1 =   16.692   9.818 deg. for the L =    2, J =    3.0 channel.
       3.5  0.59271039  0.39058478i: elastic S-matrix  @@      0.00  0   0 F  0
 Reaction Xsec     3.5+/ 2 @ 1 = 125.630 , Out:   0.000#

   S-matrix    2 =    0.99997   0.00144 for L=    4, J=    3.0 channel on core I =   0.5 from L=    4,  Acc. loss =  0.0 D.
 Elastic phase shift   2 =    0.041   0.001 deg. for the L =    4, J =    3.0 channel.
       3.5  0.99996759  0.00143617i: elastic S-matrix  @@      0.00  0   0 F  0
 Reaction Xsec     3.5+/ 4 @ 2 =   0.016 , Out:   0.000#

   S-matrix    3 =    0.99995   0.00195 for L=    4, J=    4.0 channel on core I =   0.5 from L=    4,  Acc. loss =  0.0 D.
 Elastic phase shift   3 =    0.056   0.001 deg. for the L =    4, J =    4.0 channel.
       3.5  0.99994870  0.00194767i: elastic S-matrix  @@      0.00  0   0 F  0
 Reaction Xsec     3.5+/ 4 @ 3 =   0.025 , Out:   0.000#


 Total SPIN, PARITY =     3.5 -,   3 chs,   0 cc.  Rmin & Coul turning =    0.2   12.6
   S-matrix    1 =    0.99807   0.00359 for L=    3, J=    3.0 channel on core I =   0.5 from L=    3,  Acc. loss =  0.0 D.
 Elastic phase shift   1 =    0.103   0.055 deg. for the L =    3, J =    3.0 channel.
       3.5  0.99807231  0.00358944i: elastic S-matrix  @@      0.00  0   0 F  0
 Reaction Xsec     3.5-/ 3 @ 1 =   0.972 , Out:   0.000#

   S-matrix    2 =    0.99886   0.01216 for L=    3, J=    4.0 channel on core I =   0.5 from L=    3,  Acc. loss =  0.0 D.
 Elastic phase shift   2 =    0.349   0.030 deg. for the L =    3, J =    4.0 channel.
       3.5  0.99886420  0.01216437i: elastic S-matrix  @@      0.00  0   0 F  0
 Reaction Xsec     3.5-/ 3 @ 2 =   0.537 , Out:   0.000#

   S-matrix    3 =    0.99999   0.00013 for L=    5, J=    4.0 channel on core I =   0.5 from L=    5,  Acc. loss =  0.0 D.
 Elastic phase shift   3 =    0.004   0.000 deg. for the L =    5, J =    4.0 channel.
       3.5  0.99998805  0.00013178i: elastic S-matrix  @@      0.00  0   0 F  0
 Reaction Xsec     3.5-/ 5 @ 3 =   6.047/, Out:   0.000#


 Total SPIN, PARITY =     4.5 +,   3 chs,   0 cc.  Rmin & Coul turning =    0.3   14.9
   S-matrix    1 =    0.99995   0.00195 for L=    4, J=    4.0 channel on core I =   0.5 from L=    4,  Acc. loss =  0.0 D.
 Elastic phase shift   1 =    0.056   0.001 deg. for the L =    4, J =    4.0 channel.
       4.5  0.99994870  0.00194767i: elastic S-matrix  @@      0.00  0   0 F  0
 Reaction Xsec     4.5+/ 4 @ 1 =   0.031 , Out:   0.000#

   S-matrix    2 =    0.99976   0.00309 for L=    4, J=    5.0 channel on core I =   0.5 from L=    4,  Acc. loss =  0.0 D.
 Elastic phase shift   2 =    0.089   0.007 deg. for the L =    4, J =    5.0 channel.
       4.5  0.99975960  0.00309063i: elastic S-matrix  @@      0.00  0   0 F  0
 Reaction Xsec     4.5+/ 4 @ 2 =   0.149 , Out:   0.000#

   S-matrix    3 =    1.00000   0.00001 for L=    6, J=    5.0 channel on core I =   0.5 from L=    6,  Acc. loss =  0.0 D.
 Elastic phase shift   3 =    0.000   0.000 deg. for the L =    6, J =    5.0 channel.
       4.5  0.99999999  0.00000639i: elastic S-matrix  @@      0.00  0   0 F  0
 Reaction Xsec     4.5+/ 6 @ 3 =   8.307#, Out:   0.000#


 Total SPIN, PARITY =     4.5 -,   3 chs,   0 cc.  Rmin & Coul turning =    0.3   14.9
   S-matrix    1 =    0.99886   0.01216 for L=    3, J=    4.0 channel on core I =   0.5 from L=    3,  Acc. loss =  0.0 D.
 Elastic phase shift   1 =    0.349   0.030 deg. for the L =    3, J =    4.0 channel.
       4.5  0.99886420  0.01216437i: elastic S-matrix  @@      0.00  0   0 F  0
 Reaction Xsec     4.5-/ 3 @ 1 =   0.672 , Out:   0.000#

   S-matrix    2 =    0.99999   0.00013 for L=    5, J=    4.0 channel on core I =   0.5 from L=    5,  Acc. loss =  0.0 D.
 Elastic phase shift   2 =    0.004   0.000 deg. for the L =    5, J =    4.0 channel.
       4.5  0.99998805  0.00013178i: elastic S-matrix  @@      0.00  0   0 F  0
 Reaction Xsec     4.5-/ 5 @ 2 =   7.559/, Out:   0.000#

   S-matrix    3 =    1.00000   0.00014 for L=    5, J=    5.0 channel on core I =   0.5 from L=    5,  Acc. loss =  0.0 D.
 Elastic phase shift   3 =    0.004   0.000 deg. for the L =    5, J =    5.0 channel.
       4.5  0.99999600  0.00013567i: elastic S-matrix  @@      0.00  0   0 F  0
 Reaction Xsec     4.5-/ 5 @ 3 =   2.529/, Out:   0.000#


 Total SPIN, PARITY =     5.5 +,   3 chs,   0 cc.  Rmin & Coul turning =    0.4   17.3
   S-matrix    1 =    0.99976   0.00309 for L=    4, J=    5.0 channel on core I =   0.5 from L=    4,  Acc. loss =  0.0 D.
 Elastic phase shift   1 =    0.089   0.007 deg. for the L =    4, J =    5.0 channel.
       5.5  0.99975960  0.00309063i: elastic S-matrix  @@      0.00  0   0 F  0
 Reaction Xsec     5.5+/ 4 @ 1 =   0.179 , Out:   0.000#

   S-matrix    2 =    1.00000   0.00001 for L=    6, J=    5.0 channel on core I =   0.5 from L=    6,  Acc. loss =  0.0 D.
 Elastic phase shift   2 =    0.000   0.000 deg. for the L =    6, J =    5.0 channel.
       5.5  0.99999999  0.00000639i: elastic S-matrix  @@      0.00  0   0 F  0
 Reaction Xsec     5.5+/ 6 @ 2 =   9.968#, Out:   0.000#

   S-matrix    3 =    1.00000   0.00001 for L=    6, J=    6.0 channel on core I =   0.5 from L=    6,  Acc. loss =  0.0 D.
 Elastic phase shift   3 =    0.000   0.000 deg. for the L =    6, J =    6.0 channel.
       5.5  0.99999998  0.00001290i: elastic S-matrix  @@      0.00  0   0 F  0
 Reaction Xsec     5.5+/ 6 @ 3 =   0.013/, Out:   0.000#

 Finished all CC sets @  0.
0CUMULATIVE REACTION cross section                 =  434.13509  <L> =     2.25  <L**2> =      6.1
0CUMULATIVE outgoing cross sections in partition 1 :    0.00000
0Cumulative ABSORBTION by Imaginary Potentials     =  434.13509  <L> =     2.25  <L**2> =      6.1
   Fusion for specific d        M-states : 1494.202779 1624.727535 1494.202779
0CUMULATIVE OUTGOING cross section                 =    0.00000
 To convert to S-factors (MeV.mb = keV.b),  multiply by  1.1644E+04


 CROSS SECTIONS FOR OUTGOING d        & 19F      in state # 1 with spins & parities 1.0  + & 0.5  +;  0

     0.01 deg.: X-S =   5.0207E+17 mb/sr,
+                                         /R =   1.0000E+00
     1.00 deg.: X-S =   5.0215E+09 mb/sr,
+                                         /R =   1.0001E+00
     2.00 deg.: X-S =   3.1390E+08 mb/sr,
+                                         /R =   1.0001E+00
     3.00 deg.: X-S =   6.1956E+07 mb/sr,
+                                         /R =   9.9910E-01
     4.00 deg.: X-S =   1.9586E+07 mb/sr,
+                                         /R =   9.9787E-01
     5.00 deg.: X-S =   8.0226E+06 mb/sr,
+                                         /R =   9.9743E-01
     6.00 deg.: X-S =   3.8741E+06 mb/sr,
+                                         /R =   9.9822E-01
     7.00 deg.: X-S =   2.0968E+06 mb/sr,
+                                         /R =   1.0002E+00
     8.00 deg.: X-S =   1.2337E+06 mb/sr,
+                                         /R =   1.0032E+00
     9.00 deg.: X-S =   7.7366E+05 mb/sr,
+                                         /R =   1.0069E+00
    10.00 deg.: X-S =   5.1005E+05 mb/sr,
+                                         /R =   1.0108E+00
    11.00 deg.: X-S =   3.5005E+05 mb/sr,
+                                         /R =   1.0146E+00
    12.00 deg.: X-S =   2.4828E+05 mb/sr,
+                                         /R =   1.0180E+00
    13.00 deg.: X-S =   1.8099E+05 mb/sr,
+                                         /R =   1.0208E+00
    14.00 deg.: X-S =   1.3502E+05 mb/sr,
+                                         /R =   1.0229E+00
    15.00 deg.: X-S =   1.0273E+05 mb/sr,
+                                         /R =   1.0241E+00
    16.00 deg.: X-S =   7.9513E+04 mb/sr,
+                                         /R =   1.0245E+00
    17.00 deg.: X-S =   6.2467E+04 mb/sr,
+                                         /R =   1.0240E+00
    18.00 deg.: X-S =   4.9727E+04 mb/sr,
+                                         /R =   1.0228E+00
    19.00 deg.: X-S =   4.0053E+04 mb/sr,
+                                         /R =   1.0208E+00
    20.00 deg.: X-S =   3.2603E+04 mb/sr,
+                                         /R =   1.0181E+00
    21.00 deg.: X-S =   2.6795E+04 mb/sr,
+                                         /R =   1.0149E+00
    22.00 deg.: X-S =   2.2214E+04 mb/sr,
+                                         /R =   1.0113E+00
    23.00 deg.: X-S =   1.8564E+04 mb/sr,
+                                         /R =   1.0073E+00
    24.00 deg.: X-S =   1.5630E+04 mb/sr,
+                                         /R =   1.0030E+00
    25.00 deg.: X-S =   1.3250E+04 mb/sr,
+                                         /R =   9.9863E-01
    26.00 deg.: X-S =   1.1304E+04 mb/sr,
+                                         /R =   9.9411E-01
    27.00 deg.: X-S =  9701.647848 mb/sr,
+                                         /R =   9.8955E-01
    28.00 deg.: X-S =  8372.994004 mb/sr,
+                                         /R =   9.8499E-01
    29.00 deg.: X-S =  7264.109325 mb/sr,
+                                         /R =   9.8046E-01
    30.00 deg.: X-S =  6332.956962 mb/sr,
+                                         /R =   9.7598E-01
    31.00 deg.: X-S =  5546.487274 mb/sr,
+                                         /R =   9.7155E-01
    32.00 deg.: X-S =  4878.523000 mb/sr,
+                                         /R =   9.6714E-01
    33.00 deg.: X-S =  4308.187296 mb/sr,
+                                         /R =   9.6275E-01
    34.00 deg.: X-S =  3818.723895 mb/sr,
+                                         /R =   9.5832E-01
    35.00 deg.: X-S =  3396.603568 mb/sr,
+                                         /R =   9.5381E-01
    36.00 deg.: X-S =  3030.841702 mb/sr,
+                                         /R =   9.4917E-01
    37.00 deg.: X-S =  2712.473029 mb/sr,
+                                         /R =   9.4433E-01
    38.00 deg.: X-S =  2434.144331 mb/sr,
+                                         /R =   9.3921E-01
    39.00 deg.: X-S =  2189.796482 mb/sr,
+                                         /R =   9.3376E-01
    40.00 deg.: X-S =  1974.414609 mb/sr,
+                                         /R =   9.2789E-01
    41.00 deg.: X-S =  1783.830619 mb/sr,
+                                         /R =   9.2152E-01
    42.00 deg.: X-S =  1614.566225 mb/sr,
+                                         /R =   9.1458E-01
    43.00 deg.: X-S =  1463.707499 mb/sr,
+                                         /R =   9.0700E-01
    44.00 deg.: X-S =  1328.804125 mb/sr,
+                                         /R =   8.9870E-01
    45.00 deg.: X-S =  1207.788114 mb/sr,
+                                         /R =   8.8961E-01
    46.00 deg.: X-S =  1098.907914 mb/sr,
+                                         /R =   8.7968E-01
    47.00 deg.: X-S =  1000.674797 mb/sr,
+                                         /R =   8.6884E-01
    48.00 deg.: X-S =   911.819045 mb/sr,
+                                         /R =   8.5706E-01
    49.00 deg.: X-S =   831.254021 mb/sr,
+                                         /R =   8.4429E-01
    50.00 deg.: X-S =   758.046603 mb/sr,
+                                         /R =   8.3050E-01
    51.00 deg.: X-S =   691.392765 mb/sr,
+                                         /R =   8.1567E-01
    52.00 deg.: X-S =   630.597350 mb/sr,
+                                         /R =   7.9978E-01
    53.00 deg.: X-S =   575.057266 mb/sr,
+                                         /R =   7.8284E-01
    54.00 deg.: X-S =   524.247485 mb/sr,
+                                         /R =   7.6485E-01
    55.00 deg.: X-S =   477.709343 mb/sr,
+                                         /R =   7.4582E-01
    56.00 deg.: X-S =   435.040738 mb/sr,
+                                         /R =   7.2580E-01
    57.00 deg.: X-S =   395.887904 mb/sr,
+                                         /R =   7.0481E-01
    58.00 deg.: X-S =   359.938486 mb/sr,
+                                         /R =   6.8291E-01
    59.00 deg.: X-S =   326.915691 mb/sr,
+                                         /R =   6.6015E-01
    60.00 deg.: X-S =   296.573355 mb/sr,
+                                         /R =   6.3659E-01
    61.00 deg.: X-S =   268.691754 mb/sr,
+                                         /R =   6.1232E-01
    62.00 deg.: X-S =   243.074052 mb/sr,
+                                         /R =   5.8742E-01
    63.00 deg.: X-S =   219.543280 mb/sr,
+                                         /R =   5.6197E-01
    64.00 deg.: X-S =   197.939764 mb/sr,
+                                         /R =   5.3607E-01
    65.00 deg.: X-S =   178.118922 mb/sr,
+                                         /R =   5.0983E-01
    66.00 deg.: X-S =   159.949388 mb/sr,
+                                         /R =   4.8336E-01
    67.00 deg.: X-S =   143.311404 mb/sr,
+                                         /R =   4.5676E-01
    68.00 deg.: X-S =   128.095433 mb/sr,
+                                         /R =   4.3016E-01
    69.00 deg.: X-S =   114.200977 mb/sr,
+                                         /R =   4.0368E-01
    70.00 deg.: X-S =   101.535552 mb/sr,
+                                         /R =   3.7743E-01
    71.00 deg.: X-S =    90.013806 mb/sr,
+                                         /R =   3.5154E-01
    72.00 deg.: X-S =    79.556759 mb/sr,
+                                         /R =   3.2614E-01
    73.00 deg.: X-S =    70.091142 mb/sr,
+                                         /R =   3.0135E-01
    74.00 deg.: X-S =    61.548827 mb/sr,
+                                         /R =   2.7728E-01
    75.00 deg.: X-S =    53.866328 mb/sr,
+                                         /R =   2.5407E-01
    76.00 deg.: X-S =    46.984374 mb/sr,
+                                         /R =   2.3183E-01
    77.00 deg.: X-S =    40.847526 mb/sr,
+                                         /R =   2.1068E-01
    78.00 deg.: X-S =    35.403853 mb/sr,
+                                         /R =   1.9072E-01
    79.00 deg.: X-S =    30.604639 mb/sr,
+                                         /R =   1.7206E-01
    80.00 deg.: X-S =    26.404136 mb/sr,
+                                         /R =   1.5481E-01
    81.00 deg.: X-S =    22.759334 mb/sr,
+                                         /R =   1.3906E-01
    82.00 deg.: X-S =    19.629770 mb/sr,
+                                         /R =   1.2489E-01
    83.00 deg.: X-S =    16.977349 mb/sr,
+                                         /R =   1.1240E-01
    84.00 deg.: X-S =    14.766193 mb/sr,
+                                         /R =   1.0166E-01
    85.00 deg.: X-S =    12.962501 mb/sr,
+                                         /R =   9.2741E-02
    86.00 deg.: X-S =    11.534423 mb/sr,
+                                         /R =   8.5700E-02
    87.00 deg.: X-S =    10.451955 mb/sr,
+                                         /R =   8.0593E-02
    88.00 deg.: X-S =     9.686832 mb/sr,
+                                         /R =   7.7467E-02
    89.00 deg.: X-S =     9.212440 mb/sr,
+                                         /R =   7.6361E-02
    90.00 deg.: X-S =     9.003734 mb/sr,
+                                         /R =   7.7306E-02
    91.00 deg.: X-S =     9.037157 mb/sr,
+                                         /R =   8.0325E-02
    92.00 deg.: X-S =     9.290577 mb/sr,
+                                         /R =   8.5434E-02
    93.00 deg.: X-S =     9.743214 mb/sr,
+                                         /R =   9.2641E-02
    94.00 deg.: X-S =    10.375586 mb/sr,
+                                         /R =   1.0195E-01
    95.00 deg.: X-S =    11.169448 mb/sr,
+                                         /R =   1.1335E-01
    96.00 deg.: X-S =    12.107740 mb/sr,
+                                         /R =   1.2683E-01
    97.00 deg.: X-S =    13.174538 mb/sr,
+                                         /R =   1.4237E-01
    98.00 deg.: X-S =    14.355001 mb/sr,
+                                         /R =   1.5995E-01
    99.00 deg.: X-S =    15.635328 mb/sr,
+                                         /R =   1.7953E-01
   100.00 deg.: X-S =    17.002716 mb/sr,
+                                         /R =   2.0109E-01
   101.00 deg.: X-S =    18.445312 mb/sr,
+                                         /R =   2.2457E-01
   102.00 deg.: X-S =    19.952173 mb/sr,
+                                         /R =   2.4995E-01
   103.00 deg.: X-S =    21.513229 mb/sr,
+                                         /R =   2.7716E-01
   104.00 deg.: X-S =    23.119239 mb/sr,
+                                         /R =   3.0616E-01
   105.00 deg.: X-S =    24.761757 mb/sr,
+                                         /R =   3.3690E-01
   106.00 deg.: X-S =    26.433089 mb/sr,
+                                         /R =   3.6931E-01
   107.00 deg.: X-S =    28.126262 mb/sr,
+                                         /R =   4.0335E-01
   108.00 deg.: X-S =    29.834983 mb/sr,
+                                         /R =   4.3894E-01
   109.00 deg.: X-S =    31.553605 mb/sr,
+                                         /R =   4.7604E-01
   110.00 deg.: X-S =    33.277093 mb/sr,
+                                         /R =   5.1458E-01
   111.00 deg.: X-S =    35.000986 mb/sr,
+                                         /R =   5.5451E-01
   112.00 deg.: X-S =    36.721367 mb/sr,
+                                         /R =   5.9575E-01
   113.00 deg.: X-S =    38.434826 mb/sr,
+                                         /R =   6.3827E-01
   114.00 deg.: X-S =    40.138428 mb/sr,
+                                         /R =   6.8199E-01
   115.00 deg.: X-S =    41.829682 mb/sr,
+                                         /R =   7.2686E-01
   116.00 deg.: X-S =    43.506507 mb/sr,
+                                         /R =   7.7283E-01
   117.00 deg.: X-S =    45.167199 mb/sr,
+                                         /R =   8.1985E-01
   118.00 deg.: X-S =    46.810405 mb/sr,
+                                         /R =   8.6787E-01
   119.00 deg.: X-S =    48.435089 mb/sr,
+                                         /R =   9.1684E-01
   120.00 deg.: X-S =    50.040503 mb/sr,
+                                         /R =   9.6671E-01
   121.00 deg.: X-S =    51.626159 mb/sr,
+                                         /R =   1.0174E+00
   122.00 deg.: X-S =    53.191801 mb/sr,
+                                         /R =   1.0690E+00
   123.00 deg.: X-S =    54.737375 mb/sr,
+                                         /R =   1.1213E+00
   124.00 deg.: X-S =    56.263008 mb/sr,
+                                         /R =   1.1744E+00
   125.00 deg.: X-S =    57.768978 mb/sr,
+                                         /R =   1.2282E+00
   126.00 deg.: X-S =    59.255689 mb/sr,
+                                         /R =   1.2826E+00
   127.00 deg.: X-S =    60.723652 mb/sr,
+                                         /R =   1.3377E+00
   128.00 deg.: X-S =    62.173456 mb/sr,
+                                         /R =   1.3935E+00
   129.00 deg.: X-S =    63.605753 mb/sr,
+                                         /R =   1.4498E+00
   130.00 deg.: X-S =    65.021231 mb/sr,
+                                         /R =   1.5066E+00
   131.00 deg.: X-S =    66.420602 mb/sr,
+                                         /R =   1.5640E+00
   132.00 deg.: X-S =    67.804575 mb/sr,
+                                         /R =   1.6219E+00
   133.00 deg.: X-S =    69.173848 mb/sr,
+                                         /R =   1.6803E+00
   134.00 deg.: X-S =    70.529084 mb/sr,
+                                         /R =   1.7391E+00
   135.00 deg.: X-S =    71.870904 mb/sr,
+                                         /R =   1.7983E+00
   136.00 deg.: X-S =    73.199866 mb/sr,
+                                         /R =   1.8579E+00
   137.00 deg.: X-S =    74.516461 mb/sr,
+                                         /R =   1.9178E+00
   138.00 deg.: X-S =    75.821096 mb/sr,
+                                         /R =   1.9781E+00
   139.00 deg.: X-S =    77.114088 mb/sr,
+                                         /R =   2.0386E+00
   140.00 deg.: X-S =    78.395654 mb/sr,
+                                         /R =   2.0994E+00
   141.00 deg.: X-S =    79.665905 mb/sr,
+                                         /R =   2.1603E+00
   142.00 deg.: X-S =    80.924840 mb/sr,
+                                         /R =   2.2213E+00
   143.00 deg.: X-S =    82.172344 mb/sr,
+                                         /R =   2.2825E+00
   144.00 deg.: X-S =    83.408181 mb/sr,
+                                         /R =   2.3436E+00
   145.00 deg.: X-S =    84.631995 mb/sr,
+                                         /R =   2.4047E+00
   146.00 deg.: X-S =    85.843309 mb/sr,
+                                         /R =   2.4657E+00
   147.00 deg.: X-S =    87.041525 mb/sr,
+                                         /R =   2.5265E+00
   148.00 deg.: X-S =    88.225927 mb/sr,
+                                         /R =   2.5871E+00
   149.00 deg.: X-S =    89.395680 mb/sr,
+                                         /R =   2.6473E+00
   150.00 deg.: X-S =    90.549839 mb/sr,
+                                         /R =   2.7072E+00
   151.00 deg.: X-S =    91.687352 mb/sr,
+                                         /R =   2.7665E+00
   152.00 deg.: X-S =    92.807063 mb/sr,
+                                         /R =   2.8252E+00
   153.00 deg.: X-S =    93.907721 mb/sr,
+                                         /R =   2.8832E+00
   154.00 deg.: X-S =    94.987989 mb/sr,
+                                         /R =   2.9405E+00
   155.00 deg.: X-S =    96.046449 mb/sr,
+                                         /R =   2.9968E+00
   156.00 deg.: X-S =    97.081611 mb/sr,
+                                         /R =   3.0521E+00
   157.00 deg.: X-S =    98.091925 mb/sr,
+                                         /R =   3.1064E+00
   158.00 deg.: X-S =    99.075790 mb/sr,
+                                         /R =   3.1594E+00
   159.00 deg.: X-S =   100.031561 mb/sr,
+                                         /R =   3.2111E+00
   160.00 deg.: X-S =   100.957565 mb/sr,
+                                         /R =   3.2613E+00
   161.00 deg.: X-S =   101.852106 mb/sr,
+                                         /R =   3.3100E+00
   162.00 deg.: X-S =   102.713484 mb/sr,
+                                         /R =   3.3570E+00
   163.00 deg.: X-S =   103.539997 mb/sr,
+                                         /R =   3.4023E+00
   164.00 deg.: X-S =   104.329960 mb/sr,
+                                         /R =   3.4456E+00
   165.00 deg.: X-S =   105.081711 mb/sr,
+                                         /R =   3.4870E+00
   166.00 deg.: X-S =   105.793624 mb/sr,
+                                         /R =   3.5262E+00
   167.00 deg.: X-S =   106.464123 mb/sr,
+                                         /R =   3.5633E+00
   168.00 deg.: X-S =   107.091685 mb/sr,
+                                         /R =   3.5980E+00
   169.00 deg.: X-S =   107.674857 mb/sr,
+                                         /R =   3.6304E+00
   170.00 deg.: X-S =   108.212264 mb/sr,
+                                         /R =   3.6602E+00
   171.00 deg.: X-S =   108.702615 mb/sr,
+                                         /R =   3.6875E+00
   172.00 deg.: X-S =   109.144717 mb/sr,
+                                         /R =   3.7121E+00
   173.00 deg.: X-S =   109.537478 mb/sr,
+                                         /R =   3.7340E+00
   174.00 deg.: X-S =   109.879916 mb/sr,
+                                         /R =   3.7531E+00
   175.00 deg.: X-S =   110.171169 mb/sr,
+                                         /R =   3.7693E+00
   176.00 deg.: X-S =   110.410495 mb/sr,
+                                         /R =   3.7827E+00
   177.00 deg.: X-S =   110.597282 mb/sr,
+                                         /R =   3.7931E+00
   178.00 deg.: X-S =   110.731047 mb/sr,
+                                         /R =   3.8006E+00
   179.00 deg.: X-S =   110.811445 mb/sr,
+                                         /R =   3.8051E+00
   179.99 deg.: X-S =   110.838265 mb/sr,
+                                         /R =   3.8066E+00
 Finished all xsecs @  0.015625

  The following files have been created:
   3:local copy of User input.            6:standard output.                   
   7:elastic  S-matrix elements.         13:total cross sections/state.        
  16:tables of cross sections.           38:cross sections for each J/pi.      
  39:cross sections for each Ecm.        40:all cross sectns. for each Elab.   
  45:scat phase shift as E functions.    56:Fusion for each Jtotal.            
 201:Separate cross sections.           

 PARAMETERS : MAXQRN   MFNL   MLOC  LMAX1 MCLIST
    ALLOWED :      1      9      5     80      7
    REQUIRED:      0      0      5      7      5


 ACCURACY ANALYSIS at     2.100 MeV :

  Elastic h*k = 0.020 so OK       compared with 0.200

   Real(S-el) > 0.01 first at J =       0.5
   Real(S-el) > 0.10 first at J =       0.5
   Real(S-el) > 0.50 first at J =       0.5
   Real(S-el) > 0.90 first at J =       0.5
   Real(S-el) > 0.99 first at J =       1.5
   R-turn =    17.31 fm    at J =       5.5

 Forward-angle excitation cut off below  26.510 deg by max JT =       5.5
                              and below  13.036 deg by max R.

 Total CPU  0 time =       0.02 seconds
