 FRESCO - FRES 2.3: Coupled Reaction Channels
 Assuming NAMELIST input.

 An & Cai 2006 Fit                                                               

   0.050  30.000   0.500   0.000   0.000   0.000   0.000   0.000   0.000   0.000

 Centre-of-mass Range is    602 * 0.0500 fm., Maximum at  30.00 fm., Interpolating NL forms every  0.50 fm.
 Non - locality width is      4 * 0.0500 fm., Maximum of   0.15 fm., Centred at  0.00 fm.
 2-Nucleon Separation of      0 * 0.5000 fm., Maximum of   0.00 fm., Minimum at  0.00 fm.
 Maximum single particle bins of 30.0000 fm.
               M,Mint =  601 601


 Range of total J is     0.0 <= J <=    60.0 and Absorbtion =>     0.0100 mb.
 Dry Run = F, CC set limits =  0  0, Relativistic kinematics =  , Both/Far/Near Analyses =  1

 Cross Sections (and up to T0 for 0=projectile) for Theta from   0.0 to 180.0 in steps of  1.0 degrees.  Coordinates = 0 (Mads)

 Lower Radial Cutoff = maximum of -1.60*L*h &       0.0 fm.,  Lower Cutoff for Couplings =   0.0  fm.


 Iterate Couplings between   0 and   0 times, to  0.000 % if sooner.                                          
  Block solved exactly =   0 chs., with Pade = 0 & Isocen =  =0, NOSOL = F
  NL quadrature with   18 Gaussian points, Calculate multipoles up to    66 from   0
  M-transfers for lp+lt greater than or equal to  6, Angular Integration Cutoff below  2.7778 %


 Trace switches are :  CHANS =  1, LISTCC =  0, TRENEG =  0, CDETR =  0, SMATS =  2, XSTABL =  1, NLPL =  0

                       WAVES =  0, LAMPL =  0, VEFF =  0, KFUS =  0, WDISK =  0, BPM =  0, MELFIL =  0

                       CDCC =  0, NFUS =  0

 Using unit mass = 1.000000 amu and 1/fine-structure constant = 137.03599 ( 1.000000 * true ) with hc = 197.32705 MeV.fm,
  thus 2*amu/hbar^2 = 0.0478450 = 1/20.9008 and Coulomb constant = 0.1574855 so e^2 = 1.43997, and nuclear magneton= 0.1261183

 Now pre-scan input and save to file 3

Allocating FORMF(  602       5) in   0.000 GB


 *********** PARTITION NUMBER  1 ******************************************************************************************

   PROJ=d          MASS=  2.0140 Z=   1.0,        # STATES=  1T, TARG=19F      MASS= 18.9980 Z=   9.0,     Q-VALUE =   0.0000 MEV.

  1:  J= 1.0+ (B# 1), E=  0.0000, K= 0.0              Potl#  1       J= 0.5+ (B# 1), E=  0.0000, K= 0.5    


 ************************************************************************************************************************************

 The following POTENTIALS are defined :

  KP#       TYPE      IT    SHAPE      at     V1        r1        a1        V2        r2        a2        A-in     A-used


                                            A#1       A#2        r0c       ac                                                h @ 1
    1    0=Coulomb       0=CHARGE (WS)  1    18.998     0.000    1.3030    0.0000    0.0000    0.0000     0.000    18.998   0.05000

    1    1=Volume        0=Woods-Saxon  2   93.5231    1.1491    0.7526    0.0000    0.0000    0.0000     0.000    18.998

    1    1=Volume        0=Woods-Saxon  3    0.0000    0.0000    0.0000    1.2271    1.3424    0.5882     0.000    18.998

    1    2=Surface       0=Woods-Saxon  4   10.7694    1.3910    0.6964    0.0000    0.0000    0.0000     0.000    18.998

    1    3=Projtl S.O.   0=Woods-Saxon  5    3.5570    0.9720    1.0110    0.0000    0.0000    0.0000     0.000    18.998
0Incoming partition  1 in excitation state # 1,   Laboratory Energy given for partition  1 Nucleus 1 in Excitation pair 1

0Lab. ENERGY ranges :

   from    1.97900     to   0.00000     in     0 intervals
   from    0.00000     to   0.00000     in     0 intervals
   from    0.00000     to   0.00000     in     0 intervals

 Largest real,imaginary parts of any form factor at R=   29.45 are   4.89E-02  9.73E-20 MeV
 Finished all Couplings @  0.

 Symmetric Hamiltonian
1***********************************************************************************************************************************
************************************************************************************************************************************

        INCOMING d        ;    LABORATORY d        ENERGY =   1.9790     MeV.

 ***********************************************************************************************************************************
 ***********************************************************************************************************************************


  NOTE: Coulomb excitation cut off below   2.708 deg by JTMAX, and below  13.833 deg by Rmax

 Allocate arrays for  2  channels, of which  2  need wfs.

 ######################################################################################################################
 #                                                                                                                    #
 # Total SPIN and PARITY =     0.5 +,  2 channels,  0 in 1st block.  Rmin & Coul turning =    0.0    7.2 fm.  #
 #                                                                                                                    #
 ######################################################################################################################



   C Projectl Target   # EX.   (L  Proj) J  + Targ = Jtotal     E-cm      Re K     Re Eta     RM*K            CH
   1 d        19F      # 1 : I   0 1.0    1.0  0.5     0.5     1.78931   0.39483   1.42985   11.8449  -0.42994   0.31929 1 1 1 1
   2 d        19F      # 1 : I   2 1.0    1.0  0.5     0.5     1.78931   0.39483   1.42985   11.8449   0.19039   0.50872 1 1 1 1
   S-matrix    1 =    0.32360  -0.80000 for L=    0, J=    1.0 channel on core I =   0.5 from L=    0,  Acc. loss =  0.0 D.
 Elastic phase shift   1 =  -33.988   4.222 deg. for the L =    0, J =    1.0 channel.
       0.5  0.32359831 -0.80000048i: elastic S-matrix  @@      0.00  0   0 F  0
 Reaction Xsec     0.5+/ 0 @ 1 =  17.149 , Out:   0.000#

   S-matrix    2 =    0.92522   0.20794 for L=    2, J=    1.0 channel on core I =   0.5 from L=    2,  Acc. loss =  0.0 D.
 Elastic phase shift   2 =    6.333   1.521 deg. for the L =    2, J =    1.0 channel.
       0.5  0.92521668  0.20793794i: elastic S-matrix  @@      0.00  0   0 F  0
 Reaction Xsec     0.5+/ 2 @ 2 =   6.767 , Out:   0.000#


 Total SPIN, PARITY =     0.5 -,   2 chs,   0 cc.  Rmin & Coul turning =    0.0    7.2
   S-matrix    1 =    0.97391  -0.03507 for L=    1, J=    0.0 channel on core I =   0.5 from L=    1,  Acc. loss =  0.0 D.
 Elastic phase shift   1 =   -1.031   0.739 deg. for the L =    1, J =    0.0 channel.
       0.5  0.97390877 -0.03507471i: elastic S-matrix  @@      0.00  0   0 F  0
 Reaction Xsec     0.5-/ 1 @ 1 =   3.377 , Out:   0.000#

   S-matrix    2 =    0.97329   0.00788 for L=    1, J=    1.0 channel on core I =   0.5 from L=    1,  Acc. loss =  0.0 D.
 Elastic phase shift   2 =    0.232   0.775 deg. for the L =    1, J =    1.0 channel.
       0.5  0.97328710  0.00787726i: elastic S-matrix  @@      0.00  0   0 F  0
 Reaction Xsec     0.5-/ 1 @ 2 =   3.537 , Out:   0.000#

 Allocate arrays for  3  channels, of which  3  need wfs.

 Total SPIN, PARITY =     1.5 +,   3 chs,   0 cc.  Rmin & Coul turning =    0.1    8.7
   S-matrix    1 =    0.32360  -0.80000 for L=    0, J=    1.0 channel on core I =   0.5 from L=    0,  Acc. loss =  0.0 D.
 Elastic phase shift   1 =  -33.988   4.222 deg. for the L =    0, J =    1.0 channel.
       1.5  0.32359831 -0.80000048i: elastic S-matrix  @@      0.00  0   0 F  0
 Reaction Xsec     1.5+/ 0 @ 1 =  34.297 , Out:   0.000#

   S-matrix    2 =    0.92522   0.20794 for L=    2, J=    1.0 channel on core I =   0.5 from L=    2,  Acc. loss =  0.0 D.
 Elastic phase shift   2 =    6.333   1.521 deg. for the L =    2, J =    1.0 channel.
       1.5  0.92521668  0.20793794i: elastic S-matrix  @@      0.00  0   0 F  0
 Reaction Xsec     1.5+/ 2 @ 2 =  13.534 , Out:   0.000#

   S-matrix    3 =    0.53457   0.29045 for L=    2, J=    2.0 channel on core I =   0.5 from L=    2,  Acc. loss =  0.0 D.
 Elastic phase shift   3 =   14.258  14.237 deg. for the L =    2, J =    2.0 channel.
       1.5  0.53456822  0.29044759i: elastic S-matrix  @@      0.00  0   0 F  0
 Reaction Xsec     1.5+/ 2 @ 3 =  84.624 , Out:   0.000#


 Total SPIN, PARITY =     1.5 -,   3 chs,   0 cc.  Rmin & Coul turning =    0.1    8.7
   S-matrix    1 =    0.97329   0.00788 for L=    1, J=    1.0 channel on core I =   0.5 from L=    1,  Acc. loss =  0.0 D.
 Elastic phase shift   1 =    0.232   0.775 deg. for the L =    1, J =    1.0 channel.
       1.5  0.97328710  0.00787726i: elastic S-matrix  @@      0.00  0   0 F  0
 Reaction Xsec     1.5-/ 1 @ 1 =   7.074 , Out:   0.000#

   S-matrix    2 =    0.96121   0.10549 for L=    1, J=    2.0 channel on core I =   0.5 from L=    1,  Acc. loss =  0.0 D.
 Elastic phase shift   2 =    3.131   0.962 deg. for the L =    1, J =    2.0 channel.
       1.5  0.96120596  0.10548597i: elastic S-matrix  @@      0.00  0   0 F  0
 Reaction Xsec     1.5-/ 1 @ 2 =   8.727 , Out:   0.000#

   S-matrix    3 =    0.99881   0.00166 for L=    3, J=    2.0 channel on core I =   0.5 from L=    3,  Acc. loss =  0.0 D.
 Elastic phase shift   3 =    0.048   0.034 deg. for the L =    3, J =    2.0 channel.
       1.5  0.99880660  0.00166272i: elastic S-matrix  @@      0.00  0   0 F  0
 Reaction Xsec     1.5-/ 3 @ 3 =   0.320 , Out:   0.000#


 Total SPIN, PARITY =     2.5 +,   3 chs,   0 cc.  Rmin & Coul turning =    0.2   10.8
   S-matrix    1 =    0.53457   0.29045 for L=    2, J=    2.0 channel on core I =   0.5 from L=    2,  Acc. loss =  0.0 D.
 Elastic phase shift   1 =   14.258  14.237 deg. for the L =    2, J =    2.0 channel.
       2.5  0.53456822  0.29044759i: elastic S-matrix  @@      0.00  0   0 F  0
 Reaction Xsec     2.5+/ 2 @ 1 = 126.935 , Out:   0.000#

   S-matrix    2 =    0.92061  -0.18526 for L=    2, J=    3.0 channel on core I =   0.5 from L=    2,  Acc. loss =  0.0 D.
 Elastic phase shift   2 =   -5.689   1.801 deg. for the L =    2, J =    3.0 channel.
       2.5  0.92061119 -0.18526448i: elastic S-matrix  @@      0.00  0   0 F  0
 Reaction Xsec     2.5+/ 2 @ 2 =  23.810 , Out:   0.000#

   S-matrix    3 =    0.99997   0.00100 for L=    4, J=    3.0 channel on core I =   0.5 from L=    4,  Acc. loss =  0.0 D.
 Elastic phase shift   3 =    0.029   0.001 deg. for the L =    4, J =    3.0 channel.
       2.5  0.99996822  0.00100396i: elastic S-matrix  @@      0.00  0   0 F  0
 Reaction Xsec     2.5+/ 4 @ 3 =   0.013 , Out:   0.000#


 Total SPIN, PARITY =     2.5 -,   3 chs,   0 cc.  Rmin & Coul turning =    0.2   10.8
   S-matrix    1 =    0.96121   0.10549 for L=    1, J=    2.0 channel on core I =   0.5 from L=    1,  Acc. loss =  0.0 D.
 Elastic phase shift   1 =    3.131   0.962 deg. for the L =    1, J =    2.0 channel.
       2.5  0.96120596  0.10548597i: elastic S-matrix  @@      0.00  0   0 F  0
 Reaction Xsec     2.5-/ 1 @ 1 =  13.090 , Out:   0.000#

   S-matrix    2 =    0.99881   0.00166 for L=    3, J=    2.0 channel on core I =   0.5 from L=    3,  Acc. loss =  0.0 D.
 Elastic phase shift   2 =    0.048   0.034 deg. for the L =    3, J =    2.0 channel.
       2.5  0.99880660  0.00166272i: elastic S-matrix  @@      0.00  0   0 F  0
 Reaction Xsec     2.5-/ 3 @ 2 =   0.480 , Out:   0.000#

   S-matrix    3 =    0.99924   0.00631 for L=    3, J=    3.0 channel on core I =   0.5 from L=    3,  Acc. loss =  0.0 D.
 Elastic phase shift   3 =    0.181   0.021 deg. for the L =    3, J =    3.0 channel.
       2.5  0.99924371  0.00630740i: elastic S-matrix  @@      0.00  0   0 F  0
 Reaction Xsec     2.5-/ 3 @ 3 =   0.297 , Out:   0.000#


 Total SPIN, PARITY =     3.5 +,   3 chs,   0 cc.  Rmin & Coul turning =    0.2   13.1
   S-matrix    1 =    0.92061  -0.18526 for L=    2, J=    3.0 channel on core I =   0.5 from L=    2,  Acc. loss =  0.0 D.
 Elastic phase shift   1 =   -5.689   1.801 deg. for the L =    2, J =    3.0 channel.
       3.5  0.92061119 -0.18526448i: elastic S-matrix  @@      0.00  0   0 F  0
 Reaction Xsec     3.5+/ 2 @ 1 =  31.747 , Out:   0.000#

   S-matrix    2 =    0.99997   0.00100 for L=    4, J=    3.0 channel on core I =   0.5 from L=    4,  Acc. loss =  0.0 D.
 Elastic phase shift   2 =    0.029   0.001 deg. for the L =    4, J =    3.0 channel.
       3.5  0.99996822  0.00100396i: elastic S-matrix  @@      0.00  0   0 F  0
 Reaction Xsec     3.5+/ 4 @ 2 =   0.017 , Out:   0.000#

   S-matrix    3 =    0.99993   0.00147 for L=    4, J=    4.0 channel on core I =   0.5 from L=    4,  Acc. loss =  0.0 D.
 Elastic phase shift   3 =    0.042   0.002 deg. for the L =    4, J =    4.0 channel.
       3.5  0.99992784  0.00147220i: elastic S-matrix  @@      0.00  0   0 F  0
 Reaction Xsec     3.5+/ 4 @ 3 =   0.038 , Out:   0.000#


 Total SPIN, PARITY =     3.5 -,   3 chs,   0 cc.  Rmin & Coul turning =    0.2   13.1
   S-matrix    1 =    0.99924   0.00631 for L=    3, J=    3.0 channel on core I =   0.5 from L=    3,  Acc. loss =  0.0 D.
 Elastic phase shift   1 =    0.181   0.021 deg. for the L =    3, J =    3.0 channel.
       3.5  0.99924371  0.00630740i: elastic S-matrix  @@      0.00  0   0 F  0
 Reaction Xsec     3.5-/ 3 @ 1 =   0.396 , Out:   0.000#

   S-matrix    2 =    0.99924   0.01152 for L=    3, J=    4.0 channel on core I =   0.5 from L=    3,  Acc. loss =  0.0 D.
 Elastic phase shift   2 =    0.330   0.020 deg. for the L =    3, J =    4.0 channel.
       3.5  0.99924398  0.01151531i: elastic S-matrix  @@      0.00  0   0 F  0
 Reaction Xsec     3.5-/ 3 @ 2 =   0.370 , Out:   0.000#

   S-matrix    3 =    0.99996   0.00007 for L=    5, J=    4.0 channel on core I =   0.5 from L=    5,  Acc. loss =  0.0 D.
 Elastic phase shift   3 =    0.002   0.001 deg. for the L =    5, J =    4.0 channel.
       3.5  0.99995528  0.00007312i: elastic S-matrix  @@      0.00  0   0 F  0
 Reaction Xsec     3.5-/ 5 @ 3 =   0.024 , Out:   0.000#


 Total SPIN, PARITY =     4.5 +,   3 chs,   0 cc.  Rmin & Coul turning =    0.3   15.5
   S-matrix    1 =    0.99993   0.00147 for L=    4, J=    4.0 channel on core I =   0.5 from L=    4,  Acc. loss =  0.0 D.
 Elastic phase shift   1 =    0.042   0.002 deg. for the L =    4, J =    4.0 channel.
       4.5  0.99992784  0.00147220i: elastic S-matrix  @@      0.00  0   0 F  0
 Reaction Xsec     4.5+/ 4 @ 1 =   0.048 , Out:   0.000#

   S-matrix    2 =    0.99757   0.00353 for L=    4, J=    5.0 channel on core I =   0.5 from L=    4,  Acc. loss =  0.0 D.
 Elastic phase shift   2 =    0.101   0.069 deg. for the L =    4, J =    5.0 channel.
       4.5  0.99757091  0.00352904i: elastic S-matrix  @@      0.00  0   0 F  0
 Reaction Xsec     4.5+/ 4 @ 2 =   1.626 , Out:   0.000#

   S-matrix    3 =    1.00000   0.00000 for L=    6, J=    5.0 channel on core I =   0.5 from L=    6,  Acc. loss =  0.0 D.
 Elastic phase shift   3 =    0.000   0.000 deg. for the L =    6, J =    5.0 channel.
       4.5  0.99999998  0.00000233i: elastic S-matrix  @@      0.00  0   0 F  0
 Reaction Xsec     4.5+/ 6 @ 3 =   0.011/, Out:   0.000#


 Total SPIN, PARITY =     4.5 -,   3 chs,   0 cc.  Rmin & Coul turning =    0.3   15.5
   S-matrix    1 =    0.99924   0.01152 for L=    3, J=    4.0 channel on core I =   0.5 from L=    3,  Acc. loss =  0.0 D.
 Elastic phase shift   1 =    0.330   0.020 deg. for the L =    3, J =    4.0 channel.
       4.5  0.99924398  0.01151531i: elastic S-matrix  @@      0.00  0   0 F  0
 Reaction Xsec     4.5-/ 3 @ 1 =   0.463 , Out:   0.000#

   S-matrix    2 =    0.99996   0.00007 for L=    5, J=    4.0 channel on core I =   0.5 from L=    5,  Acc. loss =  0.0 D.
 Elastic phase shift   2 =    0.002   0.001 deg. for the L =    5, J =    4.0 channel.
       4.5  0.99995528  0.00007312i: elastic S-matrix  @@      0.00  0   0 F  0
 Reaction Xsec     4.5-/ 5 @ 2 =   0.030 , Out:   0.000#

   S-matrix    3 =    1.00000   0.00008 for L=    5, J=    5.0 channel on core I =   0.5 from L=    5,  Acc. loss =  0.0 D.
 Elastic phase shift   3 =    0.002   0.000 deg. for the L =    5, J =    5.0 channel.
       4.5  0.99999817  0.00008037i: elastic S-matrix  @@      0.00  0   0 F  0
 Reaction Xsec     4.5-/ 5 @ 3 =   1.230/, Out:   0.000#


 Total SPIN, PARITY =     5.5 +,   3 chs,   0 cc.  Rmin & Coul turning =    0.4   18.0
   S-matrix    1 =    0.99757   0.00353 for L=    4, J=    5.0 channel on core I =   0.5 from L=    4,  Acc. loss =  0.0 D.
 Elastic phase shift   1 =    0.101   0.069 deg. for the L =    4, J =    5.0 channel.
       5.5  0.99757091  0.00352904i: elastic S-matrix  @@      0.00  0   0 F  0
 Reaction Xsec     5.5+/ 4 @ 1 =   1.951 , Out:   0.000#

   S-matrix    2 =    1.00000   0.00000 for L=    6, J=    5.0 channel on core I =   0.5 from L=    6,  Acc. loss =  0.0 D.
 Elastic phase shift   2 =    0.000   0.000 deg. for the L =    6, J =    5.0 channel.
       5.5  0.99999998  0.00000233i: elastic S-matrix  @@      0.00  0   0 F  0
 Reaction Xsec     5.5+/ 6 @ 2 =   0.014/, Out:   0.000#

   S-matrix    3 =    1.00000   0.00001 for L=    6, J=    6.0 channel on core I =   0.5 from L=    6,  Acc. loss =  0.0 D.
 Elastic phase shift   3 =    0.000   0.000 deg. for the L =    6, J =    6.0 channel.
       5.5  0.99999998  0.00000659i: elastic S-matrix  @@      0.00  0   0 F  0
 Reaction Xsec     5.5+/ 6 @ 3 =   0.017/, Out:   0.000#

 Finished all CC sets @  0.
0CUMULATIVE REACTION cross section                 =  380.74029  <L> =     2.06  <L**2> =      4.9
0CUMULATIVE outgoing cross sections in partition 1 :    0.00000
0Cumulative ABSORBTION by Imaginary Potentials     =  380.74029  <L> =     2.06  <L**2> =      4.9
   Fusion for specific d        M-states : 1650.737492 1416.502706 1650.737492
0CUMULATIVE OUTGOING cross section                 =    0.00000
 To convert to S-factors (MeV.mb = keV.b),  multiply by  1.4269E+04


 CROSS SECTIONS FOR OUTGOING d        & 19F      in state # 1 with spins & parities 1.0  + & 0.5  +;  0

     0.01 deg.: X-S =   5.6534E+17 mb/sr,
+                                         /R =   1.0000E+00
     1.00 deg.: X-S =   5.6542E+09 mb/sr,
+                                         /R =   1.0001E+00
     2.00 deg.: X-S =   3.5347E+08 mb/sr,
+                                         /R =   1.0002E+00
     3.00 deg.: X-S =   6.9766E+07 mb/sr,
+                                         /R =   9.9913E-01
     4.00 deg.: X-S =   2.2055E+07 mb/sr,
+                                         /R =   9.9789E-01
     5.00 deg.: X-S =   9.0341E+06 mb/sr,
+                                         /R =   9.9749E-01
     6.00 deg.: X-S =   4.3630E+06 mb/sr,
+                                         /R =   9.9838E-01
     7.00 deg.: X-S =   2.3618E+06 mb/sr,
+                                         /R =   1.0006E+00
     8.00 deg.: X-S =   1.3899E+06 mb/sr,
+                                         /R =   1.0037E+00
     9.00 deg.: X-S =   8.7172E+05 mb/sr,
+                                         /R =   1.0075E+00
    10.00 deg.: X-S =   5.7475E+05 mb/sr,
+                                         /R =   1.0115E+00
    11.00 deg.: X-S =   3.9445E+05 mb/sr,
+                                         /R =   1.0153E+00
    12.00 deg.: X-S =   2.7974E+05 mb/sr,
+                                         /R =   1.0186E+00
    13.00 deg.: X-S =   2.0387E+05 mb/sr,
+                                         /R =   1.0211E+00
    14.00 deg.: X-S =   1.5202E+05 mb/sr,
+                                         /R =   1.0228E+00
    15.00 deg.: X-S =   1.1560E+05 mb/sr,
+                                         /R =   1.0234E+00
    16.00 deg.: X-S =   8.9399E+04 mb/sr,
+                                         /R =   1.0230E+00
    17.00 deg.: X-S =   7.0161E+04 mb/sr,
+                                         /R =   1.0214E+00
    18.00 deg.: X-S =   5.5780E+04 mb/sr,
+                                         /R =   1.0188E+00
    19.00 deg.: X-S =   4.4858E+04 mb/sr,
+                                         /R =   1.0153E+00
    20.00 deg.: X-S =   3.6448E+04 mb/sr,
+                                         /R =   1.0108E+00
    21.00 deg.: X-S =   2.9890E+04 mb/sr,
+                                         /R =   1.0055E+00
    22.00 deg.: X-S =   2.4719E+04 mb/sr,
+                                         /R =   9.9939E-01
    23.00 deg.: X-S =   2.0601E+04 mb/sr,
+                                         /R =   9.9267E-01
    24.00 deg.: X-S =   1.7290E+04 mb/sr,
+                                         /R =   9.8541E-01
    25.00 deg.: X-S =   1.4606E+04 mb/sr,
+                                         /R =   9.7768E-01
    26.00 deg.: X-S =   1.2414E+04 mb/sr,
+                                         /R =   9.6956E-01
    27.00 deg.: X-S =   1.0611E+04 mb/sr,
+                                         /R =   9.6114E-01
    28.00 deg.: X-S =  9116.856011 mb/sr,
+                                         /R =   9.5247E-01
    29.00 deg.: X-S =  7872.054260 mb/sr,
+                                         /R =   9.4360E-01
    30.00 deg.: X-S =  6828.697346 mb/sr,
+                                         /R =   9.3460E-01
    31.00 deg.: X-S =  5949.413425 mb/sr,
+                                         /R =   9.2549E-01
    32.00 deg.: X-S =  5204.586877 mb/sr,
+                                         /R =   9.1631E-01
    33.00 deg.: X-S =  4570.584726 mb/sr,
+                                         /R =   9.0707E-01
    34.00 deg.: X-S =  4028.425497 mb/sr,
+                                         /R =   8.9780E-01
    35.00 deg.: X-S =  3562.771115 mb/sr,
+                                         /R =   8.8850E-01
    36.00 deg.: X-S =  3161.157042 mb/sr,
+                                         /R =   8.7918E-01
    37.00 deg.: X-S =  2813.399715 mb/sr,
+                                         /R =   8.6984E-01
    38.00 deg.: X-S =  2511.137133 mb/sr,
+                                         /R =   8.6048E-01
    39.00 deg.: X-S =  2247.470202 mb/sr,
+                                         /R =   8.5110E-01
    40.00 deg.: X-S =  2016.680964 mb/sr,
+                                         /R =   8.4168E-01
    41.00 deg.: X-S =  1814.009868 mb/sr,
+                                         /R =   8.3223E-01
    42.00 deg.: X-S =  1635.478728 mb/sr,
+                                         /R =   8.2274E-01
    43.00 deg.: X-S =  1477.749231 mb/sr,
+                                         /R =   8.1322E-01
    44.00 deg.: X-S =  1338.009299 mb/sr,
+                                         /R =   8.0365E-01
    45.00 deg.: X-S =  1213.881372 mb/sr,
+                                         /R =   7.9403E-01
    46.00 deg.: X-S =  1103.348062 mb/sr,
+                                         /R =   7.8438E-01
    47.00 deg.: X-S =  1004.691626 mb/sr,
+                                         /R =   7.7470E-01
    48.00 deg.: X-S =   916.444486 mb/sr,
+                                         /R =   7.6500E-01
    49.00 deg.: X-S =   837.348630 mb/sr,
+                                         /R =   7.5530E-01
    50.00 deg.: X-S =   766.322177 mb/sr,
+                                         /R =   7.4560E-01
    51.00 deg.: X-S =   702.431744 mb/sr,
+                                         /R =   7.3594E-01
    52.00 deg.: X-S =   644.869527 mb/sr,
+                                         /R =   7.2635E-01
    53.00 deg.: X-S =   592.934245 mb/sr,
+                                         /R =   7.1684E-01
    54.00 deg.: X-S =   546.015235 mb/sr,
+                                         /R =   7.0745E-01
    55.00 deg.: X-S =   503.579137 mb/sr,
+                                         /R =   6.9822E-01
    56.00 deg.: X-S =   465.158729 mb/sr,
+                                         /R =   6.8919E-01
    57.00 deg.: X-S =   430.343524 mb/sr,
+                                         /R =   6.8041E-01
    58.00 deg.: X-S =   398.771843 mb/sr,
+                                         /R =   6.7191E-01
    59.00 deg.: X-S =   370.124101 mb/sr,
+                                         /R =   6.6375E-01
    60.00 deg.: X-S =   344.117122 mb/sr,
+                                         /R =   6.5598E-01
    61.00 deg.: X-S =   320.499299 mb/sr,
+                                         /R =   6.4864E-01
    62.00 deg.: X-S =   299.046478 mb/sr,
+                                         /R =   6.4180E-01
    63.00 deg.: X-S =   279.558436 mb/sr,
+                                         /R =   6.3550E-01
    64.00 deg.: X-S =   261.855866 mb/sr,
+                                         /R =   6.2980E-01
    65.00 deg.: X-S =   245.777796 mb/sr,
+                                         /R =   6.2476E-01
    66.00 deg.: X-S =   231.179365 mb/sr,
+                                         /R =   6.2042E-01
    67.00 deg.: X-S =   217.929908 mb/sr,
+                                         /R =   6.1685E-01
    68.00 deg.: X-S =   205.911301 mb/sr,
+                                         /R =   6.1409E-01
    69.00 deg.: X-S =   195.016529 mb/sr,
+                                         /R =   6.1219E-01
    70.00 deg.: X-S =   185.148445 mb/sr,
+                                         /R =   6.1121E-01
    71.00 deg.: X-S =   176.218689 mb/sr,
+                                         /R =   6.1118E-01
    72.00 deg.: X-S =   168.146748 mb/sr,
+                                         /R =   6.1216E-01
    73.00 deg.: X-S =   160.859133 mb/sr,
+                                         /R =   6.1419E-01
    74.00 deg.: X-S =   154.288662 mb/sr,
+                                         /R =   6.1729E-01
    75.00 deg.: X-S =   148.373825 mb/sr,
+                                         /R =   6.2151E-01
    76.00 deg.: X-S =   143.058232 mb/sr,
+                                         /R =   6.2688E-01
    77.00 deg.: X-S =   138.290124 mb/sr,
+                                         /R =   6.3342E-01
    78.00 deg.: X-S =   134.021939 mb/sr,
+                                         /R =   6.4116E-01
    79.00 deg.: X-S =   130.209931 mb/sr,
+                                         /R =   6.5011E-01
    80.00 deg.: X-S =   126.813829 mb/sr,
+                                         /R =   6.6030E-01
    81.00 deg.: X-S =   123.796533 mb/sr,
+                                         /R =   6.7172E-01
    82.00 deg.: X-S =   121.123847 mb/sr,
+                                         /R =   6.8439E-01
    83.00 deg.: X-S =   118.764237 mb/sr,
+                                         /R =   6.9831E-01
    84.00 deg.: X-S =   116.688612 mb/sr,
+                                         /R =   7.1347E-01
    85.00 deg.: X-S =   114.870131 mb/sr,
+                                         /R =   7.2987E-01
    86.00 deg.: X-S =   113.284025 mb/sr,
+                                         /R =   7.4749E-01
    87.00 deg.: X-S =   111.907441 mb/sr,
+                                         /R =   7.6632E-01
    88.00 deg.: X-S =   110.719298 mb/sr,
+                                         /R =   7.8634E-01
    89.00 deg.: X-S =   109.700152 mb/sr,
+                                         /R =   8.0753E-01
    90.00 deg.: X-S =   108.832082 mb/sr,
+                                         /R =   8.2985E-01
    91.00 deg.: X-S =   108.098576 mb/sr,
+                                         /R =   8.5328E-01
    92.00 deg.: X-S =   107.484435 mb/sr,
+                                         /R =   8.7778E-01
    93.00 deg.: X-S =   106.975681 mb/sr,
+                                         /R =   9.0331E-01
    94.00 deg.: X-S =   106.559469 mb/sr,
+                                         /R =   9.2983E-01
    95.00 deg.: X-S =   106.224015 mb/sr,
+                                         /R =   9.5730E-01
    96.00 deg.: X-S =   105.958518 mb/sr,
+                                         /R =   9.8567E-01
    97.00 deg.: X-S =   105.753099 mb/sr,
+                                         /R =   1.0149E+00
    98.00 deg.: X-S =   105.598734 mb/sr,
+                                         /R =   1.0449E+00
    99.00 deg.: X-S =   105.487201 mb/sr,
+                                         /R =   1.0757E+00
   100.00 deg.: X-S =   105.411024 mb/sr,
+                                         /R =   1.1071E+00
   101.00 deg.: X-S =   105.363422 mb/sr,
+                                         /R =   1.1392E+00
   102.00 deg.: X-S =   105.338265 mb/sr,
+                                         /R =   1.1719E+00
   103.00 deg.: X-S =   105.330027 mb/sr,
+                                         /R =   1.2051E+00
   104.00 deg.: X-S =   105.333748 mb/sr,
+                                         /R =   1.2388E+00
   105.00 deg.: X-S =   105.344994 mb/sr,
+                                         /R =   1.2729E+00
   106.00 deg.: X-S =   105.359819 mb/sr,
+                                         /R =   1.3073E+00
   107.00 deg.: X-S =   105.374734 mb/sr,
+                                         /R =   1.3420E+00
   108.00 deg.: X-S =   105.386672 mb/sr,
+                                         /R =   1.3770E+00
   109.00 deg.: X-S =   105.392961 mb/sr,
+                                         /R =   1.4121E+00
   110.00 deg.: X-S =   105.391292 mb/sr,
+                                         /R =   1.4473E+00
   111.00 deg.: X-S =   105.379692 mb/sr,
+                                         /R =   1.4826E+00
   112.00 deg.: X-S =   105.356504 mb/sr,
+                                         /R =   1.5180E+00
   113.00 deg.: X-S =   105.320354 mb/sr,
+                                         /R =   1.5533E+00
   114.00 deg.: X-S =   105.270136 mb/sr,
+                                         /R =   1.5885E+00
   115.00 deg.: X-S =   105.204988 mb/sr,
+                                         /R =   1.6235E+00
   116.00 deg.: X-S =   105.124268 mb/sr,
+                                         /R =   1.6584E+00
   117.00 deg.: X-S =   105.027541 mb/sr,
+                                         /R =   1.6931E+00
   118.00 deg.: X-S =   104.914556 mb/sr,
+                                         /R =   1.7274E+00
   119.00 deg.: X-S =   104.785232 mb/sr,
+                                         /R =   1.7615E+00
   120.00 deg.: X-S =   104.639640 mb/sr,
+                                         /R =   1.7952E+00
   121.00 deg.: X-S =   104.477987 mb/sr,
+                                         /R =   1.8286E+00
   122.00 deg.: X-S =   104.300605 mb/sr,
+                                         /R =   1.8615E+00
   123.00 deg.: X-S =   104.107932 mb/sr,
+                                         /R =   1.8940E+00
   124.00 deg.: X-S =   103.900505 mb/sr,
+                                         /R =   1.9260E+00
   125.00 deg.: X-S =   103.678946 mb/sr,
+                                         /R =   1.9575E+00
   126.00 deg.: X-S =   103.443946 mb/sr,
+                                         /R =   1.9885E+00
   127.00 deg.: X-S =   103.196263 mb/sr,
+                                         /R =   2.0190E+00
   128.00 deg.: X-S =   102.936704 mb/sr,
+                                         /R =   2.0489E+00
   129.00 deg.: X-S =   102.666122 mb/sr,
+                                         /R =   2.0782E+00
   130.00 deg.: X-S =   102.385402 mb/sr,
+                                         /R =   2.1069E+00
   131.00 deg.: X-S =   102.095457 mb/sr,
+                                         /R =   2.1350E+00
   132.00 deg.: X-S =   101.797220 mb/sr,
+                                         /R =   2.1625E+00
   133.00 deg.: X-S =   101.491633 mb/sr,
+                                         /R =   2.1894E+00
   134.00 deg.: X-S =   101.179647 mb/sr,
+                                         /R =   2.2156E+00
   135.00 deg.: X-S =   100.862210 mb/sr,
+                                         /R =   2.2413E+00
   136.00 deg.: X-S =   100.540268 mb/sr,
+                                         /R =   2.2662E+00
   137.00 deg.: X-S =   100.214752 mb/sr,
+                                         /R =   2.2906E+00
   138.00 deg.: X-S =    99.886583 mb/sr,
+                                         /R =   2.3143E+00
   139.00 deg.: X-S =    99.556659 mb/sr,
+                                         /R =   2.3374E+00
   140.00 deg.: X-S =    99.225858 mb/sr,
+                                         /R =   2.3598E+00
   141.00 deg.: X-S =    98.895032 mb/sr,
+                                         /R =   2.3816E+00
   142.00 deg.: X-S =    98.565005 mb/sr,
+                                         /R =   2.4027E+00
   143.00 deg.: X-S =    98.236570 mb/sr,
+                                         /R =   2.4233E+00
   144.00 deg.: X-S =    97.910488 mb/sr,
+                                         /R =   2.4432E+00
   145.00 deg.: X-S =    97.587485 mb/sr,
+                                         /R =   2.4625E+00
   146.00 deg.: X-S =    97.268252 mb/sr,
+                                         /R =   2.4812E+00
   147.00 deg.: X-S =    96.953443 mb/sr,
+                                         /R =   2.4993E+00
   148.00 deg.: X-S =    96.643677 mb/sr,
+                                         /R =   2.5168E+00
   149.00 deg.: X-S =    96.339532 mb/sr,
+                                         /R =   2.5337E+00
   150.00 deg.: X-S =    96.041551 mb/sr,
+                                         /R =   2.5500E+00
   151.00 deg.: X-S =    95.750239 mb/sr,
+                                         /R =   2.5657E+00
   152.00 deg.: X-S =    95.466062 mb/sr,
+                                         /R =   2.5809E+00
   153.00 deg.: X-S =    95.189453 mb/sr,
+                                         /R =   2.5955E+00
   154.00 deg.: X-S =    94.920806 mb/sr,
+                                         /R =   2.6095E+00
   155.00 deg.: X-S =    94.660482 mb/sr,
+                                         /R =   2.6230E+00
   156.00 deg.: X-S =    94.408807 mb/sr,
+                                         /R =   2.6359E+00
   157.00 deg.: X-S =    94.166075 mb/sr,
+                                         /R =   2.6483E+00
   158.00 deg.: X-S =    93.932551 mb/sr,
+                                         /R =   2.6601E+00
   159.00 deg.: X-S =    93.708467 mb/sr,
+                                         /R =   2.6714E+00
   160.00 deg.: X-S =    93.494031 mb/sr,
+                                         /R =   2.6822E+00
   161.00 deg.: X-S =    93.289422 mb/sr,
+                                         /R =   2.6924E+00
   162.00 deg.: X-S =    93.094796 mb/sr,
+                                         /R =   2.7021E+00
   163.00 deg.: X-S =    92.910287 mb/sr,
+                                         /R =   2.7113E+00
   164.00 deg.: X-S =    92.736008 mb/sr,
+                                         /R =   2.7200E+00
   165.00 deg.: X-S =    92.572053 mb/sr,
+                                         /R =   2.7281E+00
   166.00 deg.: X-S =    92.418499 mb/sr,
+                                         /R =   2.7357E+00
   167.00 deg.: X-S =    92.275408 mb/sr,
+                                         /R =   2.7428E+00
   168.00 deg.: X-S =    92.142830 mb/sr,
+                                         /R =   2.7493E+00
   169.00 deg.: X-S =    92.020802 mb/sr,
+                                         /R =   2.7553E+00
   170.00 deg.: X-S =    91.909352 mb/sr,
+                                         /R =   2.7608E+00
   171.00 deg.: X-S =    91.808499 mb/sr,
+                                         /R =   2.7658E+00
   172.00 deg.: X-S =    91.718256 mb/sr,
+                                         /R =   2.7703E+00
   173.00 deg.: X-S =    91.638630 mb/sr,
+                                         /R =   2.7742E+00
   174.00 deg.: X-S =    91.569625 mb/sr,
+                                         /R =   2.7776E+00
   175.00 deg.: X-S =    91.511242 mb/sr,
+                                         /R =   2.7805E+00
   176.00 deg.: X-S =    91.463479 mb/sr,
+                                         /R =   2.7829E+00
   177.00 deg.: X-S =    91.426334 mb/sr,
+                                         /R =   2.7847E+00
   178.00 deg.: X-S =    91.399804 mb/sr,
+                                         /R =   2.7860E+00
   179.00 deg.: X-S =    91.383887 mb/sr,
+                                         /R =   2.7868E+00
   179.99 deg.: X-S =    91.378582 mb/sr,
+                                         /R =   2.7871E+00
 Finished all xsecs @  0.

  The following files have been created:
   3:local copy of User input.            6:standard output.                   
   7:elastic  S-matrix elements.         13:total cross sections/state.        
  16:tables of cross sections.           38:cross sections for each J/pi.      
  39:cross sections for each Ecm.        40:all cross sectns. for each Elab.   
  45:scat phase shift as E functions.    56:Fusion for each Jtotal.            
 201:Separate cross sections.           

 PARAMETERS : MAXQRN   MFNL   MLOC  LMAX1 MCLIST
    ALLOWED :      1      9      5     80      7
    REQUIRED:      0      0      5      7      5


 ACCURACY ANALYSIS at     1.979 MeV :

  Elastic h*k = 0.020 so OK       compared with 0.200

   Real(S-el) > 0.01 first at J =       0.5
   Real(S-el) > 0.10 first at J =       0.5
   Real(S-el) > 0.50 first at J =       0.5
   Real(S-el) > 0.90 first at J =       0.5
   Real(S-el) > 0.99 first at J =       1.5
   R-turn =    17.96 fm    at J =       5.5

 Forward-angle excitation cut off below  27.308 deg by max JT =       5.5
                              and below  13.833 deg by max R.

