 FRESCO - FRES 3.2: Coupled Reaction Channels
 Assuming NAMELIST input.

 19F(6Li,d)23Na at 16 MeV (Auto Scan)                                            

   0.100  30.000   0.100   0.100  18.000   0.000   0.000   0.000   0.000   0.000

 Centre-of-mass Range is    302 * 0.1000 fm., Maximum at  30.00 fm., Interpolating NL forms every  0.10 fm.
 Non - locality width is    181 * 0.1000 fm., Maximum of  18.00 fm., Centred at  0.00 fm.
 2-Nucleon Separation of      0 * 0.1000 fm., Maximum of   0.00 fm., Minimum at  0.00 fm.
 Maximum single particle bins of 30.0000 fm.
               M,Mint =          301         301


 Range of total J is     0.0 <= J <=    40.0 (at least     0.0) and Absorbtion =>    -1.0000 mb.
 Dry Run = F, CC set limits =  0  0, Relativistic kinematics =  , Both/Far/Near Analyses =  1

 Cross Sections (and up to T0 for 0=projectile) for Theta from   0.0 to  80.0 in steps of  0.1 degrees, DGAM=0,  Coordinates = 0 (Mads)

 Lower Radial Cutoff = maximum of -2.00*L*h &       0.0 fm.,  Lower Cutoff for Couplings =   0.0  fm.


 Iterate Couplings between   0 and   1 times, to  0.001 % if sooner.                                          
  Block solved exactly =   8 chs., with Pade = 0 & Isocen =  =0, NOSOL = F, initwf =  0
  NL quadrature with   24 Gaussian points, Calculate multipoles up to    46 from   0
  M-transfers for lp+lt greater than or equal to  6, Angular Integration Cutoff below  1.5625 %


 Trace switches are :  CHANS =  0, LISTCC =  0, TRENEG =  0, CDETR =  0, SMATS =  0, XSTABL =  1, NLPL =  0

                       WAVES =  0, LAMPL =  0, VEFF =  0, KFUS =  0, WDISK =  0, BPM =  0, MELFIL =  0

                       CDCC =  0, NFUS =  0

 Using unit mass = 1.000000 amu and 1/fine-structure constant = 137.03599 ( 1.000000 * true ) with hc = 197.32705 MeV.fm,
  thus 2*amu/hbar^2 = 0.0478450 = 1/20.9008 and Coulomb constant = 0.1574855 so e^2 = 1.43997, and nuclear magneton= 0.1261183

 Now pre-scan input and save to file 3

  Missing fractional overlaps! for coupling            1
  Projectile uses: F F
  Target     uses: F F


 *********** PARTITION NUMBER  1 ******************************************************************************************

   PROJ=6Li        MASS=  6.0151 Z=   3.0,        # STATES=   -1T, TARG=19F      MASS= 18.9980 Z=   9.0,     Q-VALUE =   0.0000 MEV.

     1:  J= 1.0+ (B# 1), E=  0.0000, K= 0.0              Potl#  1       J= 0.5+ (B# 1), E=  0.0000, K= 0.5    


 *********** PARTITION NUMBER  2 ******************************************************************************************

   PROJ=d          MASS=  2.0141 Z=   1.0,        # STATES=   -1T, TARG=23Na     MASS= 22.9890 Z=  11.0,     Q-VALUE =   8.9930 MEV.

     1:  J= 1.0+ (B# 1), E=  0.0000, K= 0.0              Potl#  2       J= 1.5+ (B# 1), E=  0.0000, K= 0.5    


 ************************************************************************************************************************************

 The following POTENTIALS are defined :

  KP#       TYPE      IT    SHAPE      at     V1        r1        a1        V2        r2        a2        A-in     A-used


                                            A#1       A#2        r0c       ac                                                h @ 1
    1    0=Coulomb       0=CHARGE (WS)  1     1.300     0.000    0.0000    0.0000    0.0000    0.0000     0.000     1.300   0.10000

    1    1=Volume        0=Woods-Saxon  2  265.8000    1.0002    0.6924    0.0000    0.0000    0.0000     0.000     1.300

    1    2=Surface       0=Woods-Saxon  3   19.0000    1.2300    0.9700    0.0000    0.0000    0.0000     0.000     1.300

    1    3=Projtl S.O.   0=Woods-Saxon  4    2.0000    1.1600    0.6500    0.0000    0.0000    0.0000     0.000     1.300
   --------------------------------------------------------------------------------------------------------------------

                                            A#1       A#2        r0c       ac                                                h @ 2
    2    0=Coulomb       0=CHARGE (WS)  5     1.300     0.000    0.0000    0.0000    0.0000    0.0000     0.000     1.300   0.10000

    2    1=Volume        0=Woods-Saxon  6   89.7500    1.1500    0.7600    0.0000    0.0000    0.0000     0.000     1.300

    2    2=Surface       0=Woods-Saxon  7   10.5100    1.3400    0.5700    0.0000    0.0000    0.0000     0.000     1.300

    2    3=Projtl S.O.   0=Woods-Saxon  8    3.5600    0.9700    1.0100    0.0000    0.0000    0.0000     0.000     1.300
   --------------------------------------------------------------------------------------------------------------------

                                            A#1       A#2        r0c       ac                                                h @ 0
    3    0=Coulomb       0=CHARGE (WS)  9     1.250     0.000    0.0000    0.0000    0.0000    0.0000     0.000     1.250   0.10000

    3    1=Volume        0=Woods-Saxon 10   80.0000    1.2500    0.6500    0.0000    0.0000    0.0000     0.000     1.250
   --------------------------------------------------------------------------------------------------------------------

                                            A#1       A#2        r0c       ac                                                h @ 0
    4    0=Coulomb       0=CHARGE (WS) 11     1.300     0.000    0.0000    0.0000    0.0000    0.0000     0.000     1.300   0.10000

    4    1=Volume        0=Woods-Saxon 12  130.0000    1.3000    0.7000    0.0000    0.0000    0.0000     0.000     1.300


 ************************************************************************************************************************************

 The following SINGLE-PARTICLE FORM FACTORS are constructed :


 No.   P1 P2 IN KIND T N  L  S1 IA J/S  IB BIND XFER  BE    SC PC FIL AFRAC Adjust  to  Z  Mass   K     Norm    rms      D0     D   ANC/Gsp
   NO SUITABLE CHANNELS FOUND ????  INPUT DATA WERE:
  1  0 1 2 1 0   2 0 0 1.0 0 0.0 0  3  0  1.4740  0  0  0  0  0.0000

 No.   P1 P2 IN KIND T N  L  S1 IA J/S  IB BIND XFER  BE    SC PC FIL AFRAC Adjust  to  Z  Mass   K     Norm    rms      D0     D   ANC/Gsp
 ***** FAIL IN EIGCC : DISCREPANCY = -3.7013E-02 EVEN AFTER 40 ITERATIONS

